mode: set
registro-backend/internal/config/config.go:55.36,60.45 3 0
registro-backend/internal/config/config.go:60.45,62.3 1 0
registro-backend/internal/config/config.go:64.2,102.20 5 0
registro-backend/internal/handler/health.go:14.50,16.2 1 0
registro-backend/internal/handler/health.go:18.48,20.2 1 0
registro-backend/internal/handler/health.go:22.47,23.36 1 0
registro-backend/internal/handler/health.go:23.36,26.3 2 0
registro-backend/internal/handler/health.go:27.2,27.49 1 0
registro-backend/internal/communications/handler.go:13.38,15.2 1 0
registro-backend/internal/communications/handler.go:17.55,19.2 2 0
registro-backend/internal/communications/handler.go:19.2,22.3 2 0
registro-backend/internal/communications/handler.go:25.40,27.15 2 0
registro-backend/internal/communications/handler.go:27.15,29.3 1 0
registro-backend/internal/communications/handler.go:30.2,31.16 2 0
registro-backend/internal/communications/handler.go:31.16,34.3 2 0
registro-backend/internal/communications/handler.go:35.2,35.29 1 0
registro-backend/internal/communications/handler.go:38.40,40.15 2 0
registro-backend/internal/communications/handler.go:40.15,42.3 1 0
registro-backend/internal/communications/handler.go:43.2,44.47 2 0
registro-backend/internal/communications/handler.go:44.47,47.3 2 0
registro-backend/internal/communications/handler.go:48.2,49.16 2 0
registro-backend/internal/communications/handler.go:49.16,52.3 2 0
registro-backend/internal/communications/handler.go:53.2,53.33 1 0
registro-backend/internal/communications/repository.go:21.52,23.2 1 0
registro-backend/internal/communications/repository.go:25.78,38.2 5 0
registro-backend/internal/communications/repository.go:40.91,49.16 3 0
registro-backend/internal/communications/repository.go:49.16,51.3 1 0
registro-backend/internal/communications/repository.go:52.2,55.18 3 0
registro-backend/internal/communications/repository.go:55.18,60.17 3 0
registro-backend/internal/communications/repository.go:60.17,62.4 1 0
registro-backend/internal/communications/repository.go:63.3,64.25 2 0
registro-backend/internal/communications/repository.go:66.2,66.18 1 0
registro-backend/internal/communications/service.go:11.43,13.2 1 1
registro-backend/internal/communications/service.go:15.113,23.48 2 1
registro-backend/internal/communications/service.go:23.48,25.3 1 0
registro-backend/internal/communications/service.go:26.2,26.17 1 1
registro-backend/internal/communications/service.go:29.88,31.2 1 1
registro-backend/internal/db/postgres.go:14.58,19.16 3 0
registro-backend/internal/db/postgres.go:19.16,21.3 1 0
registro-backend/internal/db/postgres.go:24.2,28.34 4 0
registro-backend/internal/db/postgres.go:28.34,30.3 1 0
registro-backend/internal/db/postgres.go:32.2,33.16 2 0
registro-backend/internal/attendance/handler.go:13.37,15.2 1 0
registro-backend/internal/attendance/handler.go:18.54,41.2 14 0
registro-backend/internal/attendance/handler.go:43.48,46.16 3 0
registro-backend/internal/attendance/handler.go:46.16,49.3 2 0
registro-backend/internal/attendance/handler.go:50.2,50.28 1 0
registro-backend/internal/attendance/handler.go:53.54,57.16 3 0
registro-backend/internal/attendance/handler.go:57.16,60.3 2 0
registro-backend/internal/attendance/handler.go:61.2,61.28 1 0
registro-backend/internal/attendance/handler.go:64.51,67.16 3 0
registro-backend/internal/attendance/handler.go:67.16,70.3 2 0
registro-backend/internal/attendance/handler.go:71.2,71.28 1 0
registro-backend/internal/attendance/handler.go:74.56,77.97 3 0
registro-backend/internal/attendance/handler.go:77.97,80.3 2 0
registro-backend/internal/attendance/handler.go:81.2,81.53 1 0
registro-backend/internal/attendance/handler.go:84.55,87.79 2 0
registro-backend/internal/attendance/handler.go:87.79,90.3 2 0
registro-backend/internal/attendance/handler.go:91.2,91.53 1 0
registro-backend/internal/attendance/handler.go:94.48,96.16 2 0
registro-backend/internal/attendance/handler.go:96.16,99.3 2 0
registro-backend/internal/attendance/handler.go:100.2,100.28 1 0
registro-backend/internal/attendance/handler.go:103.50,105.47 2 0
registro-backend/internal/attendance/handler.go:105.47,108.3 2 0
registro-backend/internal/attendance/handler.go:109.2,110.83 2 0
registro-backend/internal/attendance/handler.go:110.83,113.3 2 0
registro-backend/internal/attendance/handler.go:114.2,114.51 1 0
registro-backend/internal/attendance/handler.go:117.44,119.47 2 0
registro-backend/internal/attendance/handler.go:119.47,122.3 2 0
registro-backend/internal/attendance/handler.go:123.2,124.77 2 0
registro-backend/internal/attendance/handler.go:124.77,127.3 2 0
registro-backend/internal/attendance/handler.go:128.2,128.56 1 0
registro-backend/internal/attendance/handler.go:131.54,134.16 3 0
registro-backend/internal/attendance/handler.go:134.16,137.3 2 0
registro-backend/internal/attendance/handler.go:138.2,139.16 2 0
registro-backend/internal/attendance/handler.go:139.16,142.3 2 0
registro-backend/internal/attendance/handler.go:143.2,143.28 1 0
registro-backend/internal/attendance/handler.go:146.51,150.16 3 0
registro-backend/internal/attendance/handler.go:150.16,153.3 2 0
registro-backend/internal/attendance/handler.go:154.2,154.28 1 0
registro-backend/internal/attendance/handler.go:157.56,159.47 2 0
registro-backend/internal/attendance/handler.go:159.47,162.3 2 0
registro-backend/internal/attendance/handler.go:164.2,165.91 2 0
registro-backend/internal/attendance/handler.go:165.91,168.3 2 0
registro-backend/internal/attendance/handler.go:169.2,169.54 1 0
registro-backend/internal/attendance/handler.go:172.60,175.16 3 0
registro-backend/internal/attendance/handler.go:175.16,178.3 2 0
registro-backend/internal/attendance/handler.go:179.2,179.28 1 0
registro-backend/internal/attendance/handler.go:182.56,187.47 3 0
registro-backend/internal/attendance/handler.go:187.47,190.3 2 0
registro-backend/internal/attendance/handler.go:191.2,192.104 2 0
registro-backend/internal/attendance/handler.go:192.104,195.3 2 0
registro-backend/internal/attendance/handler.go:196.2,196.54 1 0
registro-backend/internal/attendance/handler.go:200.49,200.73 1 0
registro-backend/internal/attendance/model.go:72.37,73.63 1 0
registro-backend/internal/attendance/model.go:73.63,75.3 1 0
registro-backend/internal/attendance/model.go:76.2,76.21 1 0
registro-backend/internal/attendance/model.go:76.21,78.3 1 0
registro-backend/internal/attendance/model.go:80.2,80.51 1 0
registro-backend/internal/attendance/model.go:80.51,82.3 1 0
registro-backend/internal/attendance/model.go:83.2,83.13 1 0
registro-backend/internal/attendance/repository.go:30.43,32.2 1 0
registro-backend/internal/attendance/repository.go:36.50,49.2 2 0
registro-backend/internal/attendance/repository.go:51.60,53.16 2 0
registro-backend/internal/attendance/repository.go:53.16,55.3 1 0
registro-backend/internal/attendance/repository.go:56.2,67.16 3 0
registro-backend/internal/attendance/repository.go:67.16,69.3 1 0
registro-backend/internal/attendance/repository.go:70.2,72.25 2 0
registro-backend/internal/attendance/repository.go:72.25,77.17 2 0
registro-backend/internal/attendance/repository.go:77.17,79.4 1 0
registro-backend/internal/attendance/repository.go:81.2,81.20 1 0
registro-backend/internal/attendance/repository.go:84.50,91.2 3 0
registro-backend/internal/attendance/repository.go:93.63,100.16 4 0
registro-backend/internal/attendance/repository.go:100.16,102.3 1 0
registro-backend/internal/attendance/repository.go:103.2,103.16 1 0
registro-backend/internal/attendance/repository.go:106.95,113.16 3 0
registro-backend/internal/attendance/repository.go:113.16,115.3 1 0
registro-backend/internal/attendance/repository.go:116.2,119.18 3 0
registro-backend/internal/attendance/repository.go:119.18,121.141 2 0
registro-backend/internal/attendance/repository.go:121.141,123.4 1 0
registro-backend/internal/attendance/repository.go:124.3,124.23 1 0
registro-backend/internal/attendance/repository.go:126.2,126.17 1 0
registro-backend/internal/attendance/repository.go:129.106,137.16 3 0
registro-backend/internal/attendance/repository.go:137.16,139.3 1 0
registro-backend/internal/attendance/repository.go:140.2,143.18 3 0
registro-backend/internal/attendance/repository.go:143.18,145.141 2 0
registro-backend/internal/attendance/repository.go:145.141,147.4 1 0
registro-backend/internal/attendance/repository.go:148.3,148.23 1 0
registro-backend/internal/attendance/repository.go:150.2,150.17 1 0
registro-backend/internal/attendance/repository.go:153.75,165.16 4 0
registro-backend/internal/attendance/repository.go:165.16,167.3 1 0
registro-backend/internal/attendance/repository.go:168.2,168.16 1 0
registro-backend/internal/attendance/repository.go:173.66,178.2 2 0
registro-backend/internal/attendance/repository.go:180.66,184.2 3 0
registro-backend/internal/attendance/repository.go:186.79,190.16 4 0
registro-backend/internal/attendance/repository.go:190.16,192.3 1 0
registro-backend/internal/attendance/repository.go:193.2,193.16 1 0
registro-backend/internal/attendance/repository.go:196.89,205.16 3 0
registro-backend/internal/attendance/repository.go:205.16,207.3 1 0
registro-backend/internal/attendance/repository.go:208.2,211.18 3 0
registro-backend/internal/attendance/repository.go:211.18,213.104 2 0
registro-backend/internal/attendance/repository.go:213.104,215.4 1 0
registro-backend/internal/attendance/repository.go:216.3,216.23 1 0
registro-backend/internal/attendance/repository.go:218.2,218.17 1 0
registro-backend/internal/attendance/service.go:33.42,38.2 1 1
registro-backend/internal/attendance/service.go:40.108,53.25 3 1
registro-backend/internal/attendance/service.go:53.25,55.3 1 0
registro-backend/internal/attendance/service.go:56.2,56.24 1 1
registro-backend/internal/attendance/service.go:56.24,58.3 1 0
registro-backend/internal/attendance/service.go:60.2,60.55 1 1
registro-backend/internal/attendance/service.go:60.55,62.3 1 1
registro-backend/internal/attendance/service.go:64.2,64.27 1 1
registro-backend/internal/attendance/service.go:67.100,71.33 3 1
registro-backend/internal/attendance/service.go:71.33,81.24 2 1
registro-backend/internal/attendance/service.go:81.24,83.4 1 0
registro-backend/internal/attendance/service.go:84.3,84.56 1 1
registro-backend/internal/attendance/service.go:84.56,86.4 1 1
registro-backend/internal/attendance/service.go:87.3,87.27 1 0
registro-backend/internal/attendance/service.go:90.2,90.33 1 0
registro-backend/internal/attendance/service.go:93.114,95.16 2 0
registro-backend/internal/attendance/service.go:95.16,97.3 1 0
registro-backend/internal/attendance/service.go:101.2,101.23 1 0
registro-backend/internal/attendance/service.go:101.23,103.3 1 0
registro-backend/internal/attendance/service.go:104.2,104.22 1 0
registro-backend/internal/attendance/service.go:104.22,106.3 1 0
registro-backend/internal/attendance/service.go:107.2,107.26 1 0
registro-backend/internal/attendance/service.go:107.26,109.3 1 0
registro-backend/internal/attendance/service.go:111.2,111.27 1 0
registro-backend/internal/attendance/service.go:114.122,117.16 3 0
registro-backend/internal/attendance/service.go:117.16,119.3 1 0
registro-backend/internal/attendance/service.go:121.2,128.27 3 0
registro-backend/internal/attendance/service.go:128.27,137.27 2 0
registro-backend/internal/attendance/service.go:137.27,139.4 1 0
registro-backend/internal/attendance/service.go:141.3,143.21 2 0
registro-backend/internal/attendance/service.go:144.22,145.7 1 0
registro-backend/internal/attendance/service.go:146.21,147.7 1 0
registro-backend/internal/attendance/service.go:148.19,149.7 1 0
registro-backend/internal/attendance/service.go:152.2,156.18 4 0
registro-backend/internal/attendance/service.go:159.109,165.16 4 0
registro-backend/internal/attendance/service.go:165.16,167.3 1 0
registro-backend/internal/attendance/service.go:169.2,170.27 2 0
registro-backend/internal/attendance/service.go:170.27,180.3 2 0
registro-backend/internal/attendance/service.go:181.2,181.18 1 0
registro-backend/internal/attendance/service.go:186.110,199.61 4 0
registro-backend/internal/attendance/service.go:199.61,201.3 1 0
registro-backend/internal/attendance/service.go:203.2,203.38 1 0
registro-backend/internal/attendance/service.go:206.116,208.16 2 1
registro-backend/internal/attendance/service.go:208.16,210.3 1 0
registro-backend/internal/attendance/service.go:212.2,212.13 1 1
registro-backend/internal/attendance/service.go:212.13,221.3 4 1
registro-backend/internal/attendance/service.go:221.8,223.3 1 0
registro-backend/internal/attendance/service.go:225.2,225.38 1 1
registro-backend/internal/attendance/service.go:228.114,230.16 2 0
registro-backend/internal/attendance/service.go:230.16,232.3 1 0
registro-backend/internal/attendance/service.go:234.2,235.23 2 0
registro-backend/internal/attendance/service.go:235.23,242.3 1 0
registro-backend/internal/attendance/service.go:243.2,243.18 1 0
registro-backend/internal/attendance/service.go:246.90,258.2 1 0
registro-backend/internal/attendance/service.go:260.102,262.16 2 0
registro-backend/internal/attendance/service.go:262.16,264.3 1 0
registro-backend/internal/attendance/service.go:268.2,271.30 3 0
registro-backend/internal/attendance/service.go:271.30,273.3 1 0
registro-backend/internal/attendance/service.go:273.8,273.37 1 0
registro-backend/internal/attendance/service.go:273.37,275.3 1 0
registro-backend/internal/attendance/service.go:275.8,277.3 1 0
registro-backend/internal/attendance/service.go:279.2,279.19 1 0
registro-backend/internal/attendance/service.go:282.87,288.2 1 0
registro-backend/internal/attendance/validator.go:10.32,12.2 1 1
registro-backend/internal/attendance/validator.go:14.56,19.41 3 1
registro-backend/internal/attendance/validator.go:19.41,21.3 1 1
registro-backend/internal/attendance/validator.go:30.2,30.50 1 1
registro-backend/internal/attendance/validator.go:30.50,32.3 1 1
registro-backend/internal/attendance/validator.go:33.2,33.54 1 1
registro-backend/internal/attendance/validator.go:33.54,35.3 1 0
registro-backend/internal/attendance/validator.go:37.2,37.12 1 1
registro-backend/internal/attendance/validator.go:40.67,41.35 1 0
registro-backend/internal/attendance/validator.go:41.35,43.3 1 0
registro-backend/internal/attendance/validator.go:44.2,44.12 1 0
registro-backend/internal/pcto/certificate_generator.go:7.106,10.2 1 0
registro-backend/internal/pcto/certificate_generator.go:14.100,16.2 1 0
registro-backend/internal/pcto/handler.go:13.37,15.2 1 0
registro-backend/internal/pcto/handler.go:17.54,33.2 9 0
registro-backend/internal/pcto/handler.go:35.49,37.47 2 0
registro-backend/internal/pcto/handler.go:37.47,40.3 2 0
registro-backend/internal/pcto/handler.go:41.2,42.82 2 0
registro-backend/internal/pcto/handler.go:42.82,45.3 2 0
registro-backend/internal/pcto/handler.go:46.2,46.57 1 0
registro-backend/internal/pcto/handler.go:49.47,51.16 2 0
registro-backend/internal/pcto/handler.go:51.16,54.3 2 0
registro-backend/internal/pcto/handler.go:55.2,55.28 1 0
registro-backend/internal/pcto/handler.go:58.49,63.47 3 0
registro-backend/internal/pcto/handler.go:63.47,66.3 2 0
registro-backend/internal/pcto/handler.go:67.2,67.88 1 0
registro-backend/internal/pcto/handler.go:67.88,70.3 2 0
registro-backend/internal/pcto/handler.go:71.2,71.53 1 0
registro-backend/internal/pcto/handler.go:74.49,76.47 2 0
registro-backend/internal/pcto/handler.go:76.47,79.3 2 0
registro-backend/internal/pcto/handler.go:80.2,80.74 1 0
registro-backend/internal/pcto/handler.go:80.74,83.3 2 0
registro-backend/internal/pcto/handler.go:84.2,84.65 1 0
registro-backend/internal/pcto/handler.go:87.48,89.16 2 0
registro-backend/internal/pcto/handler.go:89.16,92.3 2 0
registro-backend/internal/pcto/handler.go:93.2,93.28 1 0
registro-backend/internal/pcto/handler.go:96.49,99.16 3 0
registro-backend/internal/pcto/handler.go:99.16,102.3 2 0
registro-backend/internal/pcto/handler.go:103.2,103.28 1 0
registro-backend/internal/pcto/handler.go:106.44,108.47 2 0
registro-backend/internal/pcto/handler.go:108.47,111.3 2 0
registro-backend/internal/pcto/handler.go:112.2,113.77 2 0
registro-backend/internal/pcto/handler.go:113.77,116.3 2 0
registro-backend/internal/pcto/handler.go:117.2,117.56 1 0
registro-backend/internal/pcto/handler.go:120.53,124.16 4 0
registro-backend/internal/pcto/handler.go:124.16,127.3 2 0
registro-backend/internal/pcto/handler.go:128.2,128.67 1 0
registro-backend/internal/pcto/repository.go:31.43,33.2 1 0
registro-backend/internal/pcto/repository.go:35.75,42.2 2 0
registro-backend/internal/pcto/repository.go:44.91,46.16 2 0
registro-backend/internal/pcto/repository.go:46.16,48.3 1 0
registro-backend/internal/pcto/repository.go:49.2,51.18 3 0
registro-backend/internal/pcto/repository.go:51.18,53.194 2 0
registro-backend/internal/pcto/repository.go:53.194,55.4 1 0
registro-backend/internal/pcto/repository.go:56.3,56.33 1 0
registro-backend/internal/pcto/repository.go:58.2,58.22 1 0
registro-backend/internal/pcto/repository.go:61.87,67.2 3 0
registro-backend/internal/pcto/repository.go:69.75,72.2 2 0
registro-backend/internal/pcto/repository.go:74.81,77.2 2 0
registro-backend/internal/pcto/repository.go:79.113,81.16 2 0
registro-backend/internal/pcto/repository.go:81.16,83.3 1 0
registro-backend/internal/pcto/repository.go:84.2,86.18 3 0
registro-backend/internal/pcto/repository.go:86.18,90.3 3 0
registro-backend/internal/pcto/repository.go:91.2,91.19 1 0
registro-backend/internal/pcto/repository.go:94.113,96.16 2 0
registro-backend/internal/pcto/repository.go:96.16,98.3 1 0
registro-backend/internal/pcto/repository.go:99.2,101.18 3 0
registro-backend/internal/pcto/repository.go:101.18,105.3 3 0
registro-backend/internal/pcto/repository.go:106.2,106.19 1 0
registro-backend/internal/pcto/repository.go:109.113,113.2 3 0
registro-backend/internal/pcto/repository.go:115.70,117.16 2 0
registro-backend/internal/pcto/repository.go:117.16,119.3 1 0
registro-backend/internal/pcto/repository.go:120.2,125.16 3 0
registro-backend/internal/pcto/repository.go:125.16,127.3 1 0
registro-backend/internal/pcto/repository.go:130.2,131.16 2 0
registro-backend/internal/pcto/repository.go:131.16,133.3 1 0
registro-backend/internal/pcto/repository.go:135.2,135.20 1 0
registro-backend/internal/pcto/repository.go:138.95,140.16 2 0
registro-backend/internal/pcto/repository.go:140.16,142.3 1 0
registro-backend/internal/pcto/repository.go:143.2,145.18 3 0
registro-backend/internal/pcto/repository.go:145.18,149.23 4 0
registro-backend/internal/pcto/repository.go:149.23,152.4 2 0
registro-backend/internal/pcto/repository.go:153.3,153.25 1 0
registro-backend/internal/pcto/repository.go:155.2,155.18 1 0
registro-backend/internal/pcto/repository.go:158.87,161.2 2 0
registro-backend/internal/pcto/repository.go:163.75,166.2 1 0
registro-backend/internal/pcto/repository.go:168.92,170.16 2 0
registro-backend/internal/pcto/repository.go:170.16,172.3 1 0
registro-backend/internal/pcto/repository.go:173.2,175.18 3 0
registro-backend/internal/pcto/repository.go:175.18,179.3 3 0
registro-backend/internal/pcto/repository.go:180.2,180.19 1 0
registro-backend/internal/pcto/service.go:26.42,28.2 1 1
registro-backend/internal/pcto/service.go:30.104,32.16 2 1
registro-backend/internal/pcto/service.go:32.16,34.3 1 1
registro-backend/internal/pcto/service.go:35.2,36.16 2 1
registro-backend/internal/pcto/service.go:36.16,38.3 1 0
registro-backend/internal/pcto/service.go:40.2,40.23 1 1
registro-backend/internal/pcto/service.go:40.23,42.3 1 1
registro-backend/internal/pcto/service.go:44.2,57.37 2 1
registro-backend/internal/pcto/service.go:60.71,62.2 1 0
registro-backend/internal/pcto/service.go:64.89,68.2 2 0
registro-backend/internal/pcto/service.go:70.93,73.16 2 1
registro-backend/internal/pcto/service.go:73.16,75.3 1 0
registro-backend/internal/pcto/service.go:77.2,85.34 3 1
registro-backend/internal/pcto/service.go:88.91,90.16 2 0
registro-backend/internal/pcto/service.go:90.16,92.3 1 0
registro-backend/internal/pcto/service.go:94.2,95.26 2 0
registro-backend/internal/pcto/service.go:95.26,97.18 2 0
registro-backend/internal/pcto/service.go:97.18,99.4 1 0
registro-backend/internal/pcto/service.go:101.2,101.22 1 0
registro-backend/internal/pcto/service.go:104.124,106.16 2 0
registro-backend/internal/pcto/service.go:106.16,108.3 1 0
registro-backend/internal/pcto/service.go:110.2,111.24 2 0
registro-backend/internal/pcto/service.go:114.71,117.2 2 0
registro-backend/internal/pcto/service.go:119.72,121.2 1 0
registro-backend/internal/permissions/permissions.go:38.55,40.2 1 1
registro-backend/internal/permissions/permissions.go:88.28,90.2 1 1
registro-backend/internal/permissions/permissions.go:93.72,95.9 2 1
registro-backend/internal/permissions/permissions.go:95.9,97.3 1 1
registro-backend/internal/permissions/permissions.go:99.2,99.26 1 1
registro-backend/internal/permissions/permissions.go:99.26,100.20 1 1
registro-backend/internal/permissions/permissions.go:100.20,102.4 1 1
registro-backend/internal/permissions/permissions.go:104.2,104.14 1 1
registro-backend/internal/permissions/permissions.go:108.78,109.31 1 1
registro-backend/internal/permissions/permissions.go:109.31,110.34 1 1
registro-backend/internal/permissions/permissions.go:110.34,112.4 1 1
registro-backend/internal/permissions/permissions.go:114.2,114.13 1 1
registro-backend/internal/orientamento/handler.go:13.37,15.2 1 0
registro-backend/internal/orientamento/handler.go:17.54,28.2 6 0
registro-backend/internal/orientamento/handler.go:30.47,32.47 2 0
registro-backend/internal/orientamento/handler.go:32.47,35.3 2 0
registro-backend/internal/orientamento/handler.go:36.2,37.80 2 0
registro-backend/internal/orientamento/handler.go:37.80,40.3 2 0
registro-backend/internal/orientamento/handler.go:41.2,41.57 1 0
registro-backend/internal/orientamento/handler.go:44.45,46.16 2 0
registro-backend/internal/orientamento/handler.go:46.16,49.3 2 0
registro-backend/internal/orientamento/handler.go:50.2,50.28 1 0
registro-backend/internal/orientamento/handler.go:53.51,57.47 2 0
registro-backend/internal/orientamento/handler.go:57.47,60.3 2 0
registro-backend/internal/orientamento/handler.go:61.2,62.92 2 0
registro-backend/internal/orientamento/handler.go:62.92,65.3 2 0
registro-backend/internal/orientamento/handler.go:66.2,66.55 1 0
registro-backend/internal/orientamento/handler.go:69.47,72.16 3 0
registro-backend/internal/orientamento/handler.go:72.16,75.3 2 0
registro-backend/internal/orientamento/handler.go:76.2,76.28 1 0
registro-backend/internal/orientamento/handler.go:79.50,84.47 3 0
registro-backend/internal/orientamento/handler.go:84.47,87.3 2 0
registro-backend/internal/orientamento/handler.go:88.2,88.89 1 0
registro-backend/internal/orientamento/handler.go:88.89,91.3 2 0
registro-backend/internal/orientamento/handler.go:92.2,92.62 1 0
registro-backend/internal/orientamento/repository.go:20.43,22.2 1 0
registro-backend/internal/orientamento/repository.go:24.71,30.2 2 0
registro-backend/internal/orientamento/repository.go:32.87,34.16 2 0
registro-backend/internal/orientamento/repository.go:34.16,36.3 1 0
registro-backend/internal/orientamento/repository.go:37.2,39.18 3 0
registro-backend/internal/orientamento/repository.go:39.18,43.3 3 0
registro-backend/internal/orientamento/repository.go:44.2,44.20 1 0
registro-backend/internal/orientamento/repository.go:47.83,50.2 1 0
registro-backend/internal/orientamento/repository.go:52.104,54.16 2 0
registro-backend/internal/orientamento/repository.go:54.16,56.3 1 0
registro-backend/internal/orientamento/repository.go:57.2,59.18 3 0
registro-backend/internal/orientamento/repository.go:59.18,63.3 3 0
registro-backend/internal/orientamento/repository.go:64.2,64.19 1 0
registro-backend/internal/orientamento/repository.go:67.106,69.14 2 0
registro-backend/internal/orientamento/repository.go:69.14,71.3 1 0
registro-backend/internal/orientamento/repository.go:72.2,73.12 2 0
registro-backend/internal/orientamento/service.go:21.42,23.2 1 1
registro-backend/internal/orientamento/service.go:25.100,27.16 2 1
registro-backend/internal/orientamento/service.go:27.16,29.3 1 0
registro-backend/internal/orientamento/service.go:30.2,31.16 2 1
registro-backend/internal/orientamento/service.go:31.16,33.3 1 0
registro-backend/internal/orientamento/service.go:35.2,35.22 1 1
registro-backend/internal/orientamento/service.go:35.22,37.3 1 1
registro-backend/internal/orientamento/service.go:39.2,51.35 2 0
registro-backend/internal/orientamento/service.go:54.67,56.2 1 0
registro-backend/internal/orientamento/service.go:58.89,61.2 2 0
registro-backend/internal/orientamento/service.go:63.95,65.2 1 0
registro-backend/internal/orientamento/service.go:67.88,69.2 1 0
registro-backend/internal/classes/handler.go:13.44,15.2 1 0
registro-backend/internal/classes/handler.go:18.41,20.13 2 0
registro-backend/internal/classes/handler.go:20.13,22.3 1 0
registro-backend/internal/classes/handler.go:23.2,23.21 1 0
registro-backend/internal/classes/handler.go:26.42,28.47 2 0
registro-backend/internal/classes/handler.go:28.47,31.3 2 0
registro-backend/internal/classes/handler.go:34.2,37.20 2 0
registro-backend/internal/classes/handler.go:37.20,39.3 1 0
registro-backend/internal/classes/handler.go:41.2,41.20 1 0
registro-backend/internal/classes/handler.go:41.20,44.3 2 0
registro-backend/internal/classes/handler.go:46.2,47.16 2 0
registro-backend/internal/classes/handler.go:47.16,50.3 2 0
registro-backend/internal/classes/handler.go:51.2,51.35 1 0
registro-backend/internal/classes/handler.go:54.40,59.20 2 0
registro-backend/internal/classes/handler.go:59.20,61.3 1 0
registro-backend/internal/classes/handler.go:67.2,67.20 1 0
registro-backend/internal/classes/handler.go:67.20,70.3 2 0
registro-backend/internal/classes/handler.go:72.2,73.16 2 0
registro-backend/internal/classes/handler.go:73.16,76.3 2 0
registro-backend/internal/classes/handler.go:77.2,77.32 1 0
registro-backend/internal/classes/handler.go:80.39,82.16 2 0
registro-backend/internal/classes/handler.go:82.16,85.3 2 0
registro-backend/internal/classes/handler.go:86.2,86.30 1 0
registro-backend/internal/classes/handler.go:89.42,91.47 2 0
registro-backend/internal/classes/handler.go:91.47,94.3 2 0
registro-backend/internal/classes/handler.go:96.2,97.16 2 0
registro-backend/internal/classes/handler.go:97.16,100.3 2 0
registro-backend/internal/classes/handler.go:101.2,101.30 1 0
registro-backend/internal/classes/handler.go:104.42,105.82 1 0
registro-backend/internal/classes/handler.go:105.82,108.3 2 0
registro-backend/internal/classes/handler.go:109.2,109.32 1 0
registro-backend/internal/classes/handler.go:112.53,115.13 2 0
registro-backend/internal/classes/handler.go:115.13,126.21 2 0
registro-backend/internal/classes/handler.go:126.21,129.4 1 0
registro-backend/internal/classes/handler.go:133.2,134.13 2 0
registro-backend/internal/classes/handler.go:134.13,137.3 2 0
registro-backend/internal/classes/handler.go:139.2,140.16 2 0
registro-backend/internal/classes/handler.go:140.16,143.3 2 0
registro-backend/internal/classes/handler.go:144.2,144.32 1 0
registro-backend/internal/classes/handler.go:147.49,149.47 2 0
registro-backend/internal/classes/handler.go:149.47,152.3 2 0
registro-backend/internal/classes/handler.go:153.2,153.89 1 0
registro-backend/internal/classes/handler.go:153.89,156.3 2 0
registro-backend/internal/classes/handler.go:157.2,157.30 1 0
registro-backend/internal/classes/handler.go:160.52,162.16 2 0
registro-backend/internal/classes/handler.go:162.16,165.3 2 0
registro-backend/internal/classes/handler.go:166.2,166.28 1 0
registro-backend/internal/classes/handler.go:169.49,170.94 1 0
registro-backend/internal/classes/handler.go:170.94,173.3 2 0
registro-backend/internal/classes/handler.go:174.2,174.32 1 0
registro-backend/internal/classes/handler.go:177.55,179.2 2 0
registro-backend/internal/classes/handler.go:179.2,190.3 8 0
registro-backend/internal/classes/handler.go:193.2,193.49 1 0
registro-backend/internal/classes/repository.go:28.43,30.2 1 0
registro-backend/internal/classes/repository.go:34.139,36.22 1 0
registro-backend/internal/classes/repository.go:36.22,40.17 4 0
registro-backend/internal/classes/repository.go:40.17,42.4 1 0
registro-backend/internal/classes/repository.go:46.2,51.12 4 0
registro-backend/internal/classes/repository.go:54.94,57.2 2 0
registro-backend/internal/classes/repository.go:59.108,70.16 3 0
registro-backend/internal/classes/repository.go:70.16,72.3 1 0
registro-backend/internal/classes/repository.go:73.2,76.18 3 0
registro-backend/internal/classes/repository.go:76.18,82.17 4 0
registro-backend/internal/classes/repository.go:82.17,84.4 1 0
registro-backend/internal/classes/repository.go:85.3,85.17 1 0
registro-backend/internal/classes/repository.go:85.17,87.4 1 0
registro-backend/internal/classes/repository.go:88.3,88.32 1 0
registro-backend/internal/classes/repository.go:90.2,90.21 1 0
registro-backend/internal/classes/repository.go:95.104,106.16 3 0
registro-backend/internal/classes/repository.go:106.16,108.3 1 0
registro-backend/internal/classes/repository.go:109.2,112.18 3 0
registro-backend/internal/classes/repository.go:112.18,115.129 3 0
registro-backend/internal/classes/repository.go:115.129,117.4 1 0
registro-backend/internal/classes/repository.go:118.3,119.31 2 0
registro-backend/internal/classes/repository.go:121.2,121.21 1 0
registro-backend/internal/classes/repository.go:124.74,136.2 6 0
registro-backend/internal/classes/repository.go:138.90,142.16 3 0
registro-backend/internal/classes/repository.go:142.16,144.3 1 0
registro-backend/internal/classes/repository.go:145.2,148.18 3 0
registro-backend/internal/classes/repository.go:148.18,151.129 3 0
registro-backend/internal/classes/repository.go:151.129,153.4 1 0
registro-backend/internal/classes/repository.go:154.3,155.31 2 0
registro-backend/internal/classes/repository.go:157.2,157.21 1 0
registro-backend/internal/classes/repository.go:160.82,166.16 5 0
registro-backend/internal/classes/repository.go:166.16,168.3 1 0
registro-backend/internal/classes/repository.go:169.2,170.16 2 0
registro-backend/internal/classes/repository.go:173.74,180.16 4 0
registro-backend/internal/classes/repository.go:180.16,182.3 1 0
registro-backend/internal/classes/repository.go:183.2,184.12 2 0
registro-backend/internal/classes/repository.go:184.12,186.3 1 0
registro-backend/internal/classes/repository.go:187.2,187.12 1 0
registro-backend/internal/classes/repository.go:190.75,193.2 2 0
registro-backend/internal/classes/service.go:11.43,13.2 1 1
registro-backend/internal/classes/service.go:15.109,23.46 2 1
registro-backend/internal/classes/service.go:23.46,25.3 1 1
registro-backend/internal/classes/service.go:26.2,26.15 1 1
registro-backend/internal/classes/service.go:29.86,31.2 1 1
registro-backend/internal/classes/service.go:33.93,35.2 1 1
registro-backend/internal/classes/service.go:37.76,39.2 1 1
registro-backend/internal/classes/service.go:41.103,43.16 2 1
registro-backend/internal/classes/service.go:43.16,45.3 1 1
registro-backend/internal/classes/service.go:47.2,52.46 5 1
registro-backend/internal/classes/service.go:52.46,54.3 1 1
registro-backend/internal/classes/service.go:55.2,55.15 1 1
registro-backend/internal/classes/service.go:58.69,60.2 1 1
registro-backend/internal/classes/service.go:62.102,64.2 1 1
registro-backend/internal/classes/service.go:66.81,68.2 1 1
registro-backend/internal/classes/service.go:70.97,72.2 1 1
registro-backend/internal/middleware/auth.go:13.59,14.30 1 1
registro-backend/internal/middleware/auth.go:14.30,16.23 2 1
registro-backend/internal/middleware/auth.go:16.23,20.4 3 1
registro-backend/internal/middleware/auth.go:22.3,23.46 2 1
registro-backend/internal/middleware/auth.go:23.46,27.4 3 1
registro-backend/internal/middleware/auth.go:29.3,30.17 2 1
registro-backend/internal/middleware/auth.go:30.17,34.4 3 1
registro-backend/internal/middleware/auth.go:36.3,38.11 3 1
registro-backend/internal/middleware/circuitbreaker.go:14.27,17.60 3 0
registro-backend/internal/middleware/circuitbreaker.go:17.60,20.3 2 0
registro-backend/internal/middleware/circuitbreaker.go:21.2,23.44 2 0
registro-backend/internal/middleware/circuitbreaker.go:28.49,29.15 1 0
registro-backend/internal/middleware/circuitbreaker.go:29.15,31.3 1 0
registro-backend/internal/middleware/circuitbreaker.go:33.2,33.30 1 0
registro-backend/internal/middleware/circuitbreaker.go:33.30,34.52 1 0
registro-backend/internal/middleware/circuitbreaker.go:34.52,36.25 2 0
registro-backend/internal/middleware/circuitbreaker.go:36.25,38.5 1 0
registro-backend/internal/middleware/circuitbreaker.go:39.4,39.32 1 0
registro-backend/internal/middleware/circuitbreaker.go:39.32,41.5 1 0
registro-backend/internal/middleware/circuitbreaker.go:42.4,42.19 1 0
registro-backend/internal/middleware/circuitbreaker.go:45.3,45.61 1 0
registro-backend/internal/middleware/circuitbreaker.go:45.61,48.4 2 0
registro-backend/internal/middleware/cors.go:7.39,8.30 1 1
registro-backend/internal/middleware/cors.go:8.30,14.36 5 1
registro-backend/internal/middleware/cors.go:14.36,17.4 2 1
registro-backend/internal/middleware/cors.go:19.3,19.11 1 1
registro-backend/internal/middleware/error.go:9.40,10.30 1 1
registro-backend/internal/middleware/error.go:10.30,13.24 2 1
registro-backend/internal/middleware/error.go:13.24,15.31 1 1
registro-backend/internal/middleware/error.go:15.31,17.5 1 1
registro-backend/internal/middleware/error.go:18.4,18.24 1 1
registro-backend/internal/middleware/logging.go:11.41,12.30 1 1
registro-backend/internal/middleware/logging.go:12.30,19.24 5 1
registro-backend/internal/middleware/logging.go:19.24,28.4 1 0
registro-backend/internal/middleware/ratelimit.go:19.59,27.12 2 0
registro-backend/internal/middleware/ratelimit.go:27.12,28.7 1 0
registro-backend/internal/middleware/ratelimit.go:28.7,33.4 3 0
registro-backend/internal/middleware/ratelimit.go:36.2,36.10 1 0
registro-backend/internal/middleware/ratelimit.go:39.61,44.13 4 0
registro-backend/internal/middleware/ratelimit.go:44.13,47.3 2 0
registro-backend/internal/middleware/ratelimit.go:49.2,49.16 1 0
registro-backend/internal/middleware/ratelimit.go:52.44,56.30 2 0
registro-backend/internal/middleware/ratelimit.go:56.30,58.38 2 0
registro-backend/internal/middleware/ratelimit.go:58.38,62.4 3 0
registro-backend/internal/middleware/ratelimit.go:63.3,63.11 1 0
registro-backend/internal/postgres/admin_repository.go:18.54,20.2 1 0
registro-backend/internal/postgres/admin_repository.go:23.94,27.21 3 0
registro-backend/internal/postgres/admin_repository.go:27.21,30.3 2 0
registro-backend/internal/postgres/admin_repository.go:32.2,34.19 3 0
registro-backend/internal/postgres/admin_repository.go:38.92,42.21 3 0
registro-backend/internal/postgres/admin_repository.go:42.21,45.3 2 0
registro-backend/internal/postgres/admin_repository.go:47.2,49.19 3 0
registro-backend/internal/postgres/admin_repository.go:53.111,57.21 3 0
registro-backend/internal/postgres/admin_repository.go:57.21,60.3 2 0
registro-backend/internal/postgres/admin_repository.go:62.2,64.19 3 0
registro-backend/internal/postgres/admin_repository.go:68.101,72.21 3 0
registro-backend/internal/postgres/admin_repository.go:72.21,75.3 2 0
registro-backend/internal/postgres/admin_repository.go:77.2,79.26 3 0
registro-backend/internal/postgres/admin_repository.go:79.26,81.3 1 0
registro-backend/internal/postgres/admin_repository.go:82.2,82.19 1 0
registro-backend/internal/postgres/admin_repository.go:86.122,103.21 4 0
registro-backend/internal/postgres/admin_repository.go:103.21,107.3 3 0
registro-backend/internal/postgres/admin_repository.go:109.2,113.16 4 0
registro-backend/internal/postgres/admin_repository.go:113.16,115.3 1 0
registro-backend/internal/postgres/admin_repository.go:116.2,119.18 3 0
registro-backend/internal/postgres/admin_repository.go:119.18,131.17 4 0
registro-backend/internal/postgres/admin_repository.go:131.17,133.4 1 0
registro-backend/internal/postgres/admin_repository.go:135.3,135.23 1 0
registro-backend/internal/postgres/admin_repository.go:135.23,137.4 1 0
registro-backend/internal/postgres/admin_repository.go:139.3,139.33 1 0
registro-backend/internal/postgres/admin_repository.go:142.2,142.27 1 0
registro-backend/internal/postgres/admin_repository.go:146.99,149.46 2 0
registro-backend/internal/postgres/admin_repository.go:149.46,152.3 2 0
registro-backend/internal/postgres/admin_repository.go:155.2,168.98 4 0
registro-backend/internal/postgres/admin_repository.go:168.98,170.3 1 0
registro-backend/internal/postgres/admin_repository.go:170.8,170.111 1 0
registro-backend/internal/postgres/admin_repository.go:170.111,172.3 1 0
registro-backend/internal/postgres/admin_repository.go:174.2,179.8 1 0
registro-backend/internal/postgres/admin_repository.go:183.159,210.21 5 0
registro-backend/internal/postgres/admin_repository.go:210.21,215.3 4 0
registro-backend/internal/postgres/admin_repository.go:218.2,218.22 1 0
registro-backend/internal/postgres/admin_repository.go:218.22,224.3 5 0
registro-backend/internal/postgres/admin_repository.go:227.2,227.22 1 0
registro-backend/internal/postgres/admin_repository.go:227.22,233.3 5 0
registro-backend/internal/postgres/admin_repository.go:236.2,238.16 3 0
registro-backend/internal/postgres/admin_repository.go:238.16,240.3 1 0
registro-backend/internal/postgres/admin_repository.go:243.2,247.16 4 0
registro-backend/internal/postgres/admin_repository.go:247.16,249.3 1 0
registro-backend/internal/postgres/admin_repository.go:250.2,253.18 3 0
registro-backend/internal/postgres/admin_repository.go:253.18,272.17 3 0
registro-backend/internal/postgres/admin_repository.go:272.17,274.4 1 0
registro-backend/internal/postgres/admin_repository.go:275.3,275.36 1 0
registro-backend/internal/postgres/admin_repository.go:278.2,278.35 1 0
registro-backend/internal/postgres/admin_repository.go:282.106,323.26 4 0
registro-backend/internal/postgres/admin_repository.go:323.26,325.3 1 0
registro-backend/internal/postgres/admin_repository.go:326.2,326.16 1 0
registro-backend/internal/postgres/admin_repository.go:326.16,328.3 1 0
registro-backend/internal/postgres/admin_repository.go:330.2,330.21 1 0
registro-backend/internal/postgres/admin_repository.go:334.124,365.16 14 0
registro-backend/internal/postgres/admin_repository.go:365.16,367.3 1 0
registro-backend/internal/postgres/admin_repository.go:369.2,369.21 1 0
registro-backend/internal/postgres/admin_repository.go:373.141,379.20 4 0
registro-backend/internal/postgres/admin_repository.go:379.20,383.3 3 0
registro-backend/internal/postgres/admin_repository.go:384.2,384.23 1 0
registro-backend/internal/postgres/admin_repository.go:384.23,388.3 3 0
registro-backend/internal/postgres/admin_repository.go:389.2,389.20 1 0
registro-backend/internal/postgres/admin_repository.go:389.20,393.3 3 0
registro-backend/internal/postgres/admin_repository.go:394.2,394.24 1 0
registro-backend/internal/postgres/admin_repository.go:394.24,398.3 3 0
registro-backend/internal/postgres/admin_repository.go:399.2,399.23 1 0
registro-backend/internal/postgres/admin_repository.go:399.23,403.3 3 0
registro-backend/internal/postgres/admin_repository.go:404.2,404.21 1 0
registro-backend/internal/postgres/admin_repository.go:404.21,408.3 3 0
registro-backend/internal/postgres/admin_repository.go:409.2,409.21 1 0
registro-backend/internal/postgres/admin_repository.go:409.21,413.3 3 0
registro-backend/internal/postgres/admin_repository.go:414.2,414.23 1 0
registro-backend/internal/postgres/admin_repository.go:414.23,418.3 3 0
registro-backend/internal/postgres/admin_repository.go:419.2,419.25 1 0
registro-backend/internal/postgres/admin_repository.go:419.25,423.3 3 0
registro-backend/internal/postgres/admin_repository.go:425.2,429.16 4 0
registro-backend/internal/postgres/admin_repository.go:429.16,431.3 1 0
registro-backend/internal/postgres/admin_repository.go:434.2,434.35 1 0
registro-backend/internal/postgres/admin_repository.go:438.84,441.2 2 0
registro-backend/internal/postgres/admin_repository.go:444.92,448.2 3 0
registro-backend/internal/postgres/admin_repository.go:451.146,472.48 5 0
registro-backend/internal/postgres/admin_repository.go:472.48,477.3 4 0
registro-backend/internal/postgres/admin_repository.go:480.2,485.98 4 0
registro-backend/internal/postgres/admin_repository.go:485.98,487.3 1 0
registro-backend/internal/postgres/admin_repository.go:489.2,490.16 2 0
registro-backend/internal/postgres/admin_repository.go:490.16,492.3 1 0
registro-backend/internal/postgres/admin_repository.go:493.2,496.18 3 0
registro-backend/internal/postgres/admin_repository.go:496.18,512.17 5 0
registro-backend/internal/postgres/admin_repository.go:512.17,514.4 1 0
registro-backend/internal/postgres/admin_repository.go:516.3,516.21 1 0
registro-backend/internal/postgres/admin_repository.go:516.21,518.4 1 0
registro-backend/internal/postgres/admin_repository.go:519.3,519.23 1 0
registro-backend/internal/postgres/admin_repository.go:519.23,521.4 1 0
registro-backend/internal/postgres/admin_repository.go:524.3,526.22 3 0
registro-backend/internal/postgres/admin_repository.go:526.22,528.4 1 0
registro-backend/internal/postgres/admin_repository.go:530.3,530.27 1 0
registro-backend/internal/postgres/admin_repository.go:533.2,533.26 1 0
registro-backend/internal/postgres/admin_repository.go:537.129,562.16 6 0
registro-backend/internal/postgres/admin_repository.go:562.16,564.3 1 0
registro-backend/internal/postgres/admin_repository.go:567.2,568.25 2 0
registro-backend/internal/postgres/admin_repository.go:568.25,570.3 1 0
registro-backend/internal/postgres/admin_repository.go:572.2,582.8 1 0
registro-backend/internal/postgres/admin_repository.go:586.145,591.25 4 0
registro-backend/internal/postgres/admin_repository.go:591.25,595.3 3 0
registro-backend/internal/postgres/admin_repository.go:596.2,596.24 1 0
registro-backend/internal/postgres/admin_repository.go:596.24,600.3 3 0
registro-backend/internal/postgres/admin_repository.go:601.2,601.25 1 0
registro-backend/internal/postgres/admin_repository.go:601.25,605.3 3 0
registro-backend/internal/postgres/admin_repository.go:606.2,606.25 1 0
registro-backend/internal/postgres/admin_repository.go:606.25,610.3 3 0
registro-backend/internal/postgres/admin_repository.go:612.2,616.76 4 0
registro-backend/internal/postgres/admin_repository.go:616.76,618.3 1 0
registro-backend/internal/postgres/admin_repository.go:622.2,622.46 1 0
registro-backend/internal/postgres/admin_repository.go:626.86,628.16 2 0
registro-backend/internal/postgres/admin_repository.go:628.16,630.3 1 0
registro-backend/internal/postgres/admin_repository.go:631.2,632.15 2 0
registro-backend/internal/postgres/admin_repository.go:632.15,634.3 1 0
registro-backend/internal/postgres/admin_repository.go:635.2,635.12 1 0
registro-backend/internal/postgres/admin_repository.go:639.92,643.2 3 0
registro-backend/internal/postgres/admin_repository.go:646.126,667.16 3 0
registro-backend/internal/postgres/admin_repository.go:667.16,669.3 1 0
registro-backend/internal/postgres/admin_repository.go:670.2,673.18 3 0
registro-backend/internal/postgres/admin_repository.go:673.18,689.17 5 0
registro-backend/internal/postgres/admin_repository.go:689.17,691.4 1 0
registro-backend/internal/postgres/admin_repository.go:693.3,693.21 1 0
registro-backend/internal/postgres/admin_repository.go:693.21,695.4 1 0
registro-backend/internal/postgres/admin_repository.go:696.3,696.23 1 0
registro-backend/internal/postgres/admin_repository.go:696.23,698.4 1 0
registro-backend/internal/postgres/admin_repository.go:700.3,700.35 1 0
registro-backend/internal/postgres/admin_repository.go:703.2,703.28 1 0
registro-backend/internal/postgres/admin_repository.go:707.147,729.23 5 0
registro-backend/internal/postgres/admin_repository.go:729.23,734.3 4 0
registro-backend/internal/postgres/admin_repository.go:736.2,736.22 1 0
registro-backend/internal/postgres/admin_repository.go:736.22,741.3 4 0
registro-backend/internal/postgres/admin_repository.go:743.2,743.24 1 0
registro-backend/internal/postgres/admin_repository.go:743.24,748.3 4 0
registro-backend/internal/postgres/admin_repository.go:751.2,752.84 2 0
registro-backend/internal/postgres/admin_repository.go:752.84,754.3 1 0
registro-backend/internal/postgres/admin_repository.go:757.2,761.16 4 0
registro-backend/internal/postgres/admin_repository.go:761.16,763.3 1 0
registro-backend/internal/postgres/admin_repository.go:764.2,767.18 3 0
registro-backend/internal/postgres/admin_repository.go:767.18,783.17 5 0
registro-backend/internal/postgres/admin_repository.go:783.17,785.4 1 0
registro-backend/internal/postgres/admin_repository.go:787.3,787.21 1 0
registro-backend/internal/postgres/admin_repository.go:787.21,789.4 1 0
registro-backend/internal/postgres/admin_repository.go:790.3,790.23 1 0
registro-backend/internal/postgres/admin_repository.go:790.23,792.4 1 0
registro-backend/internal/postgres/admin_repository.go:794.3,794.35 1 0
registro-backend/internal/postgres/admin_repository.go:797.2,797.28 1 0
registro-backend/internal/postgres/admin_repository.go:801.157,815.2 4 0
registro-backend/internal/notes/handler.go:13.44,15.2 1 0
registro-backend/internal/notes/handler.go:17.42,22.47 4 0
registro-backend/internal/notes/handler.go:22.47,25.3 2 0
registro-backend/internal/notes/handler.go:27.2,28.16 2 0
registro-backend/internal/notes/handler.go:28.16,31.3 2 0
registro-backend/internal/notes/handler.go:32.2,32.34 1 0
registro-backend/internal/notes/handler.go:35.42,40.47 4 0
registro-backend/internal/notes/handler.go:40.47,43.3 2 0
registro-backend/internal/notes/handler.go:45.2,46.16 2 0
registro-backend/internal/notes/handler.go:46.16,47.61 1 0
registro-backend/internal/notes/handler.go:47.61,50.4 2 0
registro-backend/internal/notes/handler.go:51.3,52.9 2 0
registro-backend/internal/notes/handler.go:54.2,54.29 1 0
registro-backend/internal/notes/handler.go:57.42,61.82 3 0
registro-backend/internal/notes/handler.go:61.82,62.63 1 0
registro-backend/internal/notes/handler.go:62.63,65.4 2 0
registro-backend/internal/notes/handler.go:66.3,67.9 2 0
registro-backend/internal/notes/handler.go:69.2,69.32 1 0
registro-backend/internal/notes/handler.go:72.40,90.16 3 0
registro-backend/internal/notes/handler.go:90.16,93.3 2 0
registro-backend/internal/notes/handler.go:94.2,94.30 1 0
registro-backend/internal/notes/handler.go:97.55,99.2 2 0
registro-backend/internal/notes/handler.go:99.2,104.3 4 0
registro-backend/internal/notes/repository.go:24.43,26.2 1 0
registro-backend/internal/notes/repository.go:28.80,42.2 6 0
registro-backend/internal/notes/repository.go:44.80,53.2 4 0
registro-backend/internal/notes/repository.go:55.75,58.2 2 0
registro-backend/internal/notes/repository.go:60.88,71.16 5 0
registro-backend/internal/notes/repository.go:71.16,73.3 1 0
registro-backend/internal/notes/repository.go:74.2,74.21 1 0
registro-backend/internal/notes/repository.go:74.21,77.3 2 0
registro-backend/internal/notes/repository.go:78.2,78.16 1 0
registro-backend/internal/notes/repository.go:81.98,94.28 4 0
registro-backend/internal/notes/repository.go:94.28,98.3 3 0
registro-backend/internal/notes/repository.go:99.2,99.26 1 0
registro-backend/internal/notes/repository.go:99.26,103.3 3 0
registro-backend/internal/notes/repository.go:104.2,104.28 1 0
registro-backend/internal/notes/repository.go:104.28,108.3 3 0
registro-backend/internal/notes/repository.go:109.2,109.23 1 0
registro-backend/internal/notes/repository.go:109.23,113.3 3 0
registro-backend/internal/notes/repository.go:114.2,114.27 1 0
registro-backend/internal/notes/repository.go:114.27,118.3 3 0
registro-backend/internal/notes/repository.go:120.2,123.16 3 0
registro-backend/internal/notes/repository.go:123.16,125.3 1 0
registro-backend/internal/notes/repository.go:126.2,129.18 3 0
registro-backend/internal/notes/repository.go:129.18,137.17 4 0
registro-backend/internal/notes/repository.go:137.17,139.4 1 0
registro-backend/internal/notes/repository.go:140.3,140.22 1 0
registro-backend/internal/notes/repository.go:140.22,143.4 2 0
registro-backend/internal/notes/repository.go:144.3,144.24 1 0
registro-backend/internal/notes/repository.go:144.24,146.4 1 0
registro-backend/internal/notes/repository.go:147.3,147.27 1 0
registro-backend/internal/notes/repository.go:149.2,149.19 1 0
registro-backend/internal/notes/service.go:12.43,14.2 1 1
registro-backend/internal/notes/service.go:16.124,28.46 2 1
registro-backend/internal/notes/service.go:28.46,30.3 1 1
registro-backend/internal/notes/service.go:31.2,31.15 1 1
registro-backend/internal/notes/service.go:34.122,37.16 2 1
registro-backend/internal/notes/service.go:37.16,39.3 1 1
registro-backend/internal/notes/service.go:40.2,40.30 1 1
registro-backend/internal/notes/service.go:40.30,42.3 1 1
registro-backend/internal/notes/service.go:44.2,44.20 1 1
registro-backend/internal/notes/service.go:44.20,46.3 1 1
registro-backend/internal/notes/service.go:47.2,47.20 1 1
registro-backend/internal/notes/service.go:47.20,49.3 1 1
registro-backend/internal/notes/service.go:50.2,50.20 1 1
registro-backend/internal/notes/service.go:50.20,52.3 1 1
registro-backend/internal/notes/service.go:54.2,54.46 1 1
registro-backend/internal/notes/service.go:54.46,56.3 1 1
registro-backend/internal/notes/service.go:57.2,57.15 1 1
registro-backend/internal/notes/service.go:60.83,62.16 2 1
registro-backend/internal/notes/service.go:62.16,64.3 1 1
registro-backend/internal/notes/service.go:65.2,65.30 1 1
registro-backend/internal/notes/service.go:65.30,67.3 1 1
registro-backend/internal/notes/service.go:68.2,68.35 1 1
registro-backend/internal/notes/service.go:71.92,73.2 1 1
registro-backend/internal/scheduling/analytics.go:7.61,9.2 1 1
registro-backend/internal/scheduling/analytics.go:11.73,17.2 1 0
registro-backend/internal/scheduling/calendar.go:9.44,11.2 1 1
registro-backend/internal/scheduling/calendar.go:13.98,22.2 4 0
registro-backend/internal/scheduling/handler.go:13.37,15.2 1 0
registro-backend/internal/scheduling/handler.go:17.54,31.2 9 0
registro-backend/internal/scheduling/handler.go:33.46,35.47 2 0
registro-backend/internal/scheduling/handler.go:35.47,38.3 2 0
registro-backend/internal/scheduling/handler.go:39.2,40.80 2 0
registro-backend/internal/scheduling/handler.go:40.80,43.3 2 0
registro-backend/internal/scheduling/handler.go:44.2,44.62 1 0
registro-backend/internal/scheduling/handler.go:47.46,50.16 3 0
registro-backend/internal/scheduling/handler.go:50.16,53.3 2 0
registro-backend/internal/scheduling/handler.go:54.2,54.28 1 0
registro-backend/internal/scheduling/handler.go:57.46,60.78 3 0
registro-backend/internal/scheduling/handler.go:60.78,63.3 2 0
registro-backend/internal/scheduling/handler.go:64.2,64.52 1 0
registro-backend/internal/scheduling/handler.go:67.54,70.16 3 0
registro-backend/internal/scheduling/handler.go:70.16,73.3 2 0
registro-backend/internal/scheduling/handler.go:74.2,74.28 1 0
registro-backend/internal/scheduling/handler.go:77.53,80.16 3 0
registro-backend/internal/scheduling/handler.go:80.16,83.3 2 0
registro-backend/internal/scheduling/handler.go:84.2,84.28 1 0
registro-backend/internal/scheduling/handler.go:87.44,89.47 2 0
registro-backend/internal/scheduling/handler.go:89.47,92.3 2 0
registro-backend/internal/scheduling/handler.go:93.2,95.16 3 0
registro-backend/internal/scheduling/handler.go:95.16,98.3 2 0
registro-backend/internal/scheduling/handler.go:99.2,99.33 1 0
registro-backend/internal/scheduling/handler.go:102.53,105.16 3 0
registro-backend/internal/scheduling/handler.go:105.16,108.3 2 0
registro-backend/internal/scheduling/handler.go:109.2,109.28 1 0
registro-backend/internal/scheduling/handler.go:112.49,115.81 3 0
registro-backend/internal/scheduling/handler.go:115.81,118.3 2 0
registro-backend/internal/scheduling/handler.go:119.2,119.54 1 0
registro-backend/internal/scheduling/notifications.go:7.52,9.2 1 1
registro-backend/internal/scheduling/notifications.go:11.106,14.2 1 1
registro-backend/internal/scheduling/repository.go:38.43,40.2 1 0
registro-backend/internal/scheduling/repository.go:42.81,49.2 2 0
registro-backend/internal/scheduling/repository.go:51.115,55.2 2 0
registro-backend/internal/scheduling/repository.go:57.134,62.21 3 0
registro-backend/internal/scheduling/repository.go:62.21,65.3 2 0
registro-backend/internal/scheduling/repository.go:66.2,68.46 2 0
registro-backend/internal/scheduling/repository.go:71.90,78.16 4 0
registro-backend/internal/scheduling/repository.go:78.16,80.3 1 0
registro-backend/internal/scheduling/repository.go:81.2,81.16 1 0
registro-backend/internal/scheduling/repository.go:84.78,87.2 2 0
registro-backend/internal/scheduling/repository.go:89.84,91.16 2 0
registro-backend/internal/scheduling/repository.go:91.16,93.3 1 0
registro-backend/internal/scheduling/repository.go:94.2,99.16 4 0
registro-backend/internal/scheduling/repository.go:99.16,101.3 1 0
registro-backend/internal/scheduling/repository.go:103.2,103.20 1 0
registro-backend/internal/scheduling/repository.go:103.20,105.3 1 0
registro-backend/internal/scheduling/repository.go:108.2,110.16 3 0
registro-backend/internal/scheduling/repository.go:110.16,112.3 1 0
registro-backend/internal/scheduling/repository.go:115.2,116.16 2 0
registro-backend/internal/scheduling/repository.go:116.16,118.3 1 0
registro-backend/internal/scheduling/repository.go:120.2,120.20 1 0
registro-backend/internal/scheduling/repository.go:123.92,129.2 3 0
registro-backend/internal/scheduling/repository.go:130.108,132.2 1 0
registro-backend/internal/scheduling/repository.go:134.110,142.2 2 0
registro-backend/internal/scheduling/repository.go:144.84,152.2 2 0
registro-backend/internal/scheduling/repository.go:154.134,172.2 4 0
registro-backend/internal/scheduling/repository.go:174.100,179.26 3 0
registro-backend/internal/scheduling/repository.go:179.26,182.3 1 0
registro-backend/internal/scheduling/repository.go:183.2,183.16 1 0
registro-backend/internal/scheduling/repository.go:186.86,197.2 3 0
registro-backend/internal/scheduling/repository.go:199.101,202.2 1 0
registro-backend/internal/scheduling/repository.go:205.114,207.16 2 0
registro-backend/internal/scheduling/repository.go:207.16,209.3 1 0
registro-backend/internal/scheduling/repository.go:210.2,212.18 3 0
registro-backend/internal/scheduling/repository.go:212.18,215.162 2 0
registro-backend/internal/scheduling/repository.go:215.162,217.4 1 0
registro-backend/internal/scheduling/repository.go:218.3,218.27 1 0
registro-backend/internal/scheduling/repository.go:220.2,220.19 1 0
registro-backend/internal/scheduling/repository.go:223.120,225.16 2 0
registro-backend/internal/scheduling/repository.go:225.16,227.3 1 0
registro-backend/internal/scheduling/repository.go:228.2,230.18 3 0
registro-backend/internal/scheduling/repository.go:230.18,232.114 2 0
registro-backend/internal/scheduling/repository.go:232.114,234.4 1 0
registro-backend/internal/scheduling/repository.go:235.3,235.33 1 0
registro-backend/internal/scheduling/repository.go:237.2,237.22 1 0
registro-backend/internal/scheduling/service.go:33.42,41.2 1 1
registro-backend/internal/scheduling/service.go:43.99,58.25 5 1
registro-backend/internal/scheduling/service.go:58.25,60.3 1 0
registro-backend/internal/scheduling/service.go:62.2,62.55 1 1
registro-backend/internal/scheduling/service.go:62.55,64.3 1 0
registro-backend/internal/scheduling/service.go:66.2,66.37 1 1
registro-backend/internal/scheduling/service.go:69.93,74.16 4 0
registro-backend/internal/scheduling/service.go:74.16,76.3 1 0
registro-backend/internal/scheduling/service.go:77.2,77.33 1 0
registro-backend/internal/scheduling/service.go:80.83,84.16 2 0
registro-backend/internal/scheduling/service.go:84.16,86.3 1 0
registro-backend/internal/scheduling/service.go:87.2,87.33 1 0
registro-backend/internal/scheduling/service.go:87.33,89.3 1 0
registro-backend/internal/scheduling/service.go:91.2,92.37 2 0
registro-backend/internal/scheduling/service.go:95.100,99.16 4 0
registro-backend/internal/scheduling/service.go:99.16,101.3 1 0
registro-backend/internal/scheduling/service.go:102.2,102.33 1 0
registro-backend/internal/scheduling/service.go:105.113,107.16 2 1
registro-backend/internal/scheduling/service.go:107.16,109.3 1 0
registro-backend/internal/scheduling/service.go:111.2,112.68 2 1
registro-backend/internal/scheduling/service.go:112.68,114.3 1 0
registro-backend/internal/scheduling/service.go:117.2,118.15 2 1
registro-backend/internal/scheduling/service.go:118.15,120.3 1 1
registro-backend/internal/scheduling/service.go:122.2,129.59 2 1
registro-backend/internal/scheduling/service.go:129.59,131.3 1 0
registro-backend/internal/scheduling/service.go:133.2,136.71 2 1
registro-backend/internal/scheduling/service.go:139.102,142.22 3 0
registro-backend/internal/scheduling/service.go:142.22,144.3 1 0
registro-backend/internal/scheduling/service.go:144.8,146.3 1 0
registro-backend/internal/scheduling/service.go:147.2,147.16 1 0
registro-backend/internal/scheduling/service.go:147.16,149.3 1 0
registro-backend/internal/scheduling/service.go:151.2,151.39 1 0
registro-backend/internal/scheduling/service.go:154.86,156.16 2 0
registro-backend/internal/scheduling/service.go:156.16,158.3 1 0
registro-backend/internal/scheduling/service.go:162.2,163.37 2 0
registro-backend/internal/scheduling/service.go:166.89,169.2 1 0
registro-backend/internal/scheduling/service.go:171.81,173.2 1 0
registro-backend/internal/scheduling/service.go:176.57,178.26 2 0
registro-backend/internal/scheduling/service.go:178.26,183.3 1 0
registro-backend/internal/scheduling/service.go:184.2,184.12 1 0
registro-backend/internal/scheduling/service.go:187.69,189.29 2 0
registro-backend/internal/scheduling/service.go:189.29,191.3 1 0
registro-backend/internal/scheduling/service.go:192.2,192.12 1 0
registro-backend/internal/scheduling/validator.go:10.32,12.2 1 1
registro-backend/internal/scheduling/validator.go:14.58,15.34 1 1
registro-backend/internal/scheduling/validator.go:15.34,17.3 1 0
registro-backend/internal/scheduling/validator.go:18.2,18.56 1 1
registro-backend/internal/scheduling/validator.go:18.56,20.3 1 1
registro-backend/internal/scheduling/validator.go:21.2,21.12 1 1
registro-backend/internal/scheduling/validator.go:24.93,31.37 4 1
registro-backend/internal/scheduling/validator.go:31.37,33.3 1 0
registro-backend/internal/scheduling/validator.go:36.2,37.32 2 1
registro-backend/internal/scheduling/validator.go:37.32,39.3 1 0
registro-backend/internal/scheduling/validator.go:41.2,41.12 1 1
registro-backend/internal/schools/handler.go:15.44,17.2 1 0
registro-backend/internal/schools/handler.go:21.42,23.47 2 0
registro-backend/internal/schools/handler.go:23.47,26.3 2 0
registro-backend/internal/schools/handler.go:28.2,29.16 2 0
registro-backend/internal/schools/handler.go:29.16,32.3 2 0
registro-backend/internal/schools/handler.go:34.2,34.36 1 0
registro-backend/internal/schools/handler.go:39.39,42.16 3 0
registro-backend/internal/schools/handler.go:42.16,45.3 2 0
registro-backend/internal/schools/handler.go:46.2,46.19 1 0
registro-backend/internal/schools/handler.go:46.19,49.3 2 0
registro-backend/internal/schools/handler.go:50.2,50.31 1 0
registro-backend/internal/schools/handler.go:55.40,57.51 2 0
registro-backend/internal/schools/handler.go:57.51,60.3 2 0
registro-backend/internal/schools/handler.go:62.2,63.16 2 0
registro-backend/internal/schools/handler.go:63.16,66.3 2 0
registro-backend/internal/schools/handler.go:68.2,72.4 1 0
registro-backend/internal/schools/handler.go:77.42,80.47 3 0
registro-backend/internal/schools/handler.go:80.47,83.3 2 0
registro-backend/internal/schools/handler.go:85.2,85.72 1 0
registro-backend/internal/schools/handler.go:85.72,88.3 2 0
registro-backend/internal/schools/handler.go:90.2,90.59 1 0
registro-backend/internal/schools/handler.go:95.42,97.66 2 0
registro-backend/internal/schools/handler.go:97.66,100.3 2 0
registro-backend/internal/schools/handler.go:101.2,101.59 1 0
registro-backend/internal/schools/handler.go:105.59,107.2 2 0
registro-backend/internal/schools/handler.go:107.2,113.3 5 0
registro-backend/internal/schools/repository.go:18.52,20.2 1 0
registro-backend/internal/schools/repository.go:23.80,37.2 6 0
registro-backend/internal/schools/repository.go:40.87,47.26 4 0
registro-backend/internal/schools/repository.go:47.26,49.3 1 0
registro-backend/internal/schools/repository.go:50.2,50.20 1 0
registro-backend/internal/schools/repository.go:54.100,55.21 1 0
registro-backend/internal/schools/repository.go:55.21,57.3 1 0
registro-backend/internal/schools/repository.go:58.2,59.18 2 0
registro-backend/internal/schools/repository.go:59.18,61.3 1 0
registro-backend/internal/schools/repository.go:62.2,62.18 1 0
registro-backend/internal/schools/repository.go:62.18,64.3 1 0
registro-backend/internal/schools/repository.go:65.2,72.25 5 0
registro-backend/internal/schools/repository.go:72.25,76.3 3 0
registro-backend/internal/schools/repository.go:78.2,80.16 3 0
registro-backend/internal/schools/repository.go:80.16,82.3 1 0
registro-backend/internal/schools/repository.go:85.2,86.25 2 0
registro-backend/internal/schools/repository.go:86.25,88.3 1 0
registro-backend/internal/schools/repository.go:89.2,92.16 3 0
registro-backend/internal/schools/repository.go:92.16,94.3 1 0
registro-backend/internal/schools/repository.go:95.2,98.18 3 0
registro-backend/internal/schools/repository.go:98.18,103.17 2 0
registro-backend/internal/schools/repository.go:103.17,105.4 1 0
registro-backend/internal/schools/repository.go:106.3,106.31 1 0
registro-backend/internal/schools/repository.go:108.2,108.28 1 0
registro-backend/internal/schools/repository.go:112.101,117.21 4 0
registro-backend/internal/schools/repository.go:117.21,121.3 3 0
registro-backend/internal/schools/repository.go:122.2,122.21 1 0
registro-backend/internal/schools/repository.go:122.21,126.3 3 0
registro-backend/internal/schools/repository.go:127.2,127.24 1 0
registro-backend/internal/schools/repository.go:127.24,131.3 3 0
registro-backend/internal/schools/repository.go:132.2,132.21 1 0
registro-backend/internal/schools/repository.go:132.21,136.3 3 0
registro-backend/internal/schools/repository.go:137.2,137.22 1 0
registro-backend/internal/schools/repository.go:137.22,141.3 3 0
registro-backend/internal/schools/repository.go:142.2,142.22 1 0
registro-backend/internal/schools/repository.go:142.22,146.3 3 0
registro-backend/internal/schools/repository.go:148.2,152.12 4 0
registro-backend/internal/schools/repository.go:156.75,160.2 3 0
registro-backend/internal/schools/service.go:20.43,22.2 1 1
registro-backend/internal/schools/service.go:25.90,34.51 2 1
registro-backend/internal/schools/service.go:34.51,36.3 1 1
registro-backend/internal/schools/service.go:37.2,37.20 1 1
registro-backend/internal/schools/service.go:41.76,43.2 1 1
registro-backend/internal/schools/service.go:46.89,48.2 1 1
registro-backend/internal/schools/service.go:51.90,53.2 1 1
registro-backend/internal/schools/service.go:56.64,58.2 1 1
registro-backend/internal/documents/exporter.go:10.30,12.2 1 1
registro-backend/internal/documents/exporter.go:14.73,20.2 3 0
registro-backend/internal/documents/exporter.go:22.74,26.2 3 0
registro-backend/internal/documents/handler.go:13.37,15.2 1 0
registro-backend/internal/documents/handler.go:17.54,38.2 10 0
registro-backend/internal/documents/handler.go:40.50,42.47 2 0
registro-backend/internal/documents/handler.go:42.47,45.3 2 0
registro-backend/internal/documents/handler.go:46.2,48.16 3 0
registro-backend/internal/documents/handler.go:48.16,51.3 2 0
registro-backend/internal/documents/handler.go:52.2,52.33 1 0
registro-backend/internal/documents/handler.go:55.47,58.16 3 0
registro-backend/internal/documents/handler.go:58.16,61.3 2 0
registro-backend/internal/documents/handler.go:62.2,62.28 1 0
registro-backend/internal/documents/handler.go:65.50,68.47 3 0
registro-backend/internal/documents/handler.go:68.47,71.3 2 0
registro-backend/internal/documents/handler.go:72.2,73.87 2 0
registro-backend/internal/documents/handler.go:73.87,76.3 2 0
registro-backend/internal/documents/handler.go:77.2,77.52 1 0
registro-backend/internal/documents/handler.go:80.51,83.47 3 0
registro-backend/internal/documents/handler.go:83.47,86.3 2 0
registro-backend/internal/documents/handler.go:87.2,88.88 2 0
registro-backend/internal/documents/handler.go:88.88,91.3 2 0
registro-backend/internal/documents/handler.go:92.2,92.54 1 0
registro-backend/internal/documents/handler.go:95.48,98.47 3 0
registro-backend/internal/documents/handler.go:98.47,101.3 2 0
registro-backend/internal/documents/handler.go:102.2,103.85 2 0
registro-backend/internal/documents/handler.go:103.85,106.3 2 0
registro-backend/internal/documents/handler.go:107.2,107.51 1 0
registro-backend/internal/documents/handler.go:110.44,112.16 2 0
registro-backend/internal/documents/handler.go:112.16,115.3 2 0
registro-backend/internal/documents/handler.go:116.2,116.28 1 0
registro-backend/internal/documents/handler.go:119.50,121.16 2 0
registro-backend/internal/documents/handler.go:121.16,124.3 2 0
registro-backend/internal/documents/handler.go:125.2,125.28 1 0
registro-backend/internal/documents/handler.go:128.50,130.47 2 0
registro-backend/internal/documents/handler.go:130.47,133.3 2 0
registro-backend/internal/documents/handler.go:134.2,134.75 1 0
registro-backend/internal/documents/handler.go:134.75,137.3 2 0
registro-backend/internal/documents/handler.go:138.2,138.66 1 0
registro-backend/internal/documents/handler.go:141.50,145.16 4 0
registro-backend/internal/documents/handler.go:145.16,148.3 2 0
registro-backend/internal/documents/handler.go:149.2,149.42 1 0
registro-backend/internal/documents/model.go:96.35,97.60 1 1
registro-backend/internal/documents/model.go:97.60,99.3 1 0
registro-backend/internal/documents/model.go:100.2,100.24 1 1
registro-backend/internal/documents/model.go:100.24,101.53 1 0
registro-backend/internal/documents/model.go:101.53,103.4 1 0
registro-backend/internal/documents/model.go:105.2,105.13 1 1
registro-backend/internal/documents/repository.go:37.43,39.2 1 0
registro-backend/internal/documents/repository.go:41.64,43.16 2 0
registro-backend/internal/documents/repository.go:43.16,45.3 1 0
registro-backend/internal/documents/repository.go:46.2,60.16 4 0
registro-backend/internal/documents/repository.go:60.16,62.3 1 0
registro-backend/internal/documents/repository.go:65.2,70.16 3 0
registro-backend/internal/documents/repository.go:70.16,72.3 1 0
registro-backend/internal/documents/repository.go:74.2,74.20 1 0
registro-backend/internal/documents/repository.go:77.78,79.16 2 0
registro-backend/internal/documents/repository.go:79.16,81.3 1 0
registro-backend/internal/documents/repository.go:82.2,93.16 5 0
registro-backend/internal/documents/repository.go:93.16,95.3 1 0
registro-backend/internal/documents/repository.go:98.2,104.16 3 0
registro-backend/internal/documents/repository.go:104.16,106.3 1 0
registro-backend/internal/documents/repository.go:108.2,109.20 2 0
registro-backend/internal/documents/repository.go:112.73,115.2 2 0
registro-backend/internal/documents/repository.go:117.61,129.16 4 0
registro-backend/internal/documents/repository.go:129.16,131.3 1 0
registro-backend/internal/documents/repository.go:132.2,132.16 1 0
registro-backend/internal/documents/repository.go:135.76,139.2 3 0
registro-backend/internal/documents/repository.go:141.75,144.16 3 0
registro-backend/internal/documents/repository.go:144.16,146.3 1 0
registro-backend/internal/documents/repository.go:147.2,150.18 3 0
registro-backend/internal/documents/repository.go:150.18,152.99 2 0
registro-backend/internal/documents/repository.go:152.99,154.4 1 0
registro-backend/internal/documents/repository.go:155.3,155.25 1 0
registro-backend/internal/documents/repository.go:157.2,157.18 1 0
registro-backend/internal/documents/repository.go:160.70,162.2 1 0
registro-backend/internal/documents/repository.go:164.74,166.2 1 0
registro-backend/internal/documents/repository.go:168.68,170.2 1 0
registro-backend/internal/documents/repository.go:172.74,174.2 1 0
registro-backend/internal/documents/repository.go:176.65,178.16 2 0
registro-backend/internal/documents/repository.go:178.16,180.3 1 0
registro-backend/internal/documents/repository.go:181.2,188.16 3 0
registro-backend/internal/documents/repository.go:188.16,190.3 1 0
registro-backend/internal/documents/repository.go:193.2,196.16 2 0
registro-backend/internal/documents/repository.go:196.16,198.3 1 0
registro-backend/internal/documents/repository.go:200.2,200.20 1 0
registro-backend/internal/documents/repository.go:203.79,205.16 2 0
registro-backend/internal/documents/repository.go:205.16,207.3 1 0
registro-backend/internal/documents/repository.go:208.2,211.18 3 0
registro-backend/internal/documents/repository.go:211.18,213.61 2 0
registro-backend/internal/documents/repository.go:213.61,215.4 1 0
registro-backend/internal/documents/repository.go:216.3,216.25 1 0
registro-backend/internal/documents/repository.go:218.2,218.18 1 0
registro-backend/internal/documents/repository.go:222.80,224.16 2 0
registro-backend/internal/documents/repository.go:224.16,226.3 1 0
registro-backend/internal/documents/repository.go:227.2,229.18 3 0
registro-backend/internal/documents/repository.go:229.18,233.3 3 0
registro-backend/internal/documents/repository.go:234.2,234.18 1 0
registro-backend/internal/documents/repository.go:237.72,241.2 3 0
registro-backend/internal/documents/repository.go:243.64,247.2 1 0
registro-backend/internal/documents/repository.go:250.87,254.16 2 0
registro-backend/internal/documents/repository.go:254.16,256.3 1 0
registro-backend/internal/documents/repository.go:257.2,260.18 3 0
registro-backend/internal/documents/repository.go:260.18,266.17 2 0
registro-backend/internal/documents/repository.go:266.17,268.4 1 0
registro-backend/internal/documents/repository.go:269.3,269.25 1 0
registro-backend/internal/documents/repository.go:271.2,271.18 1 0
registro-backend/internal/documents/service.go:40.42,49.2 1 1
registro-backend/internal/documents/service.go:51.128,55.27 2 1
registro-backend/internal/documents/service.go:55.27,57.17 2 0
registro-backend/internal/documents/service.go:57.17,61.4 2 0
registro-backend/internal/documents/service.go:64.2,74.67 2 1
registro-backend/internal/documents/service.go:74.67,76.3 1 0
registro-backend/internal/documents/service.go:78.2,78.52 1 1
registro-backend/internal/documents/service.go:78.52,80.3 1 0
registro-backend/internal/documents/service.go:82.2,82.85 1 1
registro-backend/internal/documents/service.go:85.96,87.16 2 0
registro-backend/internal/documents/service.go:87.16,89.3 1 0
registro-backend/internal/documents/service.go:91.2,96.27 5 0
registro-backend/internal/documents/service.go:96.27,98.3 1 0
registro-backend/internal/documents/service.go:100.2,109.8 1 0
registro-backend/internal/documents/service.go:112.107,114.16 2 1
registro-backend/internal/documents/service.go:114.16,116.3 1 0
registro-backend/internal/documents/service.go:118.2,118.63 1 1
registro-backend/internal/documents/service.go:118.63,120.3 1 1
registro-backend/internal/documents/service.go:122.2,122.22 1 0
registro-backend/internal/documents/service.go:122.22,124.3 1 0
registro-backend/internal/documents/service.go:125.2,126.24 2 0
registro-backend/internal/documents/service.go:126.24,128.3 1 0
registro-backend/internal/documents/service.go:132.2,132.19 1 0
registro-backend/internal/documents/service.go:132.19,135.3 2 0
registro-backend/internal/documents/service.go:137.2,137.51 1 0
registro-backend/internal/documents/service.go:140.111,142.16 2 1
registro-backend/internal/documents/service.go:142.16,144.3 1 0
registro-backend/internal/documents/service.go:147.2,148.20 2 1
registro-backend/internal/documents/service.go:149.16,150.25 1 0
registro-backend/internal/documents/service.go:151.27,152.22 1 0
registro-backend/internal/documents/service.go:153.26,154.24 1 1
registro-backend/internal/documents/service.go:155.16,156.24 1 0
registro-backend/internal/documents/service.go:157.10,158.38 1 0
registro-backend/internal/documents/service.go:161.2,161.67 1 1
registro-backend/internal/documents/service.go:161.67,163.3 1 1
registro-backend/internal/documents/service.go:165.2,165.41 1 0
registro-backend/internal/documents/service.go:168.106,170.16 2 1
registro-backend/internal/documents/service.go:170.16,172.3 1 0
registro-backend/internal/documents/service.go:174.2,174.34 1 1
registro-backend/internal/documents/service.go:174.34,176.3 1 0
registro-backend/internal/documents/service.go:178.2,178.87 1 1
registro-backend/internal/documents/service.go:178.87,180.3 1 0
registro-backend/internal/documents/service.go:182.2,192.19 3 1
registro-backend/internal/documents/service.go:192.19,194.3 1 1
registro-backend/internal/documents/service.go:196.2,196.33 1 1
registro-backend/internal/documents/service.go:199.81,201.16 2 1
registro-backend/internal/documents/service.go:201.16,203.3 1 0
registro-backend/internal/documents/service.go:204.2,204.31 1 1
registro-backend/internal/documents/service.go:207.87,209.16 2 0
registro-backend/internal/documents/service.go:209.16,211.3 1 0
registro-backend/internal/documents/service.go:212.2,212.31 1 0
registro-backend/internal/documents/service.go:215.102,220.2 1 0
registro-backend/internal/documents/service.go:222.82,229.2 1 0
registro-backend/internal/documents/service.go:231.98,233.16 2 0
registro-backend/internal/documents/service.go:233.16,235.3 1 0
registro-backend/internal/documents/service.go:237.2,239.21 2 0
registro-backend/internal/documents/service.go:239.21,242.3 2 0
registro-backend/internal/documents/service.go:243.2,244.93 2 0
registro-backend/internal/documents/service.go:248.58,250.25 2 1
registro-backend/internal/documents/service.go:250.25,254.3 1 1
registro-backend/internal/documents/service.go:255.2,255.12 1 1
registro-backend/internal/documents/service.go:258.63,260.25 2 0
registro-backend/internal/documents/service.go:260.25,264.3 1 0
registro-backend/internal/documents/service.go:265.2,265.12 1 0
registro-backend/internal/documents/signature.go:7.48,9.2 1 1
registro-backend/internal/documents/signature.go:11.72,14.35 1 1
registro-backend/internal/documents/signature.go:14.35,16.3 1 0
registro-backend/internal/documents/signature.go:18.2,18.12 1 1
registro-backend/internal/documents/template_engine.go:9.42,11.2 1 1
registro-backend/internal/documents/template_engine.go:14.82,16.31 2 0
registro-backend/internal/documents/template_engine.go:16.31,19.3 2 0
registro-backend/internal/documents/template_engine.go:20.2,20.15 1 0
registro-backend/internal/documents/validator.go:7.32,9.2 1 1
registro-backend/internal/documents/validator.go:11.73,12.18 1 1
registro-backend/internal/documents/validator.go:12.18,14.3 1 0
registro-backend/internal/documents/validator.go:15.2,15.23 1 1
registro-backend/internal/documents/validator.go:15.23,17.3 1 0
registro-backend/internal/documents/validator.go:18.2,18.12 1 1
registro-backend/internal/documents/workflow.go:7.42,9.2 1 1
registro-backend/internal/documents/workflow.go:11.71,18.17 1 1
registro-backend/internal/documents/workflow.go:19.19,20.30 1 1
registro-backend/internal/documents/workflow.go:20.30,22.4 1 1
registro-backend/internal/documents/workflow.go:23.23,24.76 1 0
registro-backend/internal/documents/workflow.go:24.76,26.4 1 0
registro-backend/internal/documents/workflow.go:27.20,28.82 1 0
registro-backend/internal/documents/workflow.go:28.82,30.4 1 0
registro-backend/internal/documents/workflow.go:31.22,32.27 1 0
registro-backend/internal/documents/workflow.go:32.27,34.4 1 0
registro-backend/internal/documents/workflow.go:36.2,36.48 1 1
registro-backend/internal/documents/workflow.go:39.94,41.16 1 0
registro-backend/internal/documents/workflow.go:42.16,43.30 1 0
registro-backend/internal/documents/workflow.go:44.21,45.27 1 0
registro-backend/internal/documents/workflow.go:46.17,47.29 1 0
registro-backend/internal/documents/workflow.go:48.16,49.29 1 0
registro-backend/internal/documents/workflow.go:51.2,51.41 1 0
registro-backend/internal/subjects/handler.go:13.44,15.2 1 0
registro-backend/internal/subjects/handler.go:17.41,19.13 2 0
registro-backend/internal/subjects/handler.go:19.13,21.3 1 0
registro-backend/internal/subjects/handler.go:22.2,22.21 1 0
registro-backend/internal/subjects/handler.go:25.42,27.47 2 0
registro-backend/internal/subjects/handler.go:27.47,30.3 2 0
registro-backend/internal/subjects/handler.go:32.2,33.24 2 0
registro-backend/internal/subjects/handler.go:33.24,35.3 1 0
registro-backend/internal/subjects/handler.go:36.2,36.20 1 0
registro-backend/internal/subjects/handler.go:36.20,39.3 2 0
registro-backend/internal/subjects/handler.go:41.2,42.16 2 0
registro-backend/internal/subjects/handler.go:42.16,45.3 2 0
registro-backend/internal/subjects/handler.go:46.2,46.33 1 0
registro-backend/internal/subjects/handler.go:49.40,51.20 2 0
registro-backend/internal/subjects/handler.go:51.20,53.3 1 0
registro-backend/internal/subjects/handler.go:54.2,54.20 1 0
registro-backend/internal/subjects/handler.go:54.20,57.3 2 0
registro-backend/internal/subjects/handler.go:59.2,60.16 2 0
registro-backend/internal/subjects/handler.go:60.16,63.3 2 0
registro-backend/internal/subjects/handler.go:64.2,64.28 1 0
registro-backend/internal/subjects/handler.go:67.42,69.47 2 0
registro-backend/internal/subjects/handler.go:69.47,72.3 2 0
registro-backend/internal/subjects/handler.go:73.2,74.16 2 0
registro-backend/internal/subjects/handler.go:74.16,77.3 2 0
registro-backend/internal/subjects/handler.go:78.2,78.28 1 0
registro-backend/internal/subjects/handler.go:81.39,83.16 2 0
registro-backend/internal/subjects/handler.go:83.16,86.3 2 0
registro-backend/internal/subjects/handler.go:87.2,87.28 1 0
registro-backend/internal/subjects/handler.go:90.42,91.84 1 0
registro-backend/internal/subjects/handler.go:91.84,94.3 2 0
registro-backend/internal/subjects/handler.go:95.2,95.32 1 0
registro-backend/internal/subjects/handler.go:98.55,100.2 2 0
registro-backend/internal/subjects/handler.go:100.2,106.3 5 0
registro-backend/internal/subjects/repository.go:23.43,25.2 1 0
registro-backend/internal/subjects/repository.go:27.76,28.16 1 0
registro-backend/internal/subjects/repository.go:28.16,30.3 1 0
registro-backend/internal/subjects/repository.go:31.2,40.12 4 0
registro-backend/internal/subjects/repository.go:43.92,51.16 3 0
registro-backend/internal/subjects/repository.go:51.16,53.3 1 0
registro-backend/internal/subjects/repository.go:54.2,57.18 3 0
registro-backend/internal/subjects/repository.go:57.18,63.17 4 0
registro-backend/internal/subjects/repository.go:63.17,65.4 1 0
registro-backend/internal/subjects/repository.go:66.3,68.33 3 0
registro-backend/internal/subjects/repository.go:70.2,70.22 1 0
registro-backend/internal/subjects/repository.go:73.84,80.16 5 0
registro-backend/internal/subjects/repository.go:80.16,82.3 1 0
registro-backend/internal/subjects/repository.go:83.2,85.16 3 0
registro-backend/internal/subjects/repository.go:88.75,91.2 2 0
registro-backend/internal/subjects/repository.go:93.76,97.2 3 0
registro-backend/internal/subjects/service.go:11.43,13.2 1 1
registro-backend/internal/subjects/service.go:15.115,22.28 2 1
registro-backend/internal/subjects/service.go:22.28,24.3 1 1
registro-backend/internal/subjects/service.go:24.8,26.3 1 1
registro-backend/internal/subjects/service.go:28.2,28.49 1 1
registro-backend/internal/subjects/service.go:28.49,30.3 1 1
registro-backend/internal/subjects/service.go:31.2,31.18 1 1
registro-backend/internal/subjects/service.go:34.89,36.2 1 1
registro-backend/internal/subjects/service.go:38.80,40.2 1 1
registro-backend/internal/subjects/service.go:42.109,44.16 2 1
registro-backend/internal/subjects/service.go:44.16,46.3 1 1
registro-backend/internal/subjects/service.go:47.2,50.28 4 1
registro-backend/internal/subjects/service.go:50.28,52.3 1 1
registro-backend/internal/subjects/service.go:54.2,54.49 1 1
registro-backend/internal/subjects/service.go:54.49,56.3 1 1
registro-backend/internal/subjects/service.go:57.2,57.18 1 1
[...]
registro-backend/internal/users/service.go:272.2,272.16 1 0
registro-backend/internal/users/service.go:273.13,274.32 1 0
registro-backend/internal/users/service.go:275.14,276.33 1 0
registro-backend/internal/users/service.go:277.14,278.33 1 0
registro-backend/internal/users/service.go:279.10,280.47 1 0
registro-backend/internal/users/service.go:285.83,286.69 1 1
registro-backend/internal/users/service.go:286.69,288.3 1 1
registro-backend/internal/users/service.go:289.2,290.16 2 1
registro-backend/internal/users/service.go:290.16,292.3 1 0
registro-backend/internal/users/service.go:293.2,295.33 3 1
registro-backend/internal/users/service.go:299.113,304.16 2 0
registro-backend/internal/users/service.go:304.16,306.3 1 0
registro-backend/internal/users/service.go:308.2,309.51 2 0
registro-backend/internal/users/service.go:312.83,313.69 1 0
registro-backend/internal/users/service.go:313.69,315.3 1 0
registro-backend/internal/users/service.go:317.2,318.16 2 0
registro-backend/internal/users/service.go:318.16,320.3 1 0
registro-backend/internal/users/service.go:322.2,324.33 2 0
registro-backend/internal/users/validator.go:12.32,14.2 1 1
registro-backend/internal/users/validator.go:17.60,26.24 2 1
registro-backend/internal/users/validator.go:26.24,28.3 1 1
registro-backend/internal/users/validator.go:30.2,30.32 1 1
registro-backend/internal/users/validator.go:30.32,31.10 1 1
registro-backend/internal/users/validator.go:32.30,33.19 1 1
registro-backend/internal/users/validator.go:34.30,35.19 1 1
registro-backend/internal/users/validator.go:36.31,37.20 1 1
registro-backend/internal/users/validator.go:38.56,39.21 1 1
registro-backend/internal/users/validator.go:43.2,43.69 1 1
registro-backend/internal/users/validator.go:47.56,53.2 3 1
registro-backend/internal/users/validator.go:55.41,57.2 1 1
registro-backend/internal/users/validator.go:59.39,61.2 1 1
registro-backend/internal/auth/cie_handler.go:15.50,19.2 1 0
registro-backend/internal/auth/cie_handler.go:23.55,34.2 1 0
registro-backend/internal/auth/cie_handler.go:38.56,50.2 1 0
registro-backend/internal/auth/cie_handler.go:53.65,55.2 2 0
registro-backend/internal/auth/cie_handler.go:55.2,58.3 2 0
registro-backend/internal/auth/handler.go:15.44,19.2 1 1
registro-backend/internal/auth/handler.go:23.44,25.47 2 0
registro-backend/internal/auth/handler.go:25.47,28.3 2 0
registro-backend/internal/auth/handler.go:30.2,31.16 2 0
registro-backend/internal/auth/handler.go:31.16,33.35 2 0
registro-backend/internal/auth/handler.go:33.35,35.4 1 0
registro-backend/internal/auth/handler.go:35.9,35.66 1 0
registro-backend/internal/auth/handler.go:35.66,37.4 1 0
registro-backend/internal/auth/handler.go:38.3,39.9 2 0
registro-backend/internal/auth/handler.go:42.2,51.4 1 0
registro-backend/internal/auth/handler.go:56.41,58.47 2 1
registro-backend/internal/auth/handler.go:58.47,61.3 2 0
registro-backend/internal/auth/handler.go:63.2,71.16 4 1
registro-backend/internal/auth/handler.go:71.16,73.32 2 0
registro-backend/internal/auth/handler.go:73.32,75.4 1 0
registro-backend/internal/auth/handler.go:75.9,75.35 1 0
registro-backend/internal/auth/handler.go:75.35,77.4 1 0
registro-backend/internal/auth/handler.go:78.3,79.9 2 0
registro-backend/internal/auth/handler.go:82.2,82.33 1 1
registro-backend/internal/auth/handler.go:87.48,89.47 2 0
registro-backend/internal/auth/handler.go:89.47,92.3 2 0
registro-backend/internal/auth/handler.go:94.2,95.16 2 0
registro-backend/internal/auth/handler.go:95.16,99.3 3 0
registro-backend/internal/auth/handler.go:101.2,101.31 1 0
registro-backend/internal/auth/handler.go:106.42,108.47 2 1
registro-backend/internal/auth/handler.go:108.47,111.3 2 0
registro-backend/internal/auth/handler.go:113.2,113.80 1 1
registro-backend/internal/auth/handler.go:113.80,116.3 2 1
registro-backend/internal/auth/handler.go:118.2,118.76 1 1
registro-backend/internal/auth/handler.go:123.50,125.13 2 1
registro-backend/internal/auth/handler.go:125.13,128.3 2 1
registro-backend/internal/auth/handler.go:130.2,131.16 2 1
registro-backend/internal/auth/handler.go:131.16,134.3 2 1
registro-backend/internal/auth/handler.go:136.2,145.4 1 1
registro-backend/internal/auth/handler.go:150.44,152.13 2 0
registro-backend/internal/auth/handler.go:152.13,155.3 2 0
registro-backend/internal/auth/handler.go:157.2,158.16 2 0
registro-backend/internal/auth/handler.go:158.16,160.34 2 0
registro-backend/internal/auth/handler.go:160.34,162.4 1 0
registro-backend/internal/auth/handler.go:163.3,164.9 2 0
registro-backend/internal/auth/handler.go:167.2,167.33 1 0
registro-backend/internal/auth/handler.go:172.45,174.13 2 0
registro-backend/internal/auth/handler.go:174.13,177.3 2 0
registro-backend/internal/auth/handler.go:179.2,180.47 2 0
registro-backend/internal/auth/handler.go:180.47,183.3 2 0
registro-backend/internal/auth/handler.go:185.2,185.84 1 0
registro-backend/internal/auth/handler.go:185.84,188.3 2 0
registro-backend/internal/auth/handler.go:190.2,190.78 1 0
registro-backend/internal/auth/handler.go:195.56,197.47 2 0
registro-backend/internal/auth/handler.go:197.47,200.3 2 0
registro-backend/internal/auth/handler.go:202.2,202.87 1 0
registro-backend/internal/auth/handler.go:202.87,205.3 2 0
registro-backend/internal/auth/handler.go:207.2,207.78 1 0
registro-backend/internal/auth/handler.go:212.56,214.47 2 0
registro-backend/internal/auth/handler.go:214.47,217.3 2 0
registro-backend/internal/auth/handler.go:219.2,219.97 1 0
registro-backend/internal/auth/handler.go:219.97,221.29 2 0
registro-backend/internal/auth/handler.go:221.29,223.4 1 0
registro-backend/internal/auth/handler.go:223.9,223.40 1 0
registro-backend/internal/auth/handler.go:223.40,225.4 1 0
registro-backend/internal/auth/handler.go:226.3,227.9 2 0
registro-backend/internal/auth/handler.go:230.2,230.80 1 0
registro-backend/internal/auth/handler.go:234.83,236.2 2 0
registro-backend/internal/auth/handler.go:236.2,247.3 8 0
registro-backend/internal/auth/handler.go:247.3,252.4 4 0
registro-backend/internal/auth/mfa.go:18.47,22.2 1 1
registro-backend/internal/auth/mfa.go:25.55,28.16 3 1
registro-backend/internal/auth/mfa.go:28.16,30.3 1 0
registro-backend/internal/auth/mfa.go:31.2,31.55 1 1
registro-backend/internal/auth/mfa.go:35.69,43.2 1 1
registro-backend/internal/auth/mfa.go:46.59,48.2 1 0
registro-backend/internal/auth/mfa.go:51.73,53.29 2 1
registro-backend/internal/auth/mfa.go:53.29,55.17 2 1
registro-backend/internal/auth/mfa.go:55.17,57.4 1 0
registro-backend/internal/auth/mfa.go:58.3,58.18 1 1
registro-backend/internal/auth/mfa.go:60.2,60.19 1 1
registro-backend/internal/auth/mfa.go:63.53,67.16 4 1
registro-backend/internal/auth/mfa.go:67.16,69.3 1 0
registro-backend/internal/auth/mfa.go:70.2,70.19 1 1
registro-backend/internal/auth/mfa.go:70.19,72.3 1 1
registro-backend/internal/auth/mfa.go:73.2,73.23 1 1
registro-backend/internal/auth/middleware.go:21.91,26.2 1 0
registro-backend/internal/auth/middleware.go:29.53,30.30 1 0
registro-backend/internal/auth/middleware.go:30.30,32.23 2 0
registro-backend/internal/auth/middleware.go:32.23,36.4 3 0
registro-backend/internal/auth/middleware.go:39.3,40.46 2 0
registro-backend/internal/auth/middleware.go:40.46,44.4 3 0
registro-backend/internal/auth/middleware.go:46.3,48.17 3 0
registro-backend/internal/auth/middleware.go:48.17,52.4 3 0
registro-backend/internal/auth/middleware.go:55.3,55.24 1 0
registro-backend/internal/auth/middleware.go:55.24,57.18 2 0
registro-backend/internal/auth/middleware.go:57.18,61.5 3 0
registro-backend/internal/auth/middleware.go:62.4,62.17 1 0
registro-backend/internal/auth/middleware.go:62.17,66.5 3 0
registro-backend/internal/auth/middleware.go:70.3,75.11 5 0
registro-backend/internal/auth/middleware.go:80.74,81.30 1 0
registro-backend/internal/auth/middleware.go:81.30,83.14 2 0
registro-backend/internal/auth/middleware.go:83.14,87.4 3 0
registro-backend/internal/auth/middleware.go:89.3,90.44 2 0
registro-backend/internal/auth/middleware.go:90.44,91.57 1 0
registro-backend/internal/auth/middleware.go:91.57,94.5 2 0
registro-backend/internal/auth/middleware.go:97.3,98.12 2 0
registro-backend/internal/auth/middleware.go:103.47,105.13 2 1
registro-backend/internal/auth/middleware.go:105.13,107.3 1 1
registro-backend/internal/auth/middleware.go:108.2,108.30 1 1
registro-backend/internal/auth/middleware.go:112.49,114.13 2 0
registro-backend/internal/auth/middleware.go:114.13,116.3 1 0
registro-backend/internal/auth/middleware.go:117.2,117.28 1 0
registro-backend/internal/auth/middleware.go:121.49,123.13 2 0
registro-backend/internal/auth/middleware.go:123.13,125.3 1 0
registro-backend/internal/auth/middleware.go:126.2,126.32 1 0
registro-backend/internal/auth/middleware.go:140.96,146.2 5 0
registro-backend/internal/auth/repository.go:52.43,54.2 1 0
registro-backend/internal/auth/repository.go:56.72,73.2 8 0
registro-backend/internal/auth/repository.go:75.87,89.26 5 0
registro-backend/internal/auth/repository.go:89.26,91.3 1 0
registro-backend/internal/auth/repository.go:92.2,92.16 1 0
registro-backend/internal/auth/repository.go:92.16,94.3 1 0
registro-backend/internal/auth/repository.go:95.2,96.18 2 0
registro-backend/internal/auth/repository.go:99.81,113.26 5 0
registro-backend/internal/auth/repository.go:113.26,115.3 1 0
registro-backend/internal/auth/repository.go:116.2,116.16 1 0
registro-backend/internal/auth/repository.go:116.16,118.3 1 0
registro-backend/internal/auth/repository.go:119.2,120.18 2 0
registro-backend/internal/auth/repository.go:123.72,132.2 4 0
registro-backend/internal/auth/repository.go:134.80,139.2 4 0
registro-backend/internal/auth/repository.go:141.82,145.2 3 0
registro-backend/internal/auth/repository.go:147.75,151.2 3 0
registro-backend/internal/auth/repository.go:153.87,157.26 4 0
registro-backend/internal/auth/repository.go:157.26,159.3 1 0
registro-backend/internal/auth/repository.go:160.2,160.20 1 0
registro-backend/internal/auth/repository.go:163.100,166.16 3 0
registro-backend/internal/auth/repository.go:166.16,168.3 1 0
registro-backend/internal/auth/repository.go:169.2,171.29 2 0
registro-backend/internal/auth/repository.go:171.29,173.17 2 0
registro-backend/internal/auth/repository.go:173.17,175.4 1 0
registro-backend/internal/auth/repository.go:178.2,178.20 1 0
registro-backend/internal/auth/repository.go:181.103,184.16 3 0
registro-backend/internal/auth/repository.go:184.16,186.3 1 0
registro-backend/internal/auth/repository.go:187.2,190.18 3 0
registro-backend/internal/auth/repository.go:190.18,192.114 2 0
registro-backend/internal/auth/repository.go:192.114,194.4 1 0
registro-backend/internal/auth/repository.go:195.3,195.30 1 0
registro-backend/internal/auth/repository.go:197.2,197.26 1 0
registro-backend/internal/auth/repository.go:200.86,203.16 3 0
registro-backend/internal/auth/repository.go:203.16,205.3 1 0
registro-backend/internal/auth/repository.go:206.2,207.19 2 0
registro-backend/internal/auth/repository.go:207.19,209.3 1 0
registro-backend/internal/auth/repository.go:210.2,210.12 1 0
registro-backend/internal/auth/repository.go:213.89,227.2 6 0
registro-backend/internal/auth/repository.go:229.96,240.26 4 0
registro-backend/internal/auth/repository.go:240.26,242.3 1 0
registro-backend/internal/auth/repository.go:243.2,243.16 1 0
registro-backend/internal/auth/repository.go:246.84,250.2 3 0
registro-backend/internal/auth/repository.go:252.84,256.2 3 0
registro-backend/internal/auth/repository.go:258.101,271.2 6 0
registro-backend/internal/auth/repository.go:273.108,283.26 4 0
registro-backend/internal/auth/repository.go:283.26,285.3 1 0
registro-backend/internal/auth/repository.go:286.2,286.17 1 0
registro-backend/internal/auth/repository.go:289.87,293.2 3 0
registro-backend/internal/auth/repository.go:295.93,299.2 3 0
registro-backend/internal/auth/repository.go:301.91,308.2 3 0
registro-backend/internal/auth/repository.go:310.121,319.2 4 0
registro-backend/internal/auth/service.go:23.99,30.2 1 1
registro-backend/internal/auth/service.go:33.86,35.53 1 1
registro-backend/internal/auth/service.go:35.53,37.3 1 1
registro-backend/internal/auth/service.go:40.2,41.16 2 1
registro-backend/internal/auth/service.go:41.16,43.3 1 1
registro-backend/internal/auth/service.go:46.2,47.16 2 1
registro-backend/internal/auth/service.go:47.16,49.3 1 0
registro-backend/internal/auth/service.go:52.2,59.24 2 1
registro-backend/internal/auth/service.go:59.24,61.3 1 0
registro-backend/internal/auth/service.go:63.2,63.53 1 1
registro-backend/internal/auth/service.go:63.53,65.3 1 0
registro-backend/internal/auth/service.go:67.2,67.18 1 1
registro-backend/internal/auth/service.go:71.117,75.16 3 1
registro-backend/internal/auth/service.go:75.16,77.3 1 0
registro-backend/internal/auth/service.go:78.2,78.19 1 1
registro-backend/internal/auth/service.go:78.19,80.3 1 1
registro-backend/internal/auth/service.go:83.2,84.16 2 1
registro-backend/internal/auth/service.go:84.16,87.3 2 0
registro-backend/internal/auth/service.go:90.2,91.16 2 1
registro-backend/internal/auth/service.go:91.16,94.3 2 1
registro-backend/internal/auth/service.go:97.2,97.20 1 1
registro-backend/internal/auth/service.go:97.20,99.3 1 0
registro-backend/internal/auth/service.go:102.2,102.21 1 1
registro-backend/internal/auth/service.go:102.21,103.25 1 0
registro-backend/internal/auth/service.go:103.25,105.4 1 0
registro-backend/internal/auth/service.go:106.3,107.17 2 0
registro-backend/internal/auth/service.go:107.17,109.4 1 0
registro-backend/internal/auth/service.go:110.3,110.53 1 0
registro-backend/internal/auth/service.go:110.53,112.4 1 0
registro-backend/internal/auth/service.go:116.2,118.17 1 1
registro-backend/internal/auth/service.go:118.17,119.28 1 1
registro-backend/internal/auth/service.go:119.28,121.5 1 1
registro-backend/internal/auth/service.go:122.4,122.13 1 1
registro-backend/internal/auth/service.go:125.2,125.16 1 1
registro-backend/internal/auth/service.go:125.16,127.3 1 0
registro-backend/internal/auth/service.go:129.2,130.16 2 1
registro-backend/internal/auth/service.go:130.16,132.3 1 0
registro-backend/internal/auth/service.go:135.2,142.59 2 1
registro-backend/internal/auth/service.go:142.59,144.3 1 0
registro-backend/internal/auth/service.go:147.2,166.8 3 1
registro-backend/internal/auth/service.go:170.94,173.16 2 0
registro-backend/internal/auth/service.go:173.16,175.3 1 0
registro-backend/internal/auth/service.go:178.2,178.16 1 0
registro-backend/internal/auth/service.go:178.16,180.3 1 0
registro-backend/internal/auth/service.go:183.2,183.36 1 0
registro-backend/internal/auth/service.go:183.36,185.3 1 0
registro-backend/internal/auth/service.go:188.2,189.16 2 0
registro-backend/internal/auth/service.go:189.16,191.3 1 0
registro-backend/internal/auth/service.go:194.2,196.17 1 0
registro-backend/internal/auth/service.go:196.17,197.28 1 0
registro-backend/internal/auth/service.go:197.28,199.5 1 0
registro-backend/internal/auth/service.go:200.4,200.13 1 0
registro-backend/internal/auth/service.go:203.2,203.16 1 0
registro-backend/internal/auth/service.go:203.16,205.3 1 0
registro-backend/internal/auth/service.go:207.2,211.8 1 0
registro-backend/internal/auth/service.go:215.74,217.16 2 1
registro-backend/internal/auth/service.go:217.16,219.3 1 1
registro-backend/internal/auth/service.go:220.2,220.46 1 1
registro-backend/internal/auth/service.go:224.82,226.2 1 1
registro-backend/internal/auth/service.go:229.91,231.16 2 1
registro-backend/internal/auth/service.go:231.16,233.3 1 0
registro-backend/internal/auth/service.go:235.2,235.21 1 1
registro-backend/internal/auth/service.go:235.21,237.3 1 1
registro-backend/internal/auth/service.go:240.2,241.16 2 1
registro-backend/internal/auth/service.go:241.16,243.3 1 0
registro-backend/internal/auth/service.go:246.2,250.16 3 1
registro-backend/internal/auth/service.go:250.16,252.3 1 0
registro-backend/internal/auth/service.go:255.2,255.79 1 1
registro-backend/internal/auth/service.go:255.79,257.3 1 0
registro-backend/internal/auth/service.go:261.2,261.62 1 1
registro-backend/internal/auth/service.go:261.62,263.3 1 0
registro-backend/internal/auth/service.go:265.2,269.8 1 1
registro-backend/internal/auth/service.go:273.78,275.16 2 0
registro-backend/internal/auth/service.go:275.16,277.3 1 0
registro-backend/internal/auth/service.go:279.2,279.45 1 0
registro-backend/internal/auth/service.go:279.45,281.3 1 0
registro-backend/internal/auth/service.go:283.2,283.12 1 0
registro-backend/internal/auth/service.go:287.81,289.16 2 0
registro-backend/internal/auth/service.go:289.16,292.3 1 0
registro-backend/internal/auth/service.go:295.2,296.49 2 0
registro-backend/internal/auth/service.go:296.49,298.3 1 0
registro-backend/internal/auth/service.go:299.2,307.66 3 0
registro-backend/internal/auth/service.go:307.66,309.3 1 0
registro-backend/internal/auth/service.go:314.2,314.12 1 0
registro-backend/internal/auth/service.go:318.87,321.64 2 0
registro-backend/internal/auth/service.go:321.64,323.3 1 0
registro-backend/internal/auth/service.go:326.2,327.16 2 0
registro-backend/internal/auth/service.go:327.16,329.3 1 0
registro-backend/internal/auth/service.go:332.2,332.14 1 0
registro-backend/internal/auth/service.go:332.14,334.3 1 0
registro-backend/internal/auth/service.go:337.2,337.37 1 0
registro-backend/internal/auth/service.go:337.37,339.3 1 0
registro-backend/internal/auth/service.go:342.2,343.16 2 0
registro-backend/internal/auth/service.go:343.16,345.3 1 0
registro-backend/internal/auth/service.go:348.2,348.85 1 0
registro-backend/internal/auth/service.go:348.85,350.3 1 0
registro-backend/internal/auth/service.go:353.2,353.66 1 0
registro-backend/internal/auth/service.go:353.66,355.3 1 0
registro-backend/internal/auth/service.go:358.2,360.12 2 0
registro-backend/internal/auth/service.go:363.85,371.2 2 1
registro-backend/internal/auth/service.go:373.89,381.2 2 1
registro-backend/internal/auth/spid_handler.go:16.52,20.2 1 0
registro-backend/internal/auth/spid_handler.go:24.57,34.2 1 0
registro-backend/internal/auth/spid_handler.go:38.58,51.2 1 0
registro-backend/internal/auth/spid_handler.go:54.67,56.2 2 0
registro-backend/internal/auth/spid_handler.go:56.2,59.3 2 0
registro-backend/internal/auth/validator.go:18.48,26.2 1 1
registro-backend/internal/auth/validator.go:29.61,30.33 1 1
registro-backend/internal/auth/validator.go:30.33,32.3 1 1
registro-backend/internal/auth/validator.go:34.2,41.32 2 1
registro-backend/internal/auth/validator.go:41.32,42.10 1 1
registro-backend/internal/auth/validator.go:43.30,44.19 1 1
registro-backend/internal/auth/validator.go:45.30,46.19 1 1
registro-backend/internal/auth/validator.go:47.30,48.20 1 1
registro-backend/internal/auth/validator.go:49.56,50.21 1 1
registro-backend/internal/auth/validator.go:54.2,54.33 1 1
registro-backend/internal/auth/validator.go:54.33,56.3 1 0
registro-backend/internal/auth/validator.go:57.2,57.33 1 1
registro-backend/internal/auth/validator.go:57.33,59.3 1 0
registro-backend/internal/auth/validator.go:60.2,60.35 1 1
registro-backend/internal/auth/validator.go:60.35,62.3 1 0
registro-backend/internal/auth/validator.go:63.2,63.37 1 1
registro-backend/internal/auth/validator.go:63.37,65.3 1 0
registro-backend/internal/auth/validator.go:67.2,67.12 1 1
registro-backend/internal/auth/validator.go:76.42,80.2 1 1
registro-backend/internal/auth/validator.go:83.55,84.38 1 1
registro-backend/internal/auth/validator.go:84.38,86.3 1 0
registro-backend/internal/auth/validator.go:87.2,87.12 1 1
registro-backend/internal/auth/validator.go:91.58,93.59 2 1
registro-backend/internal/auth/validator.go:93.59,95.3 1 0
registro-backend/internal/auth/validator.go:97.2,98.65 2 1
registro-backend/internal/auth/validator.go:98.65,100.3 1 1
registro-backend/internal/auth/validator.go:102.2,102.47 1 1
registro-backend/internal/auth/validator.go:102.47,104.3 1 0
registro-backend/internal/auth/validator.go:106.2,114.27 2 1
registro-backend/internal/auth/validator.go:114.27,116.3 1 0
registro-backend/internal/auth/validator.go:118.2,118.12 1 1
