mode: set
registro-backend/internal/attendance/handler.go:13.37,15.2 1 0
registro-backend/internal/attendance/handler.go:18.54,41.2 14 0
registro-backend/internal/attendance/handler.go:43.48,46.16 3 0
registro-backend/internal/attendance/handler.go:46.16,49.3 2 0
registro-backend/internal/attendance/handler.go:50.2,50.28 1 0
registro-backend/internal/attendance/handler.go:53.54,57.16 3 0
registro-backend/internal/attendance/handler.go:57.16,60.3 2 0
registro-backend/internal/attendance/handler.go:61.2,61.28 1 0
registro-backend/internal/attendance/handler.go:64.51,67.16 3 0
registro-backend/internal/attendance/handler.go:67.16,70.3 2 0
registro-backend/internal/attendance/handler.go:71.2,71.28 1 0
registro-backend/internal/attendance/handler.go:74.56,77.97 3 0
registro-backend/internal/attendance/handler.go:77.97,80.3 2 0
registro-backend/internal/attendance/handler.go:81.2,81.53 1 0
registro-backend/internal/attendance/handler.go:84.55,87.79 2 0
registro-backend/internal/attendance/handler.go:87.79,90.3 2 0
registro-backend/internal/attendance/handler.go:91.2,91.53 1 0
registro-backend/internal/attendance/handler.go:94.48,96.16 2 0
registro-backend/internal/attendance/handler.go:96.16,99.3 2 0
registro-backend/internal/attendance/handler.go:100.2,100.28 1 0
registro-backend/internal/attendance/handler.go:103.50,105.47 2 0
registro-backend/internal/attendance/handler.go:105.47,108.3 2 0
registro-backend/internal/attendance/handler.go:109.2,110.83 2 0
registro-backend/internal/attendance/handler.go:110.83,113.3 2 0
registro-backend/internal/attendance/handler.go:114.2,114.51 1 0
registro-backend/internal/attendance/handler.go:117.44,119.47 2 0
registro-backend/internal/attendance/handler.go:119.47,122.3 2 0
registro-backend/internal/attendance/handler.go:123.2,124.77 2 0
registro-backend/internal/attendance/handler.go:124.77,127.3 2 0
registro-backend/internal/attendance/handler.go:128.2,128.56 1 0
registro-backend/internal/attendance/handler.go:131.54,134.16 3 0
registro-backend/internal/attendance/handler.go:134.16,137.3 2 0
registro-backend/internal/attendance/handler.go:138.2,139.16 2 0
registro-backend/internal/attendance/handler.go:139.16,142.3 2 0
registro-backend/internal/attendance/handler.go:143.2,143.28 1 0
registro-backend/internal/attendance/handler.go:146.51,150.16 3 0
registro-backend/internal/attendance/handler.go:150.16,153.3 2 0
registro-backend/internal/attendance/handler.go:154.2,154.28 1 0
registro-backend/internal/attendance/handler.go:157.56,159.47 2 0
registro-backend/internal/attendance/handler.go:159.47,162.3 2 0
registro-backend/internal/attendance/handler.go:164.2,165.91 2 0
registro-backend/internal/attendance/handler.go:165.91,168.3 2 0
registro-backend/internal/attendance/handler.go:169.2,169.54 1 0
registro-backend/internal/attendance/handler.go:172.60,175.16 3 0
registro-backend/internal/attendance/handler.go:175.16,178.3 2 0
registro-backend/internal/attendance/handler.go:179.2,179.28 1 0
registro-backend/internal/attendance/handler.go:182.56,187.47 3 0
registro-backend/internal/attendance/handler.go:187.47,190.3 2 0
registro-backend/internal/attendance/handler.go:191.2,192.104 2 0
registro-backend/internal/attendance/handler.go:192.104,195.3 2 0
registro-backend/internal/attendance/handler.go:196.2,196.54 1 0
registro-backend/internal/attendance/handler.go:200.49,200.73 1 0
registro-backend/internal/attendance/model.go:70.37,71.63 1 0
registro-backend/internal/attendance/model.go:71.63,73.3 1 0
registro-backend/internal/attendance/model.go:74.2,74.21 1 0
registro-backend/internal/attendance/model.go:74.21,76.3 1 0
registro-backend/internal/attendance/model.go:78.2,78.51 1 0
registro-backend/internal/attendance/model.go:78.51,80.3 1 0
registro-backend/internal/attendance/model.go:81.2,81.13 1 0
registro-backend/internal/attendance/repository.go:30.43,32.2 1 0
registro-backend/internal/attendance/repository.go:36.50,49.2 2 0
registro-backend/internal/attendance/repository.go:51.60,53.16 2 0
registro-backend/internal/attendance/repository.go:53.16,55.3 1 0
registro-backend/internal/attendance/repository.go:56.2,67.16 3 0
registro-backend/internal/attendance/repository.go:67.16,69.3 1 0
registro-backend/internal/attendance/repository.go:70.2,72.25 2 0
registro-backend/internal/attendance/repository.go:72.25,77.17 2 0
registro-backend/internal/attendance/repository.go:77.17,79.4 1 0
registro-backend/internal/attendance/repository.go:81.2,81.20 1 0
registro-backend/internal/attendance/repository.go:84.50,91.2 3 0
registro-backend/internal/attendance/repository.go:93.63,100.16 4 0
registro-backend/internal/attendance/repository.go:100.16,102.3 1 0
registro-backend/internal/attendance/repository.go:103.2,103.16 1 0
registro-backend/internal/attendance/repository.go:106.95,113.16 3 0
registro-backend/internal/attendance/repository.go:113.16,115.3 1 0
registro-backend/internal/attendance/repository.go:116.2,119.18 3 0
registro-backend/internal/attendance/repository.go:119.18,121.141 2 0
registro-backend/internal/attendance/repository.go:121.141,123.4 1 0
registro-backend/internal/attendance/repository.go:124.3,124.23 1 0
registro-backend/internal/attendance/repository.go:126.2,126.17 1 0
registro-backend/internal/attendance/repository.go:129.106,137.16 3 0
registro-backend/internal/attendance/repository.go:137.16,139.3 1 0
registro-backend/internal/attendance/repository.go:140.2,143.18 3 0
registro-backend/internal/attendance/repository.go:143.18,145.141 2 0
registro-backend/internal/attendance/repository.go:145.141,147.4 1 0
registro-backend/internal/attendance/repository.go:148.3,148.23 1 0
registro-backend/internal/attendance/repository.go:150.2,150.17 1 0
registro-backend/internal/attendance/repository.go:153.75,166.16 4 0
registro-backend/internal/attendance/repository.go:166.16,168.3 1 0
registro-backend/internal/attendance/repository.go:169.2,169.16 1 0
registro-backend/internal/attendance/repository.go:174.66,179.2 2 0
registro-backend/internal/attendance/repository.go:181.66,185.2 3 0
registro-backend/internal/attendance/repository.go:187.79,191.16 4 0
registro-backend/internal/attendance/repository.go:191.16,193.3 1 0
registro-backend/internal/attendance/repository.go:194.2,194.16 1 0
registro-backend/internal/attendance/repository.go:197.89,206.16 3 0
registro-backend/internal/attendance/repository.go:206.16,208.3 1 0
registro-backend/internal/attendance/repository.go:209.2,212.18 3 0
registro-backend/internal/attendance/repository.go:212.18,214.104 2 0
registro-backend/internal/attendance/repository.go:214.104,216.4 1 0
registro-backend/internal/attendance/repository.go:217.3,217.23 1 0
registro-backend/internal/attendance/repository.go:219.2,219.17 1 0
registro-backend/internal/attendance/service.go:40.62,46.2 1 1
registro-backend/internal/attendance/service.go:48.108,61.25 3 1
registro-backend/internal/attendance/service.go:61.25,63.3 1 0
registro-backend/internal/attendance/service.go:64.2,64.24 1 1
registro-backend/internal/attendance/service.go:64.24,66.3 1 0
registro-backend/internal/attendance/service.go:68.2,68.55 1 1
registro-backend/internal/attendance/service.go:68.55,70.3 1 1
registro-backend/internal/attendance/service.go:72.2,72.43 1 1
registro-backend/internal/attendance/service.go:72.43,74.3 1 0
registro-backend/internal/attendance/service.go:76.2,76.26 1 1
registro-backend/internal/attendance/service.go:76.26,78.3 1 0
registro-backend/internal/attendance/service.go:80.2,80.12 1 1
registro-backend/internal/attendance/service.go:83.100,87.33 3 1
registro-backend/internal/attendance/service.go:87.33,97.24 2 1
registro-backend/internal/attendance/service.go:97.24,99.4 1 0
registro-backend/internal/attendance/service.go:100.3,100.56 1 1
registro-backend/internal/attendance/service.go:100.56,102.4 1 1
registro-backend/internal/attendance/service.go:103.3,103.27 1 1
registro-backend/internal/attendance/service.go:106.2,106.33 1 1
registro-backend/internal/attendance/service.go:109.114,111.16 2 0
registro-backend/internal/attendance/service.go:111.16,113.3 1 0
registro-backend/internal/attendance/service.go:117.2,117.23 1 0
registro-backend/internal/attendance/service.go:117.23,119.3 1 0
registro-backend/internal/attendance/service.go:120.2,120.22 1 0
registro-backend/internal/attendance/service.go:120.22,122.3 1 0
registro-backend/internal/attendance/service.go:123.2,123.26 1 0
registro-backend/internal/attendance/service.go:123.26,125.3 1 0
registro-backend/internal/attendance/service.go:127.2,127.27 1 0
registro-backend/internal/attendance/service.go:130.122,133.16 3 1
registro-backend/internal/attendance/service.go:133.16,135.3 1 0
registro-backend/internal/attendance/service.go:137.2,144.27 3 1
registro-backend/internal/attendance/service.go:144.27,153.27 2 1
registro-backend/internal/attendance/service.go:153.27,155.4 1 0
registro-backend/internal/attendance/service.go:157.3,159.21 2 1
registro-backend/internal/attendance/service.go:160.22,161.7 1 1
registro-backend/internal/attendance/service.go:162.21,163.7 1 1
registro-backend/internal/attendance/service.go:164.19,165.7 1 1
registro-backend/internal/attendance/service.go:168.2,172.18 4 1
registro-backend/internal/attendance/service.go:175.109,181.16 4 0
registro-backend/internal/attendance/service.go:181.16,183.3 1 0
registro-backend/internal/attendance/service.go:185.2,186.27 2 0
registro-backend/internal/attendance/service.go:186.27,196.3 2 0
registro-backend/internal/attendance/service.go:197.2,197.18 1 0
registro-backend/internal/attendance/service.go:202.110,215.61 4 1
registro-backend/internal/attendance/service.go:215.61,217.3 1 0
registro-backend/internal/attendance/service.go:219.2,219.38 1 1
registro-backend/internal/attendance/service.go:222.116,224.16 2 1
registro-backend/internal/attendance/service.go:224.16,226.3 1 0
registro-backend/internal/attendance/service.go:228.2,228.13 1 1
registro-backend/internal/attendance/service.go:228.13,237.3 4 1
registro-backend/internal/attendance/service.go:237.8,239.3 1 0
registro-backend/internal/attendance/service.go:241.2,241.38 1 1
registro-backend/internal/attendance/service.go:244.114,246.16 2 0
registro-backend/internal/attendance/service.go:246.16,248.3 1 0
registro-backend/internal/attendance/service.go:250.2,251.23 2 0
registro-backend/internal/attendance/service.go:251.23,258.3 1 0
registro-backend/internal/attendance/service.go:259.2,259.18 1 0
registro-backend/internal/attendance/service.go:262.90,274.2 1 0
registro-backend/internal/attendance/service.go:276.102,278.16 2 0
registro-backend/internal/attendance/service.go:278.16,280.3 1 0
registro-backend/internal/attendance/service.go:284.2,287.30 3 0
registro-backend/internal/attendance/service.go:287.30,289.3 1 0
registro-backend/internal/attendance/service.go:289.8,289.37 1 0
registro-backend/internal/attendance/service.go:289.37,291.3 1 0
registro-backend/internal/attendance/service.go:291.8,293.3 1 0
registro-backend/internal/attendance/service.go:295.2,295.19 1 0
registro-backend/internal/attendance/service.go:298.87,304.2 1 0
registro-backend/internal/attendance/validator.go:10.32,12.2 1 1
registro-backend/internal/attendance/validator.go:14.56,19.41 3 1
registro-backend/internal/attendance/validator.go:19.41,21.3 1 1
registro-backend/internal/attendance/validator.go:30.2,30.50 1 1
registro-backend/internal/attendance/validator.go:30.50,32.3 1 1
registro-backend/internal/attendance/validator.go:33.2,33.54 1 1
registro-backend/internal/attendance/validator.go:33.54,35.3 1 0
registro-backend/internal/attendance/validator.go:37.2,37.12 1 1
registro-backend/internal/attendance/validator.go:40.67,41.35 1 1
registro-backend/internal/attendance/validator.go:41.35,43.3 1 0
registro-backend/internal/attendance/validator.go:44.2,44.12 1 1
registro-backend/internal/auth/cie_handler.go:15.50,19.2 1 0
registro-backend/internal/auth/cie_handler.go:23.55,34.2 1 0
registro-backend/internal/auth/cie_handler.go:38.56,50.2 1 0
registro-backend/internal/auth/cie_handler.go:53.65,55.2 2 0
registro-backend/internal/auth/cie_handler.go:55.2,58.3 2 0
registro-backend/internal/auth/handler.go:15.44,19.2 1 1
registro-backend/internal/auth/handler.go:23.44,25.47 2 0
registro-backend/internal/auth/handler.go:25.47,28.3 2 0
registro-backend/internal/auth/handler.go:30.2,31.16 2 0
registro-backend/internal/auth/handler.go:31.16,33.35 2 0
registro-backend/internal/auth/handler.go:33.35,35.4 1 0
registro-backend/internal/auth/handler.go:35.9,35.66 1 0
registro-backend/internal/auth/handler.go:35.66,37.4 1 0
registro-backend/internal/auth/handler.go:38.3,39.9 2 0
registro-backend/internal/auth/handler.go:42.2,51.4 1 0
registro-backend/internal/auth/handler.go:56.41,58.47 2 1
registro-backend/internal/auth/handler.go:58.47,61.3 2 0
registro-backend/internal/auth/handler.go:63.2,71.16 4 1
registro-backend/internal/auth/handler.go:71.16,73.32 2 0
registro-backend/internal/auth/handler.go:73.32,75.4 1 0
registro-backend/internal/auth/handler.go:75.9,75.35 1 0
registro-backend/internal/auth/handler.go:75.35,77.4 1 0
registro-backend/internal/auth/handler.go:78.3,79.9 2 0
registro-backend/internal/auth/handler.go:82.2,82.33 1 1
registro-backend/internal/auth/handler.go:87.48,89.47 2 0
registro-backend/internal/auth/handler.go:89.47,92.3 2 0
registro-backend/internal/auth/handler.go:94.2,95.16 2 0
registro-backend/internal/auth/handler.go:95.16,99.3 3 0
registro-backend/internal/auth/handler.go:101.2,101.31 1 0
registro-backend/internal/auth/handler.go:106.42,108.47 2 1
registro-backend/internal/auth/handler.go:108.47,111.3 2 0
registro-backend/internal/auth/handler.go:113.2,113.80 1 1
registro-backend/internal/auth/handler.go:113.80,116.3 2 1
registro-backend/internal/auth/handler.go:118.2,118.76 1 1
registro-backend/internal/auth/handler.go:123.50,125.13 2 1
registro-backend/internal/auth/handler.go:125.13,128.3 2 1
registro-backend/internal/auth/handler.go:130.2,131.16 2 1
registro-backend/internal/auth/handler.go:131.16,134.3 2 1
registro-backend/internal/auth/handler.go:136.2,145.4 1 1
registro-backend/internal/auth/handler.go:150.44,152.13 2 0
registro-backend/internal/auth/handler.go:152.13,155.3 2 0
registro-backend/internal/auth/handler.go:157.2,158.16 2 0
registro-backend/internal/auth/handler.go:158.16,160.34 2 0
registro-backend/internal/auth/handler.go:160.34,162.4 1 0
registro-backend/internal/auth/handler.go:163.3,164.9 2 0
registro-backend/internal/auth/handler.go:167.2,167.33 1 0
registro-backend/internal/auth/handler.go:172.45,174.13 2 0
registro-backend/internal/auth/handler.go:174.13,177.3 2 0
registro-backend/internal/auth/handler.go:179.2,180.47 2 0
registro-backend/internal/auth/handler.go:180.47,183.3 2 0
registro-backend/internal/auth/handler.go:185.2,185.84 1 0
registro-backend/internal/auth/handler.go:185.84,188.3 2 0
registro-backend/internal/auth/handler.go:190.2,190.78 1 0
registro-backend/internal/auth/handler.go:195.56,197.47 2 0
registro-backend/internal/auth/handler.go:197.47,200.3 2 0
registro-backend/internal/auth/handler.go:202.2,202.87 1 0
registro-backend/internal/auth/handler.go:202.87,205.3 2 0
registro-backend/internal/auth/handler.go:207.2,207.78 1 0
registro-backend/internal/auth/handler.go:212.56,214.47 2 0
registro-backend/internal/auth/handler.go:214.47,217.3 2 0
registro-backend/internal/auth/handler.go:219.2,219.97 1 0
registro-backend/internal/auth/handler.go:219.97,221.29 2 0
registro-backend/internal/auth/handler.go:221.29,223.4 1 0
registro-backend/internal/auth/handler.go:223.9,223.40 1 0
registro-backend/internal/auth/handler.go:223.40,225.4 1 0
registro-backend/internal/auth/handler.go:226.3,227.9 2 0
registro-backend/internal/auth/handler.go:230.2,230.80 1 0
registro-backend/internal/auth/handler.go:234.83,236.2 2 0
registro-backend/internal/auth/handler.go:236.2,247.3 8 0
registro-backend/internal/auth/handler.go:247.3,252.4 4 0
registro-backend/internal/auth/mfa.go:18.47,22.2 1 1
registro-backend/internal/auth/mfa.go:25.55,28.16 3 0
registro-backend/internal/auth/mfa.go:28.16,30.3 1 0
registro-backend/internal/auth/mfa.go:31.2,31.55 1 0
registro-backend/internal/auth/mfa.go:35.69,43.2 1 0
registro-backend/internal/auth/mfa.go:46.59,48.2 1 0
registro-backend/internal/auth/mfa.go:51.73,53.29 2 0
registro-backend/internal/auth/mfa.go:53.29,55.17 2 0
registro-backend/internal/auth/mfa.go:55.17,57.4 1 0
registro-backend/internal/auth/mfa.go:58.3,58.18 1 0
registro-backend/internal/auth/mfa.go:60.2,60.19 1 0
registro-backend/internal/auth/mfa.go:63.53,67.16 4 0
registro-backend/internal/auth/mfa.go:67.16,69.3 1 0
registro-backend/internal/auth/mfa.go:70.2,70.19 1 0
registro-backend/internal/auth/mfa.go:70.19,72.3 1 0
registro-backend/internal/auth/mfa.go:73.2,73.23 1 0
registro-backend/internal/auth/middleware.go:22.91,27.2 1 0
registro-backend/internal/auth/middleware.go:30.53,31.30 1 0
registro-backend/internal/auth/middleware.go:31.30,36.23 3 0
registro-backend/internal/auth/middleware.go:36.23,38.47 2 0
registro-backend/internal/auth/middleware.go:38.47,40.5 1 0
registro-backend/internal/auth/middleware.go:44.3,44.18 1 0
registro-backend/internal/auth/middleware.go:44.18,46.4 1 0
registro-backend/internal/auth/middleware.go:48.3,48.18 1 0
registro-backend/internal/auth/middleware.go:48.18,52.4 3 0
registro-backend/internal/auth/middleware.go:54.3,55.17 2 0
registro-backend/internal/auth/middleware.go:55.17,60.4 4 0
registro-backend/internal/auth/middleware.go:63.3,63.24 1 0
registro-backend/internal/auth/middleware.go:63.24,65.18 2 0
registro-backend/internal/auth/middleware.go:65.18,69.5 3 0
registro-backend/internal/auth/middleware.go:70.4,70.17 1 0
registro-backend/internal/auth/middleware.go:70.17,74.5 3 0
registro-backend/internal/auth/middleware.go:78.3,83.11 5 0
registro-backend/internal/auth/middleware.go:88.74,89.30 1 0
registro-backend/internal/auth/middleware.go:89.30,91.14 2 0
registro-backend/internal/auth/middleware.go:91.14,95.4 3 0
registro-backend/internal/auth/middleware.go:97.3,98.44 2 0
registro-backend/internal/auth/middleware.go:98.44,99.57 1 0
registro-backend/internal/auth/middleware.go:99.57,102.5 2 0
registro-backend/internal/auth/middleware.go:105.3,106.12 2 0
registro-backend/internal/auth/middleware.go:111.47,113.13 2 1
registro-backend/internal/auth/middleware.go:113.13,115.3 1 1
registro-backend/internal/auth/middleware.go:116.2,116.30 1 1
registro-backend/internal/auth/middleware.go:120.49,122.13 2 0
registro-backend/internal/auth/middleware.go:122.13,124.3 1 0
registro-backend/internal/auth/middleware.go:125.2,125.28 1 0
registro-backend/internal/auth/middleware.go:129.49,131.13 2 0
registro-backend/internal/auth/middleware.go:131.13,133.3 1 0
registro-backend/internal/auth/middleware.go:134.2,134.32 1 0
registro-backend/internal/auth/middleware.go:148.96,154.2 5 0
registro-backend/internal/auth/repository.go:52.43,54.2 1 0
registro-backend/internal/auth/repository.go:56.72,73.2 8 0
registro-backend/internal/auth/repository.go:75.87,89.26 5 0
registro-backend/internal/auth/repository.go:89.26,91.3 1 0
registro-backend/internal/auth/repository.go:92.2,92.16 1 0
registro-backend/internal/auth/repository.go:92.16,94.3 1 0
registro-backend/internal/auth/repository.go:95.2,96.18 2 0
registro-backend/internal/auth/repository.go:99.81,113.26 5 0
registro-backend/internal/auth/repository.go:113.26,115.3 1 0
registro-backend/internal/auth/repository.go:116.2,116.16 1 0
registro-backend/internal/auth/repository.go:116.16,118.3 1 0
registro-backend/internal/auth/repository.go:119.2,120.18 2 0
registro-backend/internal/auth/repository.go:123.72,132.2 4 0
registro-backend/internal/auth/repository.go:134.80,139.2 4 0
registro-backend/internal/auth/repository.go:141.82,145.2 3 0
registro-backend/internal/auth/repository.go:147.75,151.2 3 0
registro-backend/internal/auth/repository.go:153.87,157.26 4 0
registro-backend/internal/auth/repository.go:157.26,159.3 1 0
registro-backend/internal/auth/repository.go:160.2,160.20 1 0
registro-backend/internal/auth/repository.go:163.100,166.16 3 0
registro-backend/internal/auth/repository.go:166.16,168.3 1 0
registro-backend/internal/auth/repository.go:169.2,171.29 2 0
registro-backend/internal/auth/repository.go:171.29,173.17 2 0
registro-backend/internal/auth/repository.go:173.17,175.4 1 0
registro-backend/internal/auth/repository.go:178.2,178.20 1 0
registro-backend/internal/auth/repository.go:181.103,184.16 3 0
registro-backend/internal/auth/repository.go:184.16,186.3 1 0
registro-backend/internal/auth/repository.go:187.2,190.18 3 0
registro-backend/internal/auth/repository.go:190.18,192.114 2 0
registro-backend/internal/auth/repository.go:192.114,194.4 1 0
registro-backend/internal/auth/repository.go:195.3,195.30 1 0
registro-backend/internal/auth/repository.go:197.2,197.26 1 0
registro-backend/internal/auth/repository.go:200.86,203.16 3 0
registro-backend/internal/auth/repository.go:203.16,205.3 1 0
registro-backend/internal/auth/repository.go:206.2,207.19 2 0
registro-backend/internal/auth/repository.go:207.19,209.3 1 0
registro-backend/internal/auth/repository.go:210.2,210.12 1 0
registro-backend/internal/auth/repository.go:213.89,227.2 6 0
registro-backend/internal/auth/repository.go:229.96,240.26 4 0
registro-backend/internal/auth/repository.go:240.26,242.3 1 0
registro-backend/internal/auth/repository.go:243.2,243.16 1 0
registro-backend/internal/auth/repository.go:246.84,250.2 3 0
registro-backend/internal/auth/repository.go:252.84,256.2 3 0
registro-backend/internal/auth/repository.go:258.101,271.2 6 0
registro-backend/internal/auth/repository.go:273.108,283.26 4 0
registro-backend/internal/auth/repository.go:283.26,285.3 1 0
registro-backend/internal/auth/repository.go:286.2,286.17 1 0
registro-backend/internal/auth/repository.go:289.87,293.2 3 0
registro-backend/internal/auth/repository.go:295.93,299.2 3 0
registro-backend/internal/auth/repository.go:301.91,308.2 3 0
registro-backend/internal/auth/repository.go:310.121,319.2 4 0
registro-backend/internal/auth/service.go:24.99,31.2 1 1
registro-backend/internal/auth/service.go:34.86,36.53 1 1
registro-backend/internal/auth/service.go:36.53,38.3 1 1
registro-backend/internal/auth/service.go:41.2,42.16 2 1
registro-backend/internal/auth/service.go:42.16,44.3 1 1
registro-backend/internal/auth/service.go:47.2,48.16 2 1
registro-backend/internal/auth/service.go:48.16,50.3 1 0
registro-backend/internal/auth/service.go:53.2,60.24 2 1
registro-backend/internal/auth/service.go:60.24,62.3 1 0
registro-backend/internal/auth/service.go:64.2,64.53 1 1
registro-backend/internal/auth/service.go:64.53,66.3 1 0
registro-backend/internal/auth/service.go:68.2,68.18 1 1
registro-backend/internal/auth/service.go:72.117,76.16 3 1
registro-backend/internal/auth/service.go:76.16,78.3 1 0
registro-backend/internal/auth/service.go:79.2,79.19 1 1
registro-backend/internal/auth/service.go:79.19,81.3 1 0
registro-backend/internal/auth/service.go:84.2,85.16 2 1
registro-backend/internal/auth/service.go:85.16,88.3 2 1
registro-backend/internal/auth/service.go:91.2,92.16 2 1
registro-backend/internal/auth/service.go:92.16,95.3 2 1
registro-backend/internal/auth/service.go:98.2,98.20 1 1
registro-backend/internal/auth/service.go:98.20,100.3 1 1
registro-backend/internal/auth/service.go:103.2,103.21 1 1
registro-backend/internal/auth/service.go:103.21,104.25 1 0
registro-backend/internal/auth/service.go:104.25,106.4 1 0
registro-backend/internal/auth/service.go:107.3,108.17 2 0
registro-backend/internal/auth/service.go:108.17,110.4 1 0
registro-backend/internal/auth/service.go:111.3,111.53 1 0
registro-backend/internal/auth/service.go:111.53,113.4 1 0
registro-backend/internal/auth/service.go:117.2,119.17 1 1
registro-backend/internal/auth/service.go:119.17,120.28 1 1
registro-backend/internal/auth/service.go:120.28,122.5 1 1
registro-backend/internal/auth/service.go:123.4,123.13 1 1
registro-backend/internal/auth/service.go:126.2,126.16 1 1
registro-backend/internal/auth/service.go:126.16,128.3 1 0
registro-backend/internal/auth/service.go:130.2,131.16 2 1
registro-backend/internal/auth/service.go:131.16,133.3 1 0
registro-backend/internal/auth/service.go:136.2,143.59 2 1
registro-backend/internal/auth/service.go:143.59,145.3 1 0
registro-backend/internal/auth/service.go:148.2,167.8 3 1
registro-backend/internal/auth/service.go:171.94,174.16 2 1
registro-backend/internal/auth/service.go:174.16,176.3 1 0
registro-backend/internal/auth/service.go:179.2,179.16 1 1
registro-backend/internal/auth/service.go:179.16,181.3 1 1
registro-backend/internal/auth/service.go:184.2,184.36 1 1
registro-backend/internal/auth/service.go:184.36,186.3 1 1
registro-backend/internal/auth/service.go:189.2,190.16 2 1
registro-backend/internal/auth/service.go:190.16,192.3 1 0
registro-backend/internal/auth/service.go:195.2,197.17 1 1
registro-backend/internal/auth/service.go:197.17,198.28 1 1
registro-backend/internal/auth/service.go:198.28,200.5 1 0
registro-backend/internal/auth/service.go:201.4,201.13 1 1
registro-backend/internal/auth/service.go:204.2,204.16 1 1
registro-backend/internal/auth/service.go:204.16,206.3 1 0
registro-backend/internal/auth/service.go:208.2,212.8 1 1
registro-backend/internal/auth/service.go:216.74,218.16 2 1
registro-backend/internal/auth/service.go:218.16,220.3 1 1
registro-backend/internal/auth/service.go:221.2,221.46 1 1
registro-backend/internal/auth/service.go:225.82,227.2 1 1
registro-backend/internal/auth/service.go:230.91,232.16 2 0
registro-backend/internal/auth/service.go:232.16,234.3 1 0
registro-backend/internal/auth/service.go:236.2,236.21 1 0
registro-backend/internal/auth/service.go:236.21,238.3 1 0
registro-backend/internal/auth/service.go:241.2,242.16 2 0
registro-backend/internal/auth/service.go:242.16,244.3 1 0
registro-backend/internal/auth/service.go:247.2,251.16 3 0
registro-backend/internal/auth/service.go:251.16,253.3 1 0
registro-backend/internal/auth/service.go:256.2,256.79 1 0
registro-backend/internal/auth/service.go:256.79,258.3 1 0
registro-backend/internal/auth/service.go:262.2,262.62 1 0
registro-backend/internal/auth/service.go:262.62,264.3 1 0
registro-backend/internal/auth/service.go:266.2,270.8 1 0
registro-backend/internal/auth/service.go:274.78,276.16 2 0
registro-backend/internal/auth/service.go:276.16,278.3 1 0
registro-backend/internal/auth/service.go:280.2,280.45 1 0
registro-backend/internal/auth/service.go:280.45,282.3 1 0
registro-backend/internal/auth/service.go:284.2,284.12 1 0
registro-backend/internal/auth/service.go:288.81,290.16 2 1
registro-backend/internal/auth/service.go:290.16,293.3 1 0
registro-backend/internal/auth/service.go:296.2,297.49 2 1
registro-backend/internal/auth/service.go:297.49,299.3 1 0
registro-backend/internal/auth/service.go:300.2,308.66 3 1
registro-backend/internal/auth/service.go:308.66,310.3 1 0
registro-backend/internal/auth/service.go:314.2,316.12 2 1
registro-backend/internal/auth/service.go:320.87,323.64 2 1
registro-backend/internal/auth/service.go:323.64,325.3 1 0
registro-backend/internal/auth/service.go:328.2,329.16 2 1
registro-backend/internal/auth/service.go:329.16,331.3 1 0
registro-backend/internal/auth/service.go:334.2,334.14 1 1
registro-backend/internal/auth/service.go:334.14,336.3 1 0
registro-backend/internal/auth/service.go:339.2,339.37 1 1
registro-backend/internal/auth/service.go:339.37,341.3 1 0
registro-backend/internal/auth/service.go:344.2,345.16 2 1
registro-backend/internal/auth/service.go:345.16,347.3 1 0
registro-backend/internal/auth/service.go:350.2,350.85 1 1
registro-backend/internal/auth/service.go:350.85,352.3 1 0
registro-backend/internal/auth/service.go:355.2,355.66 1 1
registro-backend/internal/auth/service.go:355.66,357.3 1 0
registro-backend/internal/auth/service.go:360.2,362.12 2 1
registro-backend/internal/auth/service.go:365.85,373.2 2 1
registro-backend/internal/auth/service.go:375.89,383.2 2 1
registro-backend/internal/auth/spid_handler.go:16.52,20.2 1 0
registro-backend/internal/auth/spid_handler.go:24.57,34.2 1 0
registro-backend/internal/auth/spid_handler.go:38.58,51.2 1 0
registro-backend/internal/auth/spid_handler.go:54.67,56.2 2 0
registro-backend/internal/auth/spid_handler.go:56.2,59.3 2 0
registro-backend/internal/auth/validator.go:18.48,26.2 1 1
registro-backend/internal/auth/validator.go:29.61,30.33 1 1
registro-backend/internal/auth/validator.go:30.33,32.3 1 1
registro-backend/internal/auth/validator.go:34.2,41.32 2 1
registro-backend/internal/auth/validator.go:41.32,42.10 1 1
registro-backend/internal/auth/validator.go:43.30,44.19 1 1
registro-backend/internal/auth/validator.go:45.30,46.19 1 1
registro-backend/internal/auth/validator.go:47.30,48.20 1 1
registro-backend/internal/auth/validator.go:49.56,50.21 1 1
registro-backend/internal/auth/validator.go:54.2,54.33 1 1
registro-backend/internal/auth/validator.go:54.33,56.3 1 0
registro-backend/internal/auth/validator.go:57.2,57.33 1 1
registro-backend/internal/auth/validator.go:57.33,59.3 1 0
registro-backend/internal/auth/validator.go:60.2,60.35 1 1
registro-backend/internal/auth/validator.go:60.35,62.3 1 0
registro-backend/internal/auth/validator.go:63.2,63.37 1 1
registro-backend/internal/auth/validator.go:63.37,65.3 1 0
registro-backend/internal/auth/validator.go:67.2,67.12 1 1
registro-backend/internal/auth/validator.go:76.42,80.2 1 1
registro-backend/internal/auth/validator.go:83.55,84.38 1 1
registro-backend/internal/auth/validator.go:84.38,86.3 1 0
registro-backend/internal/auth/validator.go:87.2,87.12 1 1
registro-backend/internal/auth/validator.go:91.58,93.59 2 1
registro-backend/internal/auth/validator.go:93.59,95.3 1 0
registro-backend/internal/auth/validator.go:97.2,98.65 2 1
registro-backend/internal/auth/validator.go:98.65,100.3 1 1
registro-backend/internal/auth/validator.go:102.2,102.47 1 1
registro-backend/internal/auth/validator.go:102.47,104.3 1 0
registro-backend/internal/auth/validator.go:106.2,114.27 2 1
registro-backend/internal/auth/validator.go:114.27,116.3 1 0
registro-backend/internal/auth/validator.go:118.2,118.12 1 1
registro-backend/internal/communications/handler.go:13.38,15.2 1 0
registro-backend/internal/communications/handler.go:17.55,19.2 2 0
registro-backend/internal/communications/handler.go:19.2,23.3 3 0
registro-backend/internal/communications/handler.go:26.40,28.15 2 0
registro-backend/internal/communications/handler.go:28.15,32.3 2 0
registro-backend/internal/communications/handler.go:33.2,34.16 2 0
registro-backend/internal/communications/handler.go:34.16,37.3 2 0
registro-backend/internal/communications/handler.go:38.2,38.29 1 0
registro-backend/internal/communications/handler.go:41.40,43.15 2 0
registro-backend/internal/communications/handler.go:43.15,46.3 2 0
registro-backend/internal/communications/handler.go:47.2,48.47 2 0
registro-backend/internal/communications/handler.go:48.47,51.3 2 0
registro-backend/internal/communications/handler.go:52.2,53.16 2 0
registro-backend/internal/communications/handler.go:53.16,56.3 2 0
registro-backend/internal/communications/handler.go:57.2,57.33 1 0
registro-backend/internal/communications/handler.go:60.42,62.55 2 0
registro-backend/internal/communications/handler.go:62.55,65.3 2 0
registro-backend/internal/communications/handler.go:66.2,66.52 1 0
registro-backend/internal/communications/repository.go:22.52,24.2 1 0
registro-backend/internal/communications/repository.go:26.78,39.2 5 0
registro-backend/internal/communications/repository.go:41.91,50.16 3 0
registro-backend/internal/communications/repository.go:50.16,52.3 1 0
registro-backend/internal/communications/repository.go:53.2,56.18 3 0
registro-backend/internal/communications/repository.go:56.18,61.17 3 0
registro-backend/internal/communications/repository.go:61.17,63.4 1 0
registro-backend/internal/communications/repository.go:64.3,65.25 2 0
registro-backend/internal/communications/repository.go:67.2,67.18 1 0
registro-backend/internal/communications/repository.go:70.75,73.2 2 0
registro-backend/internal/communications/service.go:11.43,13.2 1 1
registro-backend/internal/communications/service.go:15.113,23.48 2 1
registro-backend/internal/communications/service.go:23.48,25.3 1 0
registro-backend/internal/communications/service.go:26.2,26.17 1 1
registro-backend/internal/communications/service.go:29.88,31.2 1 1
registro-backend/internal/communications/service.go:33.71,35.2 1 0
registro-backend/internal/documents/exporter.go:10.30,12.2 1 1
registro-backend/internal/documents/exporter.go:14.73,20.2 3 0
registro-backend/internal/documents/exporter.go:22.74,26.2 3 0
registro-backend/internal/documents/handler.go:13.37,15.2 1 0
registro-backend/internal/documents/handler.go:17.54,41.2 13 0
registro-backend/internal/documents/handler.go:43.50,45.47 2 0
registro-backend/internal/documents/handler.go:45.47,48.3 2 0
registro-backend/internal/documents/handler.go:49.2,53.16 5 0
registro-backend/internal/documents/handler.go:53.16,56.3 2 0
registro-backend/internal/documents/handler.go:57.2,57.33 1 0
registro-backend/internal/documents/handler.go:60.47,63.16 3 0
registro-backend/internal/documents/handler.go:63.16,66.3 2 0
registro-backend/internal/documents/handler.go:67.2,67.28 1 0
registro-backend/internal/documents/handler.go:70.50,73.47 3 0
registro-backend/internal/documents/handler.go:73.47,76.3 2 0
registro-backend/internal/documents/handler.go:77.2,79.93 3 0
registro-backend/internal/documents/handler.go:79.93,82.3 2 0
registro-backend/internal/documents/handler.go:83.2,83.52 1 0
registro-backend/internal/documents/handler.go:86.51,89.47 3 0
registro-backend/internal/documents/handler.go:89.47,92.3 2 0
registro-backend/internal/documents/handler.go:93.2,94.88 2 0
registro-backend/internal/documents/handler.go:94.88,97.3 2 0
registro-backend/internal/documents/handler.go:98.2,98.54 1 0
registro-backend/internal/documents/handler.go:101.48,104.47 3 0
registro-backend/internal/documents/handler.go:104.47,107.3 2 0
registro-backend/internal/documents/handler.go:108.2,109.85 2 0
registro-backend/internal/documents/handler.go:109.85,112.3 2 0
registro-backend/internal/documents/handler.go:113.2,113.51 1 0
registro-backend/internal/documents/handler.go:116.44,119.16 3 0
registro-backend/internal/documents/handler.go:119.16,122.3 2 0
registro-backend/internal/documents/handler.go:123.2,123.28 1 0
registro-backend/internal/documents/handler.go:126.50,129.16 3 0
registro-backend/internal/documents/handler.go:129.16,132.3 2 0
registro-backend/internal/documents/handler.go:133.2,133.28 1 0
registro-backend/internal/documents/handler.go:136.50,138.47 2 0
registro-backend/internal/documents/handler.go:138.47,141.3 2 0
registro-backend/internal/documents/handler.go:142.2,143.85 2 0
registro-backend/internal/documents/handler.go:143.85,146.3 2 0
registro-backend/internal/documents/handler.go:147.2,147.66 1 0
registro-backend/internal/documents/handler.go:150.50,154.16 4 0
registro-backend/internal/documents/handler.go:154.16,157.3 2 0
registro-backend/internal/documents/handler.go:158.2,158.42 1 0
registro-backend/internal/documents/handler.go:160.49,163.19 3 0
registro-backend/internal/documents/handler.go:163.19,166.3 2 0
registro-backend/internal/documents/handler.go:167.2,170.16 4 0
registro-backend/internal/documents/handler.go:170.16,173.3 2 0
registro-backend/internal/documents/handler.go:174.2,174.28 1 0
registro-backend/internal/documents/handler.go:177.50,180.80 3 0
registro-backend/internal/documents/handler.go:180.80,183.3 2 0
registro-backend/internal/documents/handler.go:184.2,184.52 1 0
registro-backend/internal/documents/handler.go:186.49,189.16 3 0
registro-backend/internal/documents/handler.go:189.16,192.3 2 0
registro-backend/internal/documents/handler.go:193.2,193.28 1 0
registro-backend/internal/documents/model.go:96.35,97.60 1 1
registro-backend/internal/documents/model.go:97.60,99.3 1 0
registro-backend/internal/documents/model.go:100.2,100.24 1 1
registro-backend/internal/documents/model.go:100.24,101.53 1 0
registro-backend/internal/documents/model.go:101.53,103.4 1 0
registro-backend/internal/documents/model.go:105.2,105.13 1 1
registro-backend/internal/documents/repository.go:39.43,41.2 1 0
registro-backend/internal/documents/repository.go:43.64,45.16 2 0
registro-backend/internal/documents/repository.go:45.16,47.3 1 0
registro-backend/internal/documents/repository.go:48.2,62.16 4 0
registro-backend/internal/documents/repository.go:62.16,64.3 1 0
registro-backend/internal/documents/repository.go:67.2,72.16 3 0
registro-backend/internal/documents/repository.go:72.16,74.3 1 0
registro-backend/internal/documents/repository.go:76.2,76.20 1 0
registro-backend/internal/documents/repository.go:79.78,81.16 2 0
registro-backend/internal/documents/repository.go:81.16,83.3 1 0
registro-backend/internal/documents/repository.go:84.2,95.16 5 0
registro-backend/internal/documents/repository.go:95.16,97.3 1 0
registro-backend/internal/documents/repository.go:100.2,106.16 3 0
registro-backend/internal/documents/repository.go:106.16,108.3 1 0
registro-backend/internal/documents/repository.go:110.2,111.20 2 0
registro-backend/internal/documents/repository.go:114.73,117.2 2 0
registro-backend/internal/documents/repository.go:119.49,122.2 2 0
registro-backend/internal/documents/repository.go:124.85,126.20 2 0
registro-backend/internal/documents/repository.go:126.20,128.3 1 0
registro-backend/internal/documents/repository.go:129.2,130.37 2 0
registro-backend/internal/documents/repository.go:133.61,145.16 4 0
registro-backend/internal/documents/repository.go:145.16,147.3 1 0
registro-backend/internal/documents/repository.go:148.2,148.16 1 0
registro-backend/internal/documents/repository.go:151.76,155.2 3 0
registro-backend/internal/documents/repository.go:157.75,160.16 3 0
registro-backend/internal/documents/repository.go:160.16,162.3 1 0
registro-backend/internal/documents/repository.go:163.2,166.18 3 0
registro-backend/internal/documents/repository.go:166.18,168.99 2 0
registro-backend/internal/documents/repository.go:168.99,170.4 1 0
registro-backend/internal/documents/repository.go:171.3,171.25 1 0
registro-backend/internal/documents/repository.go:173.2,173.18 1 0
registro-backend/internal/documents/repository.go:176.70,178.2 1 0
registro-backend/internal/documents/repository.go:180.74,182.2 1 0
registro-backend/internal/documents/repository.go:184.68,186.2 1 0
registro-backend/internal/documents/repository.go:188.74,190.2 1 0
registro-backend/internal/documents/repository.go:192.65,194.16 2 0
registro-backend/internal/documents/repository.go:194.16,196.3 1 0
registro-backend/internal/documents/repository.go:197.2,204.16 3 0
registro-backend/internal/documents/repository.go:204.16,206.3 1 0
registro-backend/internal/documents/repository.go:209.2,212.16 2 0
registro-backend/internal/documents/repository.go:212.16,214.3 1 0
registro-backend/internal/documents/repository.go:216.2,216.20 1 0
registro-backend/internal/documents/repository.go:219.79,221.16 2 0
registro-backend/internal/documents/repository.go:221.16,223.3 1 0
registro-backend/internal/documents/repository.go:224.2,227.18 3 0
registro-backend/internal/documents/repository.go:227.18,229.61 2 0
registro-backend/internal/documents/repository.go:229.61,231.4 1 0
registro-backend/internal/documents/repository.go:232.3,232.25 1 0
registro-backend/internal/documents/repository.go:234.2,234.18 1 0
registro-backend/internal/documents/repository.go:238.80,240.16 2 0
registro-backend/internal/documents/repository.go:240.16,242.3 1 0
registro-backend/internal/documents/repository.go:243.2,245.18 3 0
registro-backend/internal/documents/repository.go:245.18,247.72 2 0
registro-backend/internal/documents/repository.go:247.72,249.4 1 0
registro-backend/internal/documents/repository.go:250.3,250.25 1 0
registro-backend/internal/documents/repository.go:252.2,252.18 1 0
registro-backend/internal/documents/repository.go:255.72,259.2 3 0
registro-backend/internal/documents/repository.go:261.64,265.2 1 0
registro-backend/internal/documents/repository.go:268.87,272.16 2 0
registro-backend/internal/documents/repository.go:272.16,274.3 1 0
registro-backend/internal/documents/repository.go:275.2,278.18 3 0
registro-backend/internal/documents/repository.go:278.18,284.17 2 0
registro-backend/internal/documents/repository.go:284.17,286.4 1 0
registro-backend/internal/documents/repository.go:287.3,287.25 1 0
registro-backend/internal/documents/repository.go:289.2,289.18 1 0
registro-backend/internal/documents/service.go:49.42,59.2 1 1
registro-backend/internal/documents/service.go:61.149,62.73 1 1
registro-backend/internal/documents/service.go:62.73,64.3 1 0
registro-backend/internal/documents/service.go:65.2,68.27 2 1
registro-backend/internal/documents/service.go:68.27,70.17 2 0
registro-backend/internal/documents/service.go:70.17,74.4 2 0
registro-backend/internal/documents/service.go:77.2,87.67 2 1
registro-backend/internal/documents/service.go:87.67,89.3 1 0
registro-backend/internal/documents/service.go:91.2,91.52 1 1
registro-backend/internal/documents/service.go:91.52,93.3 1 0
registro-backend/internal/documents/service.go:95.2,95.85 1 1
registro-backend/internal/documents/service.go:98.96,100.16 2 0
registro-backend/internal/documents/service.go:100.16,102.3 1 0
registro-backend/internal/documents/service.go:104.2,109.27 5 0
registro-backend/internal/documents/service.go:109.27,111.3 1 0
registro-backend/internal/documents/service.go:113.2,122.8 1 0
registro-backend/internal/documents/service.go:125.118,126.73 1 1
registro-backend/internal/documents/service.go:126.73,128.3 1 0
registro-backend/internal/documents/service.go:129.2,130.16 2 1
registro-backend/internal/documents/service.go:130.16,132.3 1 0
registro-backend/internal/documents/service.go:134.2,134.63 1 1
registro-backend/internal/documents/service.go:134.63,136.3 1 1
registro-backend/internal/documents/service.go:138.2,138.22 1 0
registro-backend/internal/documents/service.go:138.22,140.3 1 0
registro-backend/internal/documents/service.go:141.2,142.24 2 0
registro-backend/internal/documents/service.go:142.24,144.3 1 0
registro-backend/internal/documents/service.go:148.2,148.19 1 0
registro-backend/internal/documents/service.go:148.19,151.3 2 0
registro-backend/internal/documents/service.go:153.2,153.51 1 0
registro-backend/internal/documents/service.go:156.83,157.73 1 0
registro-backend/internal/documents/service.go:157.73,159.3 1 0
registro-backend/internal/documents/service.go:160.2,160.26 1 0
registro-backend/internal/documents/service.go:163.111,165.16 2 1
registro-backend/internal/documents/service.go:165.16,167.3 1 0
registro-backend/internal/documents/service.go:170.2,171.20 2 1
registro-backend/internal/documents/service.go:172.16,173.25 1 0
registro-backend/internal/documents/service.go:174.27,175.22 1 0
registro-backend/internal/documents/service.go:176.26,177.24 1 1
registro-backend/internal/documents/service.go:178.16,179.24 1 0
registro-backend/internal/documents/service.go:180.10,181.38 1 0
registro-backend/internal/documents/service.go:184.2,184.67 1 1
registro-backend/internal/documents/service.go:184.67,186.3 1 1
registro-backend/internal/documents/service.go:188.2,188.41 1 0
registro-backend/internal/documents/service.go:191.70,194.2 1 0
registro-backend/internal/documents/service.go:196.106,198.16 2 1
registro-backend/internal/documents/service.go:198.16,200.3 1 0
registro-backend/internal/documents/service.go:202.2,202.34 1 1
registro-backend/internal/documents/service.go:202.34,204.3 1 0
registro-backend/internal/documents/service.go:206.2,206.87 1 1
registro-backend/internal/documents/service.go:206.87,208.3 1 0
registro-backend/internal/documents/service.go:210.2,220.19 3 1
registro-backend/internal/documents/service.go:220.19,222.3 1 1
registro-backend/internal/documents/service.go:224.2,224.33 1 1
registro-backend/internal/documents/service.go:227.98,229.16 2 1
registro-backend/internal/documents/service.go:229.16,231.3 1 0
registro-backend/internal/documents/service.go:232.2,232.31 1 1
registro-backend/internal/documents/service.go:235.104,237.16 2 0
registro-backend/internal/documents/service.go:237.16,239.3 1 0
registro-backend/internal/documents/service.go:240.2,240.31 1 0
registro-backend/internal/documents/service.go:243.102,248.2 1 0
registro-backend/internal/documents/service.go:250.132,251.71 1 0
registro-backend/internal/documents/service.go:251.71,253.3 1 0
registro-backend/internal/documents/service.go:254.2,255.16 2 0
registro-backend/internal/documents/service.go:255.16,257.3 1 0
registro-backend/internal/documents/service.go:258.2,258.31 1 0
registro-backend/internal/documents/service.go:261.99,268.2 1 0
registro-backend/internal/documents/service.go:270.99,272.2 1 0
registro-backend/internal/documents/service.go:274.98,276.16 2 0
registro-backend/internal/documents/service.go:276.16,278.3 1 0
registro-backend/internal/documents/service.go:280.2,282.21 2 0
registro-backend/internal/documents/service.go:282.21,285.3 2 0
registro-backend/internal/documents/service.go:286.2,287.93 2 0
registro-backend/internal/documents/service.go:291.58,293.25 2 1
registro-backend/internal/documents/service.go:293.25,297.3 1 1
registro-backend/internal/documents/service.go:298.2,298.12 1 1
registro-backend/internal/documents/service.go:301.63,303.25 2 0
registro-backend/internal/documents/service.go:303.25,307.3 1 0
registro-backend/internal/documents/service.go:308.2,308.12 1 0
registro-backend/internal/documents/signature.go:7.48,9.2 1 1
registro-backend/internal/documents/signature.go:11.72,14.35 1 1
registro-backend/internal/documents/signature.go:14.35,16.3 1 0
registro-backend/internal/documents/signature.go:18.2,18.12 1 1
registro-backend/internal/documents/template_engine.go:9.42,11.2 1 1
registro-backend/internal/documents/template_engine.go:14.82,16.31 2 0
registro-backend/internal/documents/template_engine.go:16.31,19.3 2 0
registro-backend/internal/documents/template_engine.go:20.2,20.15 1 0
registro-backend/internal/documents/validator.go:7.32,9.2 1 1
registro-backend/internal/documents/validator.go:11.73,12.18 1 1
registro-backend/internal/documents/validator.go:12.18,14.3 1 0
registro-backend/internal/documents/validator.go:15.2,15.23 1 1
registro-backend/internal/documents/validator.go:15.23,17.3 1 0
registro-backend/internal/documents/validator.go:18.2,18.12 1 1
registro-backend/internal/documents/workflow.go:7.42,9.2 1 1
registro-backend/internal/documents/workflow.go:11.71,18.17 1 1
registro-backend/internal/documents/workflow.go:19.19,20.30 1 1
registro-backend/internal/documents/workflow.go:20.30,22.4 1 1
registro-backend/internal/documents/workflow.go:23.23,24.76 1 0
registro-backend/internal/documents/workflow.go:24.76,26.4 1 0
registro-backend/internal/documents/workflow.go:27.20,28.82 1 0
registro-backend/internal/documents/workflow.go:28.82,30.4 1 0
registro-backend/internal/documents/workflow.go:31.22,32.27 1 0
registro-backend/internal/documents/workflow.go:32.27,34.4 1 0
registro-backend/internal/documents/workflow.go:36.2,36.48 1 1
registro-backend/internal/documents/workflow.go:39.94,41.16 1 0
registro-backend/internal/documents/workflow.go:42.16,43.30 1 0
registro-backend/internal/documents/workflow.go:44.21,45.27 1 0
registro-backend/internal/documents/workflow.go:46.17,47.29 1 0
registro-backend/internal/documents/workflow.go:48.16,49.29 1 0
registro-backend/internal/documents/workflow.go:51.2,51.41 1 0
registro-backend/internal/grades/analytics.go:19.57,24.2 1 0
registro-backend/internal/grades/analytics.go:26.99,33.16 2 0
registro-backend/internal/grades/analytics.go:33.16,35.3 1 0
registro-backend/internal/grades/analytics.go:37.2,38.27 2 0
registro-backend/internal/grades/analytics.go:38.27,39.50 1 0
registro-backend/internal/grades/analytics.go:39.50,41.4 1 0
registro-backend/internal/grades/analytics.go:44.2,44.58 1 0
registro-backend/internal/grades/analytics.go:47.95,60.16 3 0
registro-backend/internal/grades/analytics.go:60.16,62.3 1 0
registro-backend/internal/grades/analytics.go:63.2,66.16 3 0
registro-backend/internal/grades/analytics.go:66.16,68.3 1 0
registro-backend/internal/grades/analytics.go:69.2,71.54 2 0
registro-backend/internal/grades/analytics.go:76.108,79.16 2 0
registro-backend/internal/grades/analytics.go:79.16,81.3 1 0
registro-backend/internal/grades/analytics.go:84.2,85.27 2 0
registro-backend/internal/grades/analytics.go:85.27,86.42 1 0
registro-backend/internal/grades/analytics.go:86.42,88.4 1 0
registro-backend/internal/grades/analytics.go:92.2,93.26 2 0
registro-backend/internal/grades/analytics.go:93.26,94.48 1 0
registro-backend/internal/grades/analytics.go:94.48,96.4 1 0
registro-backend/internal/grades/analytics.go:100.2,106.19 5 0
registro-backend/internal/grades/analytics.go:106.19,108.31 2 0
registro-backend/internal/grades/analytics.go:108.31,110.15 2 0
registro-backend/internal/grades/analytics.go:110.15,112.5 1 0
registro-backend/internal/grades/analytics.go:112.10,112.22 1 0
registro-backend/internal/grades/analytics.go:112.22,114.5 1 0
registro-backend/internal/grades/analytics.go:114.10,114.22 1 0
registro-backend/internal/grades/analytics.go:114.22,116.5 1 0
registro-backend/internal/grades/analytics.go:116.10,116.22 1 0
registro-backend/internal/grades/analytics.go:116.22,118.5 1 0
registro-backend/internal/grades/analytics.go:118.10,118.22 1 0
registro-backend/internal/grades/analytics.go:118.22,120.5 1 0
registro-backend/internal/grades/analytics.go:120.10,122.5 1 0
registro-backend/internal/grades/analytics.go:124.3,124.28 1 0
registro-backend/internal/grades/analytics.go:124.28,126.4 1 0
registro-backend/internal/grades/analytics.go:130.2,131.30 2 0
registro-backend/internal/grades/analytics.go:131.30,133.3 1 0
registro-backend/internal/grades/analytics.go:134.2,135.32 2 0
registro-backend/internal/grades/analytics.go:135.32,138.24 3 0
registro-backend/internal/grades/analytics.go:138.24,139.25 1 0
registro-backend/internal/grades/analytics.go:139.25,141.5 1 0
registro-backend/internal/grades/analytics.go:141.10,143.5 1 0
registro-backend/internal/grades/analytics.go:145.3,146.18 2 0
registro-backend/internal/grades/analytics.go:146.18,148.4 1 0
registro-backend/internal/grades/analytics.go:150.3,157.5 1 0
registro-backend/internal/grades/analytics.go:162.2,163.30 2 0
registro-backend/internal/grades/analytics.go:163.30,165.3 1 0
registro-backend/internal/grades/analytics.go:167.2,172.35 5 0
registro-backend/internal/grades/analytics.go:172.35,178.29 4 0
registro-backend/internal/grades/analytics.go:178.29,180.4 1 0
registro-backend/internal/grades/analytics.go:182.3,183.34 2 0
registro-backend/internal/grades/analytics.go:183.34,184.47 1 0
registro-backend/internal/grades/analytics.go:184.47,187.5 2 0
registro-backend/internal/grades/analytics.go:190.3,190.24 1 0
registro-backend/internal/grades/analytics.go:190.24,192.4 1 0
registro-backend/internal/grades/analytics.go:192.9,194.4 1 0
registro-backend/internal/grades/analytics.go:196.3,196.23 1 0
registro-backend/internal/grades/analytics.go:196.23,204.4 1 0
registro-backend/internal/grades/analytics.go:206.3,206.17 1 0
registro-backend/internal/grades/analytics.go:206.17,212.4 1 0
registro-backend/internal/grades/analytics.go:215.2,236.8 1 0
registro-backend/internal/grades/analytics.go:239.114,241.16 2 0
registro-backend/internal/grades/analytics.go:241.16,243.3 1 0
registro-backend/internal/grades/analytics.go:246.2,247.27 2 0
registro-backend/internal/grades/analytics.go:247.27,248.87 1 0
registro-backend/internal/grades/analytics.go:248.87,250.4 1 0
registro-backend/internal/grades/analytics.go:253.2,275.8 2 0
registro-backend/internal/grades/analytics.go:278.113,281.16 2 0
registro-backend/internal/grades/analytics.go:281.16,283.3 1 0
registro-backend/internal/grades/analytics.go:285.2,287.27 3 0
registro-backend/internal/grades/analytics.go:287.27,288.43 1 0
registro-backend/internal/grades/analytics.go:288.43,289.12 1 0
registro-backend/internal/grades/analytics.go:291.3,291.50 1 0
registro-backend/internal/grades/analytics.go:291.50,292.12 1 0
registro-backend/internal/grades/analytics.go:294.3,295.48 2 0
registro-backend/internal/grades/analytics.go:295.48,297.4 1 0
registro-backend/internal/grades/analytics.go:300.2,304.29 3 0
registro-backend/internal/grades/analytics.go:304.29,306.3 1 0
registro-backend/internal/grades/analytics.go:308.2,309.30 2 0
registro-backend/internal/grades/analytics.go:309.30,311.24 2 0
registro-backend/internal/grades/analytics.go:311.24,312.49 1 0
registro-backend/internal/grades/analytics.go:312.49,314.5 1 0
registro-backend/internal/grades/analytics.go:317.3,323.5 2 0
registro-backend/internal/grades/analytics.go:326.2,333.8 1 0
registro-backend/internal/grades/analytics.go:336.96,342.16 2 0
registro-backend/internal/grades/analytics.go:342.16,344.3 1 0
registro-backend/internal/grades/analytics.go:346.2,353.27 4 0
registro-backend/internal/grades/analytics.go:353.27,355.48 2 0
registro-backend/internal/grades/analytics.go:355.48,357.4 1 0
registro-backend/internal/grades/analytics.go:359.2,369.8 3 0
registro-backend/internal/grades/calculator.go:10.34,12.2 1 1
registro-backend/internal/grades/calculator.go:15.63,16.22 1 1
registro-backend/internal/grades/calculator.go:16.22,18.3 1 1
registro-backend/internal/grades/calculator.go:20.2,23.27 3 1
registro-backend/internal/grades/calculator.go:23.27,35.23 1 1
registro-backend/internal/grades/calculator.go:35.23,38.4 2 1
registro-backend/internal/grades/calculator.go:41.2,41.16 1 1
registro-backend/internal/grades/calculator.go:41.16,43.3 1 0
registro-backend/internal/grades/calculator.go:45.2,45.53 1 1
registro-backend/internal/grades/calculator.go:49.70,50.18 1 0
registro-backend/internal/grades/calculator.go:51.30,52.14 1 0
registro-backend/internal/grades/calculator.go:53.18,54.13 1 0
registro-backend/internal/grades/calculator.go:55.15,56.13 1 0
registro-backend/internal/grades/calculator.go:57.18,58.13 1 0
registro-backend/internal/grades/calculator.go:59.21,60.13 1 0
registro-backend/internal/grades/calculator.go:61.39,62.13 1 0
registro-backend/internal/grades/calculator.go:63.23,64.13 1 0
registro-backend/internal/grades/calculator.go:65.34,66.13 1 0
registro-backend/internal/grades/calculator.go:67.10,68.13 1 0
registro-backend/internal/grades/calculator.go:73.71,74.22 1 1
registro-backend/internal/grades/calculator.go:74.22,76.3 1 1
registro-backend/internal/grades/calculator.go:78.2,81.27 3 1
registro-backend/internal/grades/calculator.go:81.27,82.39 1 1
registro-backend/internal/grades/calculator.go:82.39,85.4 2 1
registro-backend/internal/grades/calculator.go:88.2,88.23 1 1
registro-backend/internal/grades/calculator.go:88.23,90.3 1 1
registro-backend/internal/grades/calculator.go:92.2,92.59 1 1
registro-backend/internal/grades/calculator.go:97.62,99.20 2 1
registro-backend/internal/grades/calculator.go:99.20,101.3 1 1
registro-backend/internal/grades/calculator.go:103.2,105.14 3 0
registro-backend/internal/grades/calculator.go:105.14,107.3 1 0
registro-backend/internal/grades/calculator.go:108.2,108.38 1 0
registro-backend/internal/grades/calculator.go:111.73,113.19 2 1
registro-backend/internal/grades/calculator.go:113.19,115.3 1 1
registro-backend/internal/grades/calculator.go:117.2,119.25 3 0
registro-backend/internal/grades/calculator.go:119.25,121.3 1 0
registro-backend/internal/grades/calculator.go:122.2,122.52 1 0
registro-backend/internal/grades/calculator.go:125.100,127.20 2 0
registro-backend/internal/grades/calculator.go:127.20,129.3 1 0
registro-backend/internal/grades/calculator.go:131.2,134.17 3 0
registro-backend/internal/grades/calculator.go:134.17,136.3 1 0
registro-backend/internal/grades/calculator.go:138.2,139.25 2 0
registro-backend/internal/grades/calculator.go:139.25,143.3 3 0
registro-backend/internal/grades/calculator.go:144.2,148.8 4 0
registro-backend/internal/grades/calculator.go:151.81,153.20 2 0
registro-backend/internal/grades/calculator.go:153.20,155.3 1 0
registro-backend/internal/grades/calculator.go:157.2,158.25 2 0
registro-backend/internal/grades/calculator.go:158.25,159.16 1 0
registro-backend/internal/grades/calculator.go:159.16,161.4 1 0
registro-backend/internal/grades/calculator.go:164.2,164.57 1 0
registro-backend/internal/grades/calculator.go:167.62,175.27 6 0
registro-backend/internal/grades/calculator.go:175.27,177.60 2 0
registro-backend/internal/grades/calculator.go:177.60,179.4 1 0
registro-backend/internal/grades/calculator.go:180.3,180.23 1 0
registro-backend/internal/grades/calculator.go:180.23,182.4 1 0
registro-backend/internal/grades/calculator.go:184.3,184.30 1 0
registro-backend/internal/grades/calculator.go:184.30,187.4 1 0
registro-backend/internal/grades/calculator.go:189.2,189.17 1 0
registro-backend/internal/grades/calculator.go:193.62,195.27 2 1
registro-backend/internal/grades/calculator.go:195.27,196.23 1 1
registro-backend/internal/grades/calculator.go:196.23,198.4 1 1
registro-backend/internal/grades/calculator.go:200.2,200.13 1 1
registro-backend/internal/grades/exporter.go:21.73,23.41 1 0
registro-backend/internal/grades/exporter.go:23.41,24.49 1 0
registro-backend/internal/grades/exporter.go:24.49,26.4 1 0
registro-backend/internal/grades/exporter.go:27.3,27.47 1 0
registro-backend/internal/grades/exporter.go:30.2,34.27 2 0
registro-backend/internal/grades/exporter.go:34.27,46.3 1 0
registro-backend/internal/grades/exporter.go:48.2,50.44 3 0
registro-backend/internal/grades/exporter.go:50.44,52.3 1 0
registro-backend/internal/grades/exporter.go:53.2,53.25 1 0
registro-backend/internal/grades/exporter.go:67.51,76.2 2 0
registro-backend/internal/grades/exporter.go:79.73,107.27 21 0
registro-backend/internal/grades/exporter.go:107.27,109.25 1 0
registro-backend/internal/grades/exporter.go:109.25,111.4 1 0
registro-backend/internal/grades/exporter.go:111.9,111.32 1 0
registro-backend/internal/grades/exporter.go:111.32,113.4 1 0
registro-backend/internal/grades/exporter.go:113.9,115.4 1 0
registro-backend/internal/grades/exporter.go:117.3,122.39 5 0
registro-backend/internal/grades/exporter.go:122.39,124.23 2 0
registro-backend/internal/grades/exporter.go:124.23,126.5 1 0
registro-backend/internal/grades/exporter.go:128.3,133.13 5 0
registro-backend/internal/grades/exporter.go:136.2,138.25 3 0
registro-backend/internal/grades/handler.go:14.57,16.2 1 0
registro-backend/internal/grades/handler.go:19.59,21.2 2 0
registro-backend/internal/grades/handler.go:21.2,48.3 16 0
registro-backend/internal/grades/handler.go:53.52,55.21 2 0
registro-backend/internal/grades/handler.go:55.21,58.3 2 0
registro-backend/internal/grades/handler.go:60.2,63.16 3 0
registro-backend/internal/grades/handler.go:63.16,66.3 2 0
registro-backend/internal/grades/handler.go:68.2,68.31 1 0
registro-backend/internal/grades/handler.go:71.50,73.19 2 0
registro-backend/internal/grades/handler.go:73.19,76.3 2 0
registro-backend/internal/grades/handler.go:78.2,83.16 5 0
registro-backend/internal/grades/handler.go:83.16,86.3 2 0
registro-backend/internal/grades/handler.go:88.2,88.29 1 0
registro-backend/internal/grades/handler.go:91.52,93.21 2 0
registro-backend/internal/grades/handler.go:93.21,96.3 2 0
registro-backend/internal/grades/handler.go:98.2,101.16 3 0
registro-backend/internal/grades/handler.go:101.16,104.3 2 0
registro-backend/internal/grades/handler.go:106.2,106.29 1 0
registro-backend/internal/grades/handler.go:109.46,111.21 2 0
registro-backend/internal/grades/handler.go:111.21,113.3 1 0
registro-backend/internal/grades/handler.go:115.2,116.16 2 0
registro-backend/internal/grades/handler.go:116.16,119.3 2 0
registro-backend/internal/grades/handler.go:120.2,123.42 3 0
registro-backend/internal/grades/handler.go:123.43,127.3 0 0
registro-backend/internal/grades/handler.go:129.2,130.16 2 0
registro-backend/internal/grades/handler.go:130.16,133.3 2 0
registro-backend/internal/grades/handler.go:135.2,135.31 1 0
registro-backend/internal/grades/handler.go:138.42,140.21 2 0
registro-backend/internal/grades/handler.go:140.21,142.3 1 0
registro-backend/internal/grades/handler.go:144.2,145.18 2 0
registro-backend/internal/grades/handler.go:145.18,147.3 1 0
registro-backend/internal/grades/handler.go:149.2,152.16 3 0
registro-backend/internal/grades/handler.go:152.16,155.3 2 0
registro-backend/internal/grades/handler.go:157.2,157.22 1 0
registro-backend/internal/grades/handler.go:157.22,159.3 1 0
registro-backend/internal/grades/handler.go:161.2,162.42 2 0
registro-backend/internal/grades/handler.go:166.59,170.45 2 0
registro-backend/internal/grades/handler.go:170.46,172.3 0 0
registro-backend/internal/grades/handler.go:174.2,174.15 1 0
registro-backend/internal/grades/handler.go:178.44,180.47 2 0
registro-backend/internal/grades/handler.go:180.47,183.3 2 0
registro-backend/internal/grades/handler.go:185.2,186.21 2 0
registro-backend/internal/grades/handler.go:186.21,193.3 1 0
registro-backend/internal/grades/handler.go:195.2,195.59 1 0
registro-backend/internal/grades/handler.go:195.59,198.3 2 0
registro-backend/internal/grades/handler.go:200.2,200.76 1 0
registro-backend/internal/grades/handler.go:204.47,206.19 2 0
registro-backend/internal/grades/handler.go:206.19,209.3 2 0
registro-backend/internal/grades/handler.go:211.2,212.47 2 0
registro-backend/internal/grades/handler.go:212.47,215.3 2 0
registro-backend/internal/grades/handler.go:217.2,218.21 2 0
registro-backend/internal/grades/handler.go:218.21,220.3 1 0
registro-backend/internal/grades/handler.go:222.2,222.71 1 0
registro-backend/internal/grades/handler.go:222.71,225.3 2 0
registro-backend/internal/grades/handler.go:227.2,227.71 1 0
registro-backend/internal/grades/handler.go:231.47,233.19 2 0
registro-backend/internal/grades/handler.go:233.19,236.3 2 0
registro-backend/internal/grades/handler.go:238.2,239.21 2 0
registro-backend/internal/grades/handler.go:239.21,241.3 1 0
registro-backend/internal/grades/handler.go:243.2,243.66 1 0
registro-backend/internal/grades/handler.go:243.66,246.3 2 0
registro-backend/internal/grades/handler.go:248.2,248.71 1 0
registro-backend/internal/grades/handler.go:253.53,257.21 3 0
registro-backend/internal/grades/handler.go:257.21,260.3 2 0
registro-backend/internal/grades/handler.go:262.2,263.16 2 0
registro-backend/internal/grades/handler.go:263.16,266.3 2 0
registro-backend/internal/grades/handler.go:268.2,272.4 1 0
registro-backend/internal/grades/handler.go:275.51,279.19 3 0
registro-backend/internal/grades/handler.go:279.19,282.3 2 0
registro-backend/internal/grades/handler.go:284.2,285.16 2 0
registro-backend/internal/grades/handler.go:285.16,288.3 2 0
registro-backend/internal/grades/handler.go:290.2,294.4 1 0
registro-backend/internal/grades/handler.go:299.47,301.21 2 0
registro-backend/internal/grades/handler.go:301.21,303.3 1 0
registro-backend/internal/grades/handler.go:305.2,308.16 3 0
registro-backend/internal/grades/handler.go:308.16,311.3 2 0
registro-backend/internal/grades/handler.go:313.2,313.29 1 0
registro-backend/internal/grades/handler.go:316.49,318.21 2 0
registro-backend/internal/grades/handler.go:318.21,320.3 1 0
registro-backend/internal/grades/handler.go:322.2,323.16 2 0
registro-backend/internal/grades/handler.go:323.16,326.3 2 0
registro-backend/internal/grades/handler.go:328.2,328.29 1 0
registro-backend/internal/grades/handler.go:331.46,333.21 2 0
registro-backend/internal/grades/handler.go:333.21,335.3 1 0
registro-backend/internal/grades/handler.go:337.2,340.16 3 0
registro-backend/internal/grades/handler.go:340.16,343.3 2 0
registro-backend/internal/grades/handler.go:345.2,345.29 1 0
registro-backend/internal/grades/handler.go:348.53,350.21 2 0
registro-backend/internal/grades/handler.go:350.21,352.3 1 0
registro-backend/internal/grades/handler.go:354.2,356.19 3 0
registro-backend/internal/grades/handler.go:356.19,358.3 1 0
registro-backend/internal/grades/handler.go:360.2,361.16 2 0
registro-backend/internal/grades/handler.go:361.16,364.3 2 0
registro-backend/internal/grades/handler.go:366.2,366.29 1 0
registro-backend/internal/grades/handler.go:371.50,373.20 2 0
registro-backend/internal/grades/handler.go:373.20,375.3 1 0
registro-backend/internal/grades/handler.go:377.2,381.16 4 0
registro-backend/internal/grades/handler.go:381.16,384.3 2 0
registro-backend/internal/grades/handler.go:386.2,386.29 1 0
registro-backend/internal/grades/handler.go:389.57,391.2 1 0
registro-backend/internal/grades/handler.go:395.52,399.19 4 0
registro-backend/internal/grades/handler.go:399.19,401.3 1 0
registro-backend/internal/grades/handler.go:403.2,408.16 2 0
registro-backend/internal/grades/handler.go:408.16,411.3 2 0
registro-backend/internal/grades/handler.go:412.2,412.29 1 0
registro-backend/internal/grades/handler.go:415.54,419.19 4 0
registro-backend/internal/grades/handler.go:419.19,421.3 1 0
registro-backend/internal/grades/handler.go:423.2,424.16 2 0
registro-backend/internal/grades/handler.go:424.16,427.3 2 0
registro-backend/internal/grades/handler.go:428.2,428.29 1 0
registro-backend/internal/grades/handler.go:431.53,435.19 4 0
registro-backend/internal/grades/handler.go:435.19,437.3 1 0
registro-backend/internal/grades/handler.go:438.2,438.19 1 0
registro-backend/internal/grades/handler.go:438.19,440.3 1 0
registro-backend/internal/grades/handler.go:442.2,443.16 2 0
registro-backend/internal/grades/handler.go:443.16,446.3 2 0
registro-backend/internal/grades/handler.go:447.2,447.29 1 0
registro-backend/internal/grades/handler.go:450.55,453.16 3 0
registro-backend/internal/grades/handler.go:453.16,456.3 2 0
registro-backend/internal/grades/handler.go:457.2,457.29 1 0
registro-backend/internal/grades/helpers.go:10.56,11.18 1 1
registro-backend/internal/grades/helpers.go:12.23,13.13 1 1
registro-backend/internal/grades/helpers.go:14.18,15.13 1 1
registro-backend/internal/grades/helpers.go:16.21,17.13 1 1
registro-backend/internal/grades/helpers.go:18.18,19.13 1 0
registro-backend/internal/grades/helpers.go:20.15,21.13 1 1
registro-backend/internal/grades/helpers.go:22.18,23.13 1 0
registro-backend/internal/grades/helpers.go:24.16,25.14 1 1
registro-backend/internal/grades/helpers.go:26.10,27.13 1 1
registro-backend/internal/grades/helpers.go:32.53,33.17 1 1
registro-backend/internal/grades/helpers.go:33.17,35.3 1 1
registro-backend/internal/grades/helpers.go:35.8,35.24 1 1
registro-backend/internal/grades/helpers.go:35.24,37.3 1 1
registro-backend/internal/grades/helpers.go:37.8,37.24 1 1
registro-backend/internal/grades/helpers.go:37.24,39.3 1 1
registro-backend/internal/grades/helpers.go:39.8,39.24 1 1
registro-backend/internal/grades/helpers.go:39.24,53.3 1 1
registro-backend/internal/grades/helpers.go:53.8,53.25 1 1
registro-backend/internal/grades/helpers.go:53.25,55.3 1 1
registro-backend/internal/grades/helpers.go:56.2,56.17 1 0
registro-backend/internal/grades/helpers.go:60.43,61.24 1 0
registro-backend/internal/grades/helpers.go:61.24,63.3 1 0
registro-backend/internal/grades/helpers.go:64.2,64.28 1 0
registro-backend/internal/grades/helpers.go:64.28,66.3 1 0
registro-backend/internal/grades/helpers.go:67.2,67.13 1 0
registro-backend/internal/grades/helpers.go:72.64,75.19 2 1
registro-backend/internal/grades/helpers.go:75.19,80.3 3 1
registro-backend/internal/grades/helpers.go:80.8,80.26 1 0
registro-backend/internal/grades/helpers.go:80.26,85.3 3 0
registro-backend/internal/grades/helpers.go:86.2,86.33 1 0
registro-backend/internal/grades/helpers.go:90.56,99.19 3 0
registro-backend/internal/grades/helpers.go:99.19,102.3 2 0
registro-backend/internal/grades/helpers.go:102.8,102.26 1 0
registro-backend/internal/grades/helpers.go:102.26,105.3 2 0
registro-backend/internal/grades/helpers.go:105.8,107.3 1 0
registro-backend/internal/grades/helpers.go:109.2,109.46 1 0
registro-backend/internal/grades/importer.go:27.59,31.16 4 1
registro-backend/internal/grades/importer.go:31.16,33.3 1 0
registro-backend/internal/grades/importer.go:35.2,39.27 2 1
registro-backend/internal/grades/importer.go:39.27,40.13 1 1
registro-backend/internal/grades/importer.go:40.13,41.12 1 1
registro-backend/internal/grades/importer.go:43.3,43.19 1 1
registro-backend/internal/grades/importer.go:43.19,44.12 1 0
registro-backend/internal/grades/importer.go:47.3,51.19 4 1
registro-backend/internal/grades/importer.go:51.19,53.4 1 1
registro-backend/internal/grades/importer.go:55.3,56.19 2 1
registro-backend/internal/grades/importer.go:56.19,58.4 1 1
registro-backend/internal/grades/importer.go:60.3,70.5 1 1
registro-backend/internal/grades/importer.go:72.2,72.22 1 1
registro-backend/internal/grades/importer.go:76.60,78.16 2 0
registro-backend/internal/grades/importer.go:78.16,80.3 1 0
registro-backend/internal/grades/importer.go:81.2,84.16 3 0
registro-backend/internal/grades/importer.go:84.16,87.22 2 0
registro-backend/internal/grades/importer.go:87.22,89.4 1 0
registro-backend/internal/grades/importer.go:91.2,91.16 1 0
registro-backend/internal/grades/importer.go:91.16,93.3 1 0
registro-backend/internal/grades/importer.go:95.2,96.27 2 0
registro-backend/internal/grades/importer.go:96.27,97.13 1 0
registro-backend/internal/grades/importer.go:97.13,98.12 1 0
registro-backend/internal/grades/importer.go:100.3,100.19 1 0
registro-backend/internal/grades/importer.go:100.19,101.12 1 0
registro-backend/internal/grades/importer.go:104.3,117.5 3 0
registro-backend/internal/grades/importer.go:119.2,119.22 1 0
registro-backend/internal/grades/importer.go:123.103,128.27 3 0
registro-backend/internal/grades/importer.go:128.27,142.3 1 0
registro-backend/internal/grades/importer.go:144.2,144.21 1 0
registro-backend/internal/grades/importer.go:144.21,146.17 2 0
registro-backend/internal/grades/importer.go:146.17,148.4 1 0
registro-backend/internal/grades/importer.go:149.3,149.29 1 0
registro-backend/internal/grades/importer.go:152.2,152.17 1 0
registro-backend/internal/grades/model.go:139.32,140.37 1 0
registro-backend/internal/grades/model.go:140.37,142.3 1 0
registro-backend/internal/grades/model.go:143.2,143.65 1 0
registro-backend/internal/grades/model.go:143.65,145.3 1 0
registro-backend/internal/grades/model.go:146.2,146.22 1 0
registro-backend/internal/grades/model.go:146.22,148.3 1 0
registro-backend/internal/grades/model.go:150.2,150.51 1 0
registro-backend/internal/grades/model.go:150.51,152.3 1 0
registro-backend/internal/grades/model.go:153.2,153.13 1 0
registro-backend/internal/grades/repository.go:51.43,53.2 1 0
registro-backend/internal/grades/repository.go:55.49,76.16 3 0
registro-backend/internal/grades/repository.go:76.16,78.3 1 0
registro-backend/internal/grades/repository.go:79.2,79.12 1 0
registro-backend/internal/grades/repository.go:82.57,84.16 2 0
registro-backend/internal/grades/repository.go:84.16,86.3 1 0
registro-backend/internal/grades/repository.go:87.2,103.16 4 0
registro-backend/internal/grades/repository.go:103.16,105.3 1 0
registro-backend/internal/grades/repository.go:106.2,108.31 2 0
registro-backend/internal/grades/repository.go:108.31,116.17 2 0
registro-backend/internal/grades/repository.go:116.17,118.4 1 0
registro-backend/internal/grades/repository.go:121.2,121.20 1 0
registro-backend/internal/grades/repository.go:124.72,126.16 2 0
registro-backend/internal/grades/repository.go:126.16,128.3 1 0
registro-backend/internal/grades/repository.go:129.2,154.16 4 0
registro-backend/internal/grades/repository.go:154.16,156.3 1 0
registro-backend/internal/grades/repository.go:159.2,159.20 1 0
registro-backend/internal/grades/repository.go:159.20,173.17 3 0
registro-backend/internal/grades/repository.go:173.17,175.4 1 0
registro-backend/internal/grades/repository.go:178.2,178.20 1 0
registro-backend/internal/grades/repository.go:181.64,184.16 3 0
registro-backend/internal/grades/repository.go:184.16,186.3 1 0
registro-backend/internal/grades/repository.go:187.2,187.12 1 0
registro-backend/internal/grades/repository.go:190.58,206.16 4 0
registro-backend/internal/grades/repository.go:206.16,207.27 1 0
registro-backend/internal/grades/repository.go:207.27,209.4 1 0
registro-backend/internal/grades/repository.go:210.3,210.54 1 0
registro-backend/internal/grades/repository.go:212.2,212.16 1 0
registro-backend/internal/grades/repository.go:215.71,226.2 2 0
registro-backend/internal/grades/repository.go:228.109,233.18 3 0
registro-backend/internal/grades/repository.go:233.18,244.3 2 0
registro-backend/internal/grades/repository.go:244.8,256.3 2 0
registro-backend/internal/grades/repository.go:258.2,258.37 1 0
registro-backend/internal/grades/repository.go:261.81,265.18 3 0
registro-backend/internal/grades/repository.go:265.18,276.3 2 0
registro-backend/internal/grades/repository.go:276.8,287.3 2 0
registro-backend/internal/grades/repository.go:289.2,289.37 1 0
registro-backend/internal/grades/repository.go:292.85,296.18 3 0
registro-backend/internal/grades/repository.go:296.18,306.3 2 0
registro-backend/internal/grades/repository.go:306.8,316.3 2 0
registro-backend/internal/grades/repository.go:318.2,318.37 1 0
registro-backend/internal/grades/repository.go:321.74,334.25 5 0
registro-backend/internal/grades/repository.go:334.25,338.3 3 0
registro-backend/internal/grades/repository.go:339.2,339.28 1 0
registro-backend/internal/grades/repository.go:339.28,343.3 3 0
registro-backend/internal/grades/repository.go:344.2,344.28 1 0
registro-backend/internal/grades/repository.go:344.28,348.3 3 0
registro-backend/internal/grades/repository.go:349.2,349.31 1 0
registro-backend/internal/grades/repository.go:349.31,353.3 3 0
registro-backend/internal/grades/repository.go:355.2,355.25 1 0
registro-backend/internal/grades/repository.go:355.25,357.3 1 0
registro-backend/internal/grades/repository.go:359.2,361.41 2 0
registro-backend/internal/grades/repository.go:364.71,375.2 2 0
registro-backend/internal/grades/repository.go:377.73,387.16 3 0
registro-backend/internal/grades/repository.go:387.16,389.3 1 0
registro-backend/internal/grades/repository.go:390.2,393.18 3 0
registro-backend/internal/grades/repository.go:393.18,399.17 2 0
registro-backend/internal/grades/repository.go:399.17,401.4 1 0
registro-backend/internal/grades/repository.go:402.3,402.31 1 0
registro-backend/internal/grades/repository.go:404.2,404.21 1 0
registro-backend/internal/grades/repository.go:408.85,410.16 2 0
registro-backend/internal/grades/repository.go:410.16,412.3 1 0
registro-backend/internal/grades/repository.go:413.2,414.25 2 0
registro-backend/internal/grades/repository.go:417.64,419.18 2 0
registro-backend/internal/grades/repository.go:419.18,426.17 2 0
registro-backend/internal/grades/repository.go:426.17,428.4 1 0
registro-backend/internal/grades/repository.go:429.3,429.31 1 0
registro-backend/internal/grades/repository.go:431.2,431.21 1 0
registro-backend/internal/grades/service.go:54.92,62.2 1 1
registro-backend/internal/grades/service.go:68.79,70.16 2 1
registro-backend/internal/grades/service.go:70.16,72.3 1 0
registro-backend/internal/grades/service.go:73.2,73.37 1 1
registro-backend/internal/grades/service.go:76.109,83.16 2 1
registro-backend/internal/grades/service.go:83.16,85.3 1 0
registro-backend/internal/grades/service.go:87.2,88.27 2 1
registro-backend/internal/grades/service.go:88.27,89.64 1 1
registro-backend/internal/grades/service.go:89.64,90.12 1 1
registro-backend/internal/grades/service.go:92.3,92.64 1 1
registro-backend/internal/grades/service.go:92.64,93.12 1 1
registro-backend/internal/grades/service.go:95.3,95.72 1 1
registro-backend/internal/grades/service.go:95.72,96.12 1 0
registro-backend/internal/grades/service.go:98.3,98.72 1 1
registro-backend/internal/grades/service.go:98.72,99.12 1 1
registro-backend/internal/grades/service.go:101.3,101.33 1 1
registro-backend/internal/grades/service.go:104.2,104.39 1 1
registro-backend/internal/grades/service.go:107.155,109.54 1 0
registro-backend/internal/grades/service.go:109.54,117.17 3 0
registro-backend/internal/grades/service.go:117.17,119.4 1 0
registro-backend/internal/grades/service.go:121.3,121.50 1 0
registro-backend/internal/grades/service.go:121.50,124.30 1 0
registro-backend/internal/grades/service.go:124.30,126.5 1 0
registro-backend/internal/grades/service.go:128.4,131.15 3 0
registro-backend/internal/grades/service.go:131.15,133.5 1 0
registro-backend/internal/grades/service.go:137.2,141.16 4 0
registro-backend/internal/grades/service.go:141.16,143.3 1 0
registro-backend/internal/grades/service.go:146.2,147.27 2 0
registro-backend/internal/grades/service.go:147.27,149.72 1 0
registro-backend/internal/grades/service.go:149.72,150.12 1 0
registro-backend/internal/grades/service.go:152.3,153.66 2 0
registro-backend/internal/grades/service.go:157.2,161.37 2 0
registro-backend/internal/grades/service.go:161.37,166.27 3 0
registro-backend/internal/grades/service.go:166.27,168.23 2 0
registro-backend/internal/grades/service.go:168.23,171.5 2 0
registro-backend/internal/grades/service.go:171.10,174.5 2 0
registro-backend/internal/grades/service.go:177.3,178.17 2 0
registro-backend/internal/grades/service.go:178.17,180.4 1 0
registro-backend/internal/grades/service.go:181.3,181.17 1 0
registro-backend/internal/grades/service.go:181.17,183.4 1 0
registro-backend/internal/grades/service.go:185.3,191.5 1 0
registro-backend/internal/grades/service.go:194.2,194.18 1 0
registro-backend/internal/grades/service.go:197.105,199.16 2 0
registro-backend/internal/grades/service.go:199.16,201.3 1 0
registro-backend/internal/grades/service.go:204.2,226.27 6 0
registro-backend/internal/grades/service.go:226.27,227.33 1 0
registro-backend/internal/grades/service.go:227.33,230.4 2 0
registro-backend/internal/grades/service.go:231.3,234.23 2 0
registro-backend/internal/grades/service.go:234.23,236.4 1 0
registro-backend/internal/grades/service.go:236.9,236.30 1 0
registro-backend/internal/grades/service.go:236.30,238.4 1 0
registro-backend/internal/grades/service.go:238.9,238.30 1 0
registro-backend/internal/grades/service.go:238.30,240.4 1 0
registro-backend/internal/grades/service.go:240.9,242.4 1 0
registro-backend/internal/grades/service.go:245.2,246.21 2 0
registro-backend/internal/grades/service.go:246.21,248.3 1 0
registro-backend/internal/grades/service.go:250.2,258.18 2 0
registro-backend/internal/grades/service.go:261.76,263.74 1 0
registro-backend/internal/grades/service.go:263.74,265.3 1 0
registro-backend/internal/grades/service.go:267.2,270.31 3 0
registro-backend/internal/grades/service.go:270.31,273.3 2 0
registro-backend/internal/grades/service.go:275.2,293.23 2 0
registro-backend/internal/grades/service.go:293.23,295.3 1 0
registro-backend/internal/grades/service.go:297.2,297.45 1 0
registro-backend/internal/grades/service.go:297.45,299.3 1 0
registro-backend/internal/grades/service.go:302.2,302.26 1 0
registro-backend/internal/grades/service.go:302.26,304.3 1 0
registro-backend/internal/grades/service.go:306.2,306.12 1 0
registro-backend/internal/grades/service.go:309.78,312.2 1 0
registro-backend/internal/grades/service.go:314.101,319.16 2 0
registro-backend/internal/grades/service.go:319.16,321.3 1 0
registro-backend/internal/grades/service.go:323.2,324.16 2 0
registro-backend/internal/grades/service.go:324.16,326.3 1 0
registro-backend/internal/grades/service.go:329.2,329.18 1 0
registro-backend/internal/grades/service.go:332.103,334.16 2 0
registro-backend/internal/grades/service.go:334.16,336.3 1 0
registro-backend/internal/grades/service.go:339.2,339.22 1 0
registro-backend/internal/grades/service.go:339.22,341.17 2 0
registro-backend/internal/grades/service.go:341.17,343.4 1 0
registro-backend/internal/grades/service.go:344.3,344.39 1 0
registro-backend/internal/grades/service.go:345.8,345.28 1 0
registro-backend/internal/grades/service.go:345.28,356.28 2 0
registro-backend/internal/grades/service.go:356.28,359.4 1 0
registro-backend/internal/grades/service.go:360.3,360.38 1 0
registro-backend/internal/grades/service.go:363.2,363.62 1 0
registro-backend/internal/grades/service.go:366.95,368.16 2 0
[...]
registro-backend/internal/postgres/admin_repository.go:391.2,391.20 1 0
registro-backend/internal/postgres/admin_repository.go:391.20,395.3 3 0
registro-backend/internal/postgres/admin_repository.go:396.2,396.24 1 0
registro-backend/internal/postgres/admin_repository.go:396.24,400.3 3 0
registro-backend/internal/postgres/admin_repository.go:401.2,401.23 1 0
registro-backend/internal/postgres/admin_repository.go:401.23,405.3 3 0
registro-backend/internal/postgres/admin_repository.go:406.2,406.21 1 0
registro-backend/internal/postgres/admin_repository.go:406.21,410.3 3 0
registro-backend/internal/postgres/admin_repository.go:411.2,411.21 1 0
registro-backend/internal/postgres/admin_repository.go:411.21,415.3 3 0
registro-backend/internal/postgres/admin_repository.go:416.2,416.23 1 0
registro-backend/internal/postgres/admin_repository.go:416.23,420.3 3 0
registro-backend/internal/postgres/admin_repository.go:421.2,421.25 1 0
registro-backend/internal/postgres/admin_repository.go:421.25,425.3 3 0
registro-backend/internal/postgres/admin_repository.go:427.2,431.16 4 0
registro-backend/internal/postgres/admin_repository.go:431.16,433.3 1 0
registro-backend/internal/postgres/admin_repository.go:436.2,436.35 1 0
registro-backend/internal/postgres/admin_repository.go:440.84,443.2 2 0
registro-backend/internal/postgres/admin_repository.go:446.92,450.2 3 0
registro-backend/internal/postgres/admin_repository.go:453.146,474.48 5 0
registro-backend/internal/postgres/admin_repository.go:474.48,479.3 4 0
registro-backend/internal/postgres/admin_repository.go:482.2,487.98 4 0
registro-backend/internal/postgres/admin_repository.go:487.98,489.3 1 0
registro-backend/internal/postgres/admin_repository.go:491.2,492.16 2 0
registro-backend/internal/postgres/admin_repository.go:492.16,494.3 1 0
registro-backend/internal/postgres/admin_repository.go:495.2,498.18 3 0
registro-backend/internal/postgres/admin_repository.go:498.18,514.17 5 0
registro-backend/internal/postgres/admin_repository.go:514.17,516.4 1 0
registro-backend/internal/postgres/admin_repository.go:518.3,518.21 1 0
registro-backend/internal/postgres/admin_repository.go:518.21,520.4 1 0
registro-backend/internal/postgres/admin_repository.go:521.3,521.23 1 0
registro-backend/internal/postgres/admin_repository.go:521.23,523.4 1 0
registro-backend/internal/postgres/admin_repository.go:526.3,528.22 3 0
registro-backend/internal/postgres/admin_repository.go:528.22,530.4 1 0
registro-backend/internal/postgres/admin_repository.go:532.3,532.27 1 0
registro-backend/internal/postgres/admin_repository.go:535.2,535.26 1 0
registro-backend/internal/postgres/admin_repository.go:539.129,564.16 6 0
registro-backend/internal/postgres/admin_repository.go:564.16,566.3 1 0
registro-backend/internal/postgres/admin_repository.go:569.2,570.25 2 0
registro-backend/internal/postgres/admin_repository.go:570.25,572.3 1 0
registro-backend/internal/postgres/admin_repository.go:574.2,584.8 1 0
registro-backend/internal/postgres/admin_repository.go:588.145,593.25 4 0
registro-backend/internal/postgres/admin_repository.go:593.25,597.3 3 0
registro-backend/internal/postgres/admin_repository.go:598.2,598.24 1 0
registro-backend/internal/postgres/admin_repository.go:598.24,602.3 3 0
registro-backend/internal/postgres/admin_repository.go:603.2,603.25 1 0
registro-backend/internal/postgres/admin_repository.go:603.25,607.3 3 0
registro-backend/internal/postgres/admin_repository.go:608.2,608.25 1 0
registro-backend/internal/postgres/admin_repository.go:608.25,612.3 3 0
registro-backend/internal/postgres/admin_repository.go:614.2,618.76 4 0
registro-backend/internal/postgres/admin_repository.go:618.76,620.3 1 0
registro-backend/internal/postgres/admin_repository.go:624.2,624.46 1 0
registro-backend/internal/postgres/admin_repository.go:628.86,630.16 2 0
registro-backend/internal/postgres/admin_repository.go:630.16,632.3 1 0
registro-backend/internal/postgres/admin_repository.go:633.2,634.15 2 0
registro-backend/internal/postgres/admin_repository.go:634.15,636.3 1 0
registro-backend/internal/postgres/admin_repository.go:637.2,637.12 1 0
registro-backend/internal/postgres/admin_repository.go:641.92,645.2 3 0
registro-backend/internal/postgres/admin_repository.go:648.126,669.16 3 0
registro-backend/internal/postgres/admin_repository.go:669.16,671.3 1 0
registro-backend/internal/postgres/admin_repository.go:672.2,675.18 3 0
registro-backend/internal/postgres/admin_repository.go:675.18,691.17 5 0
registro-backend/internal/postgres/admin_repository.go:691.17,693.4 1 0
registro-backend/internal/postgres/admin_repository.go:695.3,695.21 1 0
registro-backend/internal/postgres/admin_repository.go:695.21,697.4 1 0
registro-backend/internal/postgres/admin_repository.go:698.3,698.23 1 0
registro-backend/internal/postgres/admin_repository.go:698.23,700.4 1 0
registro-backend/internal/postgres/admin_repository.go:702.3,702.35 1 0
registro-backend/internal/postgres/admin_repository.go:705.2,705.28 1 0
registro-backend/internal/postgres/admin_repository.go:709.147,731.23 5 0
registro-backend/internal/postgres/admin_repository.go:731.23,736.3 4 0
registro-backend/internal/postgres/admin_repository.go:738.2,738.22 1 0
registro-backend/internal/postgres/admin_repository.go:738.22,743.3 4 0
registro-backend/internal/postgres/admin_repository.go:745.2,745.24 1 0
registro-backend/internal/postgres/admin_repository.go:745.24,750.3 4 0
registro-backend/internal/postgres/admin_repository.go:753.2,754.84 2 0
registro-backend/internal/postgres/admin_repository.go:754.84,756.3 1 0
registro-backend/internal/postgres/admin_repository.go:759.2,763.16 4 0
registro-backend/internal/postgres/admin_repository.go:763.16,765.3 1 0
registro-backend/internal/postgres/admin_repository.go:766.2,769.18 3 0
registro-backend/internal/postgres/admin_repository.go:769.18,785.17 5 0
registro-backend/internal/postgres/admin_repository.go:785.17,787.4 1 0
registro-backend/internal/postgres/admin_repository.go:789.3,789.21 1 0
registro-backend/internal/postgres/admin_repository.go:789.21,791.4 1 0
registro-backend/internal/postgres/admin_repository.go:792.3,792.23 1 0
registro-backend/internal/postgres/admin_repository.go:792.23,794.4 1 0
registro-backend/internal/postgres/admin_repository.go:796.3,796.35 1 0
registro-backend/internal/postgres/admin_repository.go:799.2,799.28 1 0
registro-backend/internal/postgres/admin_repository.go:803.157,809.19 3 0
registro-backend/internal/postgres/admin_repository.go:809.19,811.3 1 0
registro-backend/internal/postgres/admin_repository.go:813.2,814.12 2 0
registro-backend/internal/postgres/admin_repository.go:818.96,822.21 3 0
registro-backend/internal/postgres/admin_repository.go:822.21,825.3 2 0
registro-backend/internal/postgres/admin_repository.go:827.2,829.19 3 0
registro-backend/internal/postgres/admin_repository.go:833.103,837.21 3 0
registro-backend/internal/postgres/admin_repository.go:837.21,840.3 2 0
registro-backend/internal/postgres/admin_repository.go:842.2,844.19 3 0
registro-backend/internal/postgres/admin_repository.go:848.101,852.21 3 0
registro-backend/internal/postgres/admin_repository.go:852.21,855.3 2 0
registro-backend/internal/postgres/admin_repository.go:857.2,859.19 3 0
registro-backend/internal/postgres/admin_repository.go:863.97,866.26 3 0
registro-backend/internal/postgres/admin_repository.go:866.26,868.3 1 0
registro-backend/internal/postgres/admin_repository.go:869.2,869.19 1 0
registro-backend/internal/postgres/admin_repository.go:873.97,883.2 3 0
registro-backend/internal/lessons/handler.go:13.37,15.2 1 0
registro-backend/internal/lessons/handler.go:17.55,19.2 2 0
registro-backend/internal/lessons/handler.go:19.2,22.3 2 0
registro-backend/internal/lessons/handler.go:24.2,25.2 2 0
registro-backend/internal/lessons/handler.go:25.2,28.3 2 0
registro-backend/internal/lessons/handler.go:31.46,36.16 4 0
registro-backend/internal/lessons/handler.go:36.16,39.3 2 0
registro-backend/internal/lessons/handler.go:40.2,40.28 1 0
registro-backend/internal/lessons/handler.go:43.48,47.47 3 0
registro-backend/internal/lessons/handler.go:47.47,50.3 2 0
registro-backend/internal/lessons/handler.go:52.2,53.16 2 0
registro-backend/internal/lessons/handler.go:53.16,56.3 2 0
registro-backend/internal/lessons/handler.go:57.2,57.33 1 0
registro-backend/internal/lessons/handler.go:60.48,64.16 3 0
registro-backend/internal/lessons/handler.go:64.16,67.3 2 0
registro-backend/internal/lessons/handler.go:68.2,68.28 1 0
registro-backend/internal/lessons/handler.go:71.50,75.47 3 0
registro-backend/internal/lessons/handler.go:75.47,78.3 2 0
registro-backend/internal/lessons/handler.go:80.2,81.16 2 0
registro-backend/internal/lessons/handler.go:81.16,84.3 2 0
registro-backend/internal/lessons/handler.go:85.2,85.33 1 0
registro-backend/internal/lessons/repository.go:20.43,22.2 1 0
registro-backend/internal/lessons/repository.go:24.57,34.2 2 0
registro-backend/internal/lessons/repository.go:36.74,40.16 3 0
registro-backend/internal/lessons/repository.go:40.16,42.3 1 0
registro-backend/internal/lessons/repository.go:43.2,46.18 3 0
registro-backend/internal/lessons/repository.go:46.18,48.148 2 0
registro-backend/internal/lessons/repository.go:48.148,50.4 1 0
registro-backend/internal/lessons/repository.go:51.3,51.31 1 0
registro-backend/internal/lessons/repository.go:53.2,53.21 1 0
registro-backend/internal/lessons/repository.go:56.95,60.16 3 0
registro-backend/internal/lessons/repository.go:60.16,62.3 1 0
registro-backend/internal/lessons/repository.go:63.2,66.18 3 0
registro-backend/internal/lessons/repository.go:66.18,68.148 2 0
registro-backend/internal/lessons/repository.go:68.148,70.4 1 0
registro-backend/internal/lessons/repository.go:71.3,71.31 1 0
registro-backend/internal/lessons/repository.go:73.2,73.21 1 0
registro-backend/internal/lessons/repository.go:76.63,86.2 2 0
registro-backend/internal/lessons/repository.go:88.77,92.16 3 0
registro-backend/internal/lessons/repository.go:92.16,94.3 1 0
registro-backend/internal/lessons/repository.go:95.2,98.18 3 0
registro-backend/internal/lessons/repository.go:98.18,100.151 2 0
registro-backend/internal/lessons/repository.go:100.151,102.4 1 0
registro-backend/internal/lessons/repository.go:103.3,103.35 1 0
registro-backend/internal/lessons/repository.go:105.2,105.23 1 0
registro-backend/internal/lessons/service.go:19.39,21.2 1 0
registro-backend/internal/lessons/service.go:23.100,25.16 2 0
registro-backend/internal/lessons/service.go:25.16,27.3 1 0
registro-backend/internal/lessons/service.go:29.2,39.52 2 0
registro-backend/internal/lessons/service.go:39.52,41.3 1 0
registro-backend/internal/lessons/service.go:43.2,43.41 1 0
registro-backend/internal/lessons/service.go:46.83,50.21 3 0
registro-backend/internal/lessons/service.go:50.21,52.3 1 0
registro-backend/internal/lessons/service.go:52.8,54.3 1 0
registro-backend/internal/lessons/service.go:56.2,56.16 1 0
registro-backend/internal/lessons/service.go:56.16,58.3 1 0
registro-backend/internal/lessons/service.go:60.2,61.28 2 0
registro-backend/internal/lessons/service.go:61.28,63.3 1 0
registro-backend/internal/lessons/service.go:64.2,64.17 1 0
registro-backend/internal/lessons/service.go:67.106,69.16 2 0
registro-backend/internal/lessons/service.go:69.16,71.3 1 0
registro-backend/internal/lessons/service.go:73.2,82.50 2 0
registro-backend/internal/lessons/service.go:82.50,84.3 1 0
registro-backend/internal/lessons/service.go:86.2,86.39 1 0
registro-backend/internal/lessons/service.go:89.76,91.16 2 0
registro-backend/internal/lessons/service.go:91.16,93.3 1 0
registro-backend/internal/lessons/service.go:95.2,96.30 2 0
registro-backend/internal/lessons/service.go:96.30,98.3 1 0
registro-backend/internal/lessons/service.go:99.2,99.17 1 0
registro-backend/internal/lessons/service.go:102.64,113.2 1 0
registro-backend/internal/lessons/service.go:115.70,125.2 1 0
registro-backend/internal/config/config.go:55.36,60.45 3 0
registro-backend/internal/config/config.go:60.45,62.3 1 0
registro-backend/internal/config/config.go:64.2,102.20 5 0
registro-backend/internal/scrutiny/handler.go:14.44,16.2 1 0
registro-backend/internal/scrutiny/handler.go:18.55,20.2 2 0
registro-backend/internal/scrutiny/handler.go:20.2,23.3 2 0
registro-backend/internal/scrutiny/handler.go:26.45,31.16 4 0
registro-backend/internal/scrutiny/handler.go:31.16,35.3 3 0
registro-backend/internal/scrutiny/handler.go:36.2,36.31 1 0
registro-backend/internal/scrutiny/handler.go:39.40,41.47 2 0
registro-backend/internal/scrutiny/handler.go:41.47,44.3 2 0
registro-backend/internal/scrutiny/handler.go:46.2,47.88 2 0
registro-backend/internal/scrutiny/handler.go:47.88,50.3 2 0
registro-backend/internal/scrutiny/handler.go:51.2,51.25 1 0
registro-backend/internal/scrutiny/repository.go:20.43,22.2 1 0
registro-backend/internal/scrutiny/repository.go:24.89,26.16 2 0
registro-backend/internal/scrutiny/repository.go:26.16,28.3 1 0
registro-backend/internal/scrutiny/repository.go:29.2,32.18 2 0
registro-backend/internal/scrutiny/repository.go:32.18,34.3 1 0
registro-backend/internal/scrutiny/repository.go:35.2,45.16 4 0
registro-backend/internal/scrutiny/repository.go:45.16,47.3 1 0
registro-backend/internal/scrutiny/repository.go:50.2,51.16 2 0
registro-backend/internal/scrutiny/repository.go:51.16,53.3 1 0
registro-backend/internal/scrutiny/repository.go:55.2,55.31 1 0
registro-backend/internal/scrutiny/repository.go:55.31,59.17 3 0
registro-backend/internal/scrutiny/repository.go:59.17,61.4 1 0
registro-backend/internal/scrutiny/repository.go:64.2,64.20 1 0
registro-backend/internal/scrutiny/repository.go:67.127,75.16 4 0
registro-backend/internal/scrutiny/repository.go:75.16,76.27 1 0
registro-backend/internal/scrutiny/repository.go:76.27,78.4 1 0
registro-backend/internal/scrutiny/repository.go:79.3,79.18 1 0
registro-backend/internal/scrutiny/repository.go:83.2,84.16 2 0
registro-backend/internal/scrutiny/repository.go:84.16,86.3 1 0
registro-backend/internal/scrutiny/repository.go:87.2,89.19 2 0
registro-backend/internal/scrutiny/repository.go:89.19,91.107 2 0
registro-backend/internal/scrutiny/repository.go:91.107,93.4 1 0
registro-backend/internal/scrutiny/repository.go:94.3,94.37 1 0
registro-backend/internal/scrutiny/repository.go:97.2,97.17 1 0
registro-backend/internal/scrutiny/repository.go:100.126,105.16 3 0
registro-backend/internal/scrutiny/repository.go:105.16,107.3 1 0
registro-backend/internal/scrutiny/repository.go:108.2,111.18 3 0
registro-backend/internal/scrutiny/repository.go:111.18,113.192 2 0
registro-backend/internal/scrutiny/repository.go:113.192,115.4 1 0
registro-backend/internal/scrutiny/repository.go:116.3,116.25 1 0
registro-backend/internal/scrutiny/repository.go:118.2,118.17 1 0
registro-backend/internal/scrutiny/service.go:21.135,29.2 1 0
registro-backend/internal/scrutiny/service.go:31.105,34.16 2 0
registro-backend/internal/scrutiny/service.go:34.16,36.3 1 0
registro-backend/internal/scrutiny/service.go:39.2,40.16 2 0
registro-backend/internal/scrutiny/service.go:40.16,42.3 1 0
registro-backend/internal/scrutiny/service.go:43.2,47.16 3 0
registro-backend/internal/scrutiny/service.go:47.16,49.3 1 0
registro-backend/internal/scrutiny/service.go:50.2,51.28 2 0
registro-backend/internal/scrutiny/service.go:51.28,53.3 1 0
registro-backend/internal/scrutiny/service.go:55.2,60.31 2 0
registro-backend/internal/scrutiny/service.go:60.31,62.3 1 0
registro-backend/internal/scrutiny/service.go:64.2,64.34 1 0
registro-backend/internal/scrutiny/service.go:64.34,72.32 2 0
registro-backend/internal/scrutiny/service.go:72.32,74.18 2 0
registro-backend/internal/scrutiny/service.go:74.18,75.13 1 0
registro-backend/internal/scrutiny/service.go:78.4,80.33 3 0
registro-backend/internal/scrutiny/service.go:80.33,81.76 1 0
registro-backend/internal/scrutiny/service.go:81.76,84.6 2 0
registro-backend/internal/scrutiny/service.go:87.4,88.17 2 0
registro-backend/internal/scrutiny/service.go:88.17,90.5 1 0
registro-backend/internal/scrutiny/service.go:92.4,96.5 1 0
registro-backend/internal/scrutiny/service.go:99.3,99.37 1 0
registro-backend/internal/scrutiny/service.go:99.37,103.4 2 0
registro-backend/internal/scrutiny/service.go:106.3,107.33 2 0
registro-backend/internal/scrutiny/service.go:107.33,113.4 1 0
registro-backend/internal/scrutiny/service.go:115.3,115.49 1 0
registro-backend/internal/scrutiny/service.go:118.2,118.20 1 0
registro-backend/internal/scrutiny/service.go:121.106,132.31 2 0
registro-backend/internal/scrutiny/service.go:132.31,138.3 1 0
registro-backend/internal/scrutiny/service.go:140.2,140.36 1 0
registro-backend/internal/textbooks/handler.go:12.44,14.2 1 0
registro-backend/internal/textbooks/handler.go:16.55,18.2 2 0
registro-backend/internal/textbooks/handler.go:18.2,25.3 6 0
registro-backend/internal/textbooks/handler.go:28.42,30.47 2 0
registro-backend/internal/textbooks/handler.go:30.47,33.3 2 0
registro-backend/internal/textbooks/handler.go:34.2,35.85 2 0
registro-backend/internal/textbooks/handler.go:35.85,38.3 2 0
registro-backend/internal/textbooks/handler.go:39.2,39.30 1 0
registro-backend/internal/textbooks/handler.go:42.40,44.20 2 0
registro-backend/internal/textbooks/handler.go:44.20,46.3 1 0
registro-backend/internal/textbooks/handler.go:47.2,48.16 2 0
registro-backend/internal/textbooks/handler.go:48.16,51.3 2 0
registro-backend/internal/textbooks/handler.go:52.2,52.28 1 0
registro-backend/internal/textbooks/handler.go:55.42,56.85 1 0
registro-backend/internal/textbooks/handler.go:56.85,59.3 2 0
registro-backend/internal/textbooks/handler.go:60.2,60.32 1 0
registro-backend/internal/textbooks/handler.go:63.47,65.16 2 0
registro-backend/internal/textbooks/handler.go:65.16,68.3 2 0
registro-backend/internal/textbooks/handler.go:69.2,69.28 1 0
registro-backend/internal/textbooks/handler.go:72.49,74.47 2 0
registro-backend/internal/textbooks/handler.go:74.47,77.3 2 0
registro-backend/internal/textbooks/handler.go:78.2,78.94 1 0
registro-backend/internal/textbooks/handler.go:78.94,81.3 2 0
registro-backend/internal/textbooks/handler.go:82.2,82.30 1 0
registro-backend/internal/textbooks/handler.go:85.51,86.86 1 0
registro-backend/internal/textbooks/handler.go:86.86,89.3 2 0
registro-backend/internal/textbooks/handler.go:90.2,90.32 1 0
registro-backend/internal/textbooks/repository.go:23.43,25.2 1 0
registro-backend/internal/textbooks/repository.go:27.77,32.2 4 0
registro-backend/internal/textbooks/repository.go:34.93,37.16 3 0
registro-backend/internal/textbooks/repository.go:37.16,39.3 1 0
registro-backend/internal/textbooks/repository.go:40.2,43.18 3 0
registro-backend/internal/textbooks/repository.go:43.18,45.123 2 0
registro-backend/internal/textbooks/repository.go:45.123,47.4 1 0
registro-backend/internal/textbooks/repository.go:48.3,48.23 1 0
registro-backend/internal/textbooks/repository.go:50.2,50.17 1 0
registro-backend/internal/textbooks/repository.go:53.75,56.2 2 0
registro-backend/internal/textbooks/repository.go:58.139,63.2 4 0
registro-backend/internal/textbooks/repository.go:65.94,68.2 2 0
registro-backend/internal/textbooks/repository.go:70.104,79.16 3 0
registro-backend/internal/textbooks/repository.go:79.16,81.3 1 0
registro-backend/internal/textbooks/repository.go:82.2,85.18 3 0
registro-backend/internal/textbooks/repository.go:85.18,87.143 2 0
registro-backend/internal/textbooks/repository.go:87.143,89.4 1 0
registro-backend/internal/textbooks/repository.go:90.3,90.24 1 0
registro-backend/internal/textbooks/repository.go:92.2,92.17 1 0
registro-backend/internal/textbooks/service.go:11.43,13.2 1 0
registro-backend/internal/textbooks/service.go:15.105,25.2 2 0
registro-backend/internal/textbooks/service.go:27.91,29.2 1 0
registro-backend/internal/textbooks/service.go:31.72,33.2 1 0
registro-backend/internal/textbooks/service.go:35.103,37.2 1 0
registro-backend/internal/textbooks/service.go:39.83,41.2 1 0
registro-backend/internal/textbooks/service.go:43.93,45.2 1 0
